-- The C compiler identification is GNU 13.3.0
-- The CXX compiler identification is GNU 13.3.0
-- Detecting C compiler ABI info
-- Detecting C compiler ABI info - done
-- Check for working C compiler: /usr/bin/cc - skipped
-- Detecting C compile features
-- Detecting C compile features - done
-- Detecting CXX compiler ABI info
-- Detecting CXX compiler ABI info - done
-- Check for working CXX compiler: /usr/bin/c++ - skipped
-- Detecting CXX compile features
-- Detecting CXX compile features - done
[0mCurrent CPU architecture: x86_64[0m
[0mProcessor number: 16[0m
-- Found ament_cmake: 2.5.4 (/opt/ros/jazzy/share/ament_cmake/cmake)
-- Found Python3: /usr/bin/python3 (found version "3.12.3") found components: Interpreter 
-- Override CMake install command with custom implementation using symlinks instead of copying resources
-- Found rclcpp: 28.1.11 (/opt/ros/jazzy/share/rclcpp/cmake)
-- Found rosidl_generator_c: 4.6.6 (/opt/ros/jazzy/share/rosidl_generator_c/cmake)
-- Found rosidl_generator_cpp: 4.6.6 (/opt/ros/jazzy/share/rosidl_generator_cpp/cmake)
-- Using all available rosidl_typesupport_c: rosidl_typesupport_fastrtps_c;rosidl_typesupport_introspection_c
-- Using all available rosidl_typesupport_cpp: rosidl_typesupport_fastrtps_cpp;rosidl_typesupport_introspection_cpp
-- Found rmw_implementation_cmake: 7.3.2 (/opt/ros/jazzy/share/rmw_implementation_cmake/cmake)
-- Found rmw_fastrtps_cpp: 8.4.3 (/opt/ros/jazzy/share/rmw_fastrtps_cpp/cmake)
-- Found OpenSSL: /usr/lib/x86_64-linux-gnu/libcrypto.so (found version "3.0.13")  
-- Found FastRTPS: /opt/ros/jazzy/include (Required is at least version "2.13") 
-- Using RMW implementation 'rmw_fastrtps_cpp' as default
-- Found sensor_msgs: 5.3.6 (/opt/ros/jazzy/share/sensor_msgs/cmake)
-- Found nav_msgs: 5.3.6 (/opt/ros/jazzy/share/nav_msgs/cmake)
-- Found tf2: 0.36.14 (/opt/ros/jazzy/share/tf2/cmake)
-- Found tf2_ros: 0.36.14 (/opt/ros/jazzy/share/tf2_ros/cmake)
-- Found pcl_conversions: 2.6.2 (/opt/ros/jazzy/share/pcl_conversions/cmake)
[33mCMake Warning (dev) at /usr/lib/x86_64-linux-gnu/cmake/pcl/Modules/FindFLANN.cmake:45 (find_package):
  Policy CMP0144 is not set: find_package uses upper-case <PACKAGENAME>_ROOT
  variables.  Run "cmake --help-policy CMP0144" for policy details.  Use the
  cmake_policy command to set the policy and suppress this warning.

  CMake variable FLANN_ROOT is set to:

    /usr

  For compatibility, find_package is ignoring the variable, but code in a
  .cmake module might still use it.
Call Stack (most recent call first):
  /usr/lib/x86_64-linux-gnu/cmake/pcl/PCLConfig.cmake:261 (find_package)
  /usr/lib/x86_64-linux-gnu/cmake/pcl/PCLConfig.cmake:306 (find_flann)
  /usr/lib/x86_64-linux-gnu/cmake/pcl/PCLConfig.cmake:570 (find_external_library)
  /opt/ros/jazzy/share/pcl_conversions/cmake/ament_cmake_export_dependencies-extras.cmake:21 (find_package)
  /opt/ros/jazzy/share/pcl_conversions/cmake/pcl_conversionsConfig.cmake:41 (include)
  CMakeLists.txt:36 (find_package)
This warning is for project developers.  Use -Wno-dev to suppress it.
[0m
-- Found flann version 1.9.2
-- Found OpenMP_CXX: -fopenmp (found version "4.5") 
-- Found OpenMP: TRUE (found version "4.5") found components: CXX 
-- Checking for module 'libusb-1.0'
--   Found libusb-1.0, version 1.0.27
-- Found libusb: /usr/lib/x86_64-linux-gnu/libusb-1.0.so  
-- OpenNI found (version: 1.5.4.0, include: /usr/include/ni, lib: /usr/lib/libOpenNI.so;libusb::libusb)
-- OpenNI2 found (version: 2.2.0.33, include: /usr/include/openni2, lib: /usr/lib/x86_64-linux-gnu/libOpenNI2.so;libusb::libusb)
-- Could NOT find Pcap (missing: PCAP_LIBRARIES PCAP_INCLUDE_DIRS) 
-- Found ZLIB: /usr/lib/x86_64-linux-gnu/libz.so (found version "1.3")  
-- Found PNG: /usr/lib/x86_64-linux-gnu/libpng.so (found version "1.6.43") 
-- OpenNI found (version: 1.5.4.0, include: /usr/include/ni, lib: /usr/lib/libOpenNI.so;libusb::libusb)
-- OpenNI2 found (version: 2.2.0.33, include: /usr/include/openni2, lib: /usr/lib/x86_64-linux-gnu/libOpenNI2.so;libusb::libusb)
-- Found Qhull version 8.0.2
-- OpenNI found (version: 1.5.4.0, include: /usr/include/ni, lib: /usr/lib/libOpenNI.so;libusb::libusb)
-- Found PCL_COMMON: /usr/lib/x86_64-linux-gnu/libpcl_common.so  
-- Found PCL_KDTREE: /usr/lib/x86_64-linux-gnu/libpcl_kdtree.so  
-- Found PCL_OCTREE: /usr/lib/x86_64-linux-gnu/libpcl_octree.so  
-- Found PCL_SEARCH: /usr/lib/x86_64-linux-gnu/libpcl_search.so  
-- Found PCL_SAMPLE_CONSENSUS: /usr/lib/x86_64-linux-gnu/libpcl_sample_consensus.so  
-- Found PCL_FILTERS: /usr/lib/x86_64-linux-gnu/libpcl_filters.so  
-- Found PCL_2D: /usr/include/pcl-1.14  
-- Found PCL_GEOMETRY: /usr/include/pcl-1.14  
-- Found PCL_IO: /usr/lib/x86_64-linux-gnu/libpcl_io.so  
-- Found PCL_FEATURES: /usr/lib/x86_64-linux-gnu/libpcl_features.so  
-- Found PCL_ML: /usr/lib/x86_64-linux-gnu/libpcl_ml.so  
-- Found PCL_SEGMENTATION: /usr/lib/x86_64-linux-gnu/libpcl_segmentation.so  
-- Found PCL_VISUALIZATION: /usr/lib/x86_64-linux-gnu/libpcl_visualization.so  
-- Found PCL_SURFACE: /usr/lib/x86_64-linux-gnu/libpcl_surface.so  
-- Found PCL_REGISTRATION: /usr/lib/x86_64-linux-gnu/libpcl_registration.so  
-- Found PCL_KEYPOINTS: /usr/lib/x86_64-linux-gnu/libpcl_keypoints.so  
-- Found PCL_TRACKING: /usr/lib/x86_64-linux-gnu/libpcl_tracking.so  
-- Found PCL_RECOGNITION: /usr/lib/x86_64-linux-gnu/libpcl_recognition.so  
-- Found PCL_STEREO: /usr/lib/x86_64-linux-gnu/libpcl_stereo.so  
-- Found PCL_APPS: /usr/lib/x86_64-linux-gnu/libpcl_apps.so  
-- Found PCL_IN_HAND_SCANNER: /usr/include/pcl-1.14  
-- Found PCL_MODELER: /usr/include/pcl-1.14  
-- Found PCL_POINT_CLOUD_EDITOR: /usr/include/pcl-1.14  
-- Found PCL_OUTOFCORE: /usr/lib/x86_64-linux-gnu/libpcl_outofcore.so  
-- Found PCL_PEOPLE: /usr/lib/x86_64-linux-gnu/libpcl_people.so  
[33mCMake Warning (dev) at CMakeLists.txt:37 (find_package):
  Policy CMP0074 is not set: find_package uses <PackageName>_ROOT variables.
  Run "cmake --help-policy CMP0074" for policy details.  Use the cmake_policy
  command to set the policy and suppress this warning.

  CMake variable PCL_ROOT is set to:

    /usr

  For compatibility, CMake is ignoring the variable.
This warning is for project developers.  Use -Wno-dev to suppress it.
[0m
-- Found visualization_msgs: 5.3.6 (/opt/ros/jazzy/share/visualization_msgs/cmake)
-- Configuring done (3.6s)
-- Generating done (0.0s)
-- Build files have been written to: /home/daisuke/unitree_ros_ws/src/point_lio_unilidar/build/point_lio_unilidar
[ 66%] [32mBuilding CXX object CMakeFiles/pointlio_mapping.dir/src/preprocess.cpp.o[0m
[ 66%] [32mBuilding CXX object CMakeFiles/pointlio_mapping.dir/src/Estimator.cpp.o[0m
[ 66%] [32mBuilding CXX object CMakeFiles/pointlio_mapping.dir/src/laserMapping.cpp.o[0m
[ 66%] [32mBuilding CXX object CMakeFiles/pointlio_mapping.dir/src/parameters.cpp.o[0m
[ 83%] [32mBuilding CXX object CMakeFiles/pointlio_mapping.dir/include/ikd-Tree/ikd_Tree.cpp.o[0m
In file included from [01m[K/usr/include/boost/bind/detail/requires_cxx11.hpp:9[m[K,
                 from [01m[K/usr/include/boost/bind/bind.hpp:24[m[K,
                 from [01m[K/usr/include/boost/bind.hpp:29[m[K,
                 from [01m[K/home/daisuke/unitree_ros_ws/src/point_lio_unilidar/include/../include/IKFoM/IKFoM_toolkit/esekfom/esekfom.hpp:42[m[K,
                 from [01m[K/home/daisuke/unitree_ros_ws/src/point_lio_unilidar/src/Estimator.h:4[m[K,
                 from [01m[K/home/daisuke/unitree_ros_ws/src/point_lio_unilidar/src/Estimator.cpp:2[m[K:
[01m[K/usr/include/boost/bind.hpp:36:1:[m[K [01;36m[Knote: [m[K‘[01m[K#pragma message: The practice of declaring the Bind placeholders (_1, _2, ...) in the global namespace is deprecated. Please use <boost/bind/bind.hpp> + using namespace boost::placeholders, or define BOOST_BIND_GLOBAL_PLACEHOLDERS to retain the current behavior.[m[K’
   36 | [01;36m[KBOOST_PRAGMA_MESSAGE[m[K(
      | [01;36m[K^~~~~~~~~~~~~~~~~~~~[m[K
In file included from [01m[K/usr/include/boost/bind/detail/requires_cxx11.hpp:9[m[K,
                 from [01m[K/usr/include/boost/bind/bind.hpp:24[m[K,
                 from [01m[K/usr/include/boost/bind.hpp:29[m[K,
                 from [01m[K/home/daisuke/unitree_ros_ws/src/point_lio_unilidar/include/../include/IKFoM/IKFoM_toolkit/esekfom/esekfom.hpp:42[m[K,
                 from [01m[K/home/daisuke/unitree_ros_ws/src/point_lio_unilidar/src/Estimator.h:4[m[K,
                 from [01m[K/home/daisuke/unitree_ros_ws/src/point_lio_unilidar/src/laserMapping.cpp:35[m[K:
[01m[K/usr/include/boost/bind.hpp:36:1:[m[K [01;36m[Knote: [m[K‘[01m[K#pragma message: The practice of declaring the Bind placeholders (_1, _2, ...) in the global namespace is deprecated. Please use <boost/bind/bind.hpp> + using namespace boost::placeholders, or define BOOST_BIND_GLOBAL_PLACEHOLDERS to retain the current behavior.[m[K’
   36 | [01;36m[KBOOST_PRAGMA_MESSAGE[m[K(
      | [01;36m[K^~~~~~~~~~~~~~~~~~~~[m[K
[100%] [32m[1mLinking CXX executable pointlio_mapping[0m
[100%] Built target pointlio_mapping
-- Install configuration: "Release"
-- Execute custom install script
-- Symlinking: /home/daisuke/unitree_ros_ws/src/point_lio_unilidar/install/point_lio_unilidar/lib/point_lio_unilidar/pointlio_mapping
-- Symlinking: /home/daisuke/unitree_ros_ws/src/point_lio_unilidar/install/point_lio_unilidar/share/point_lio_unilidar/launch/gdb_debug_example.launch
-- Symlinking: /home/daisuke/unitree_ros_ws/src/point_lio_unilidar/install/point_lio_unilidar/share/point_lio_unilidar/launch/mapping_avia.launch
-- Symlinking: /home/daisuke/unitree_ros_ws/src/point_lio_unilidar/install/point_lio_unilidar/share/point_lio_unilidar/launch/mapping_horizon.launch
-- Symlinking: /home/daisuke/unitree_ros_ws/src/point_lio_unilidar/install/point_lio_unilidar/share/point_lio_unilidar/launch/mapping_ouster64.launch
-- Symlinking: /home/daisuke/unitree_ros_ws/src/point_lio_unilidar/install/point_lio_unilidar/share/point_lio_unilidar/launch/mapping_unilidar_l1.launch
-- Symlinking: /home/daisuke/unitree_ros_ws/src/point_lio_unilidar/install/point_lio_unilidar/share/point_lio_unilidar/launch/mapping_unilidar_l1.launch.py
-- Symlinking: /home/daisuke/unitree_ros_ws/src/point_lio_unilidar/install/point_lio_unilidar/share/point_lio_unilidar/launch/mapping_unilidar_l2.launch
-- Symlinking: /home/daisuke/unitree_ros_ws/src/point_lio_unilidar/install/point_lio_unilidar/share/point_lio_unilidar/launch/mapping_velody16.launch
-- Symlinking: /home/daisuke/unitree_ros_ws/src/point_lio_unilidar/install/point_lio_unilidar/share/point_lio_unilidar/config/avia.yaml
-- Symlinking: /home/daisuke/unitree_ros_ws/src/point_lio_unilidar/install/point_lio_unilidar/share/point_lio_unilidar/config/backup/horizon.yaml.orig
-- Symlinking: /home/daisuke/unitree_ros_ws/src/point_lio_unilidar/install/point_lio_unilidar/share/point_lio_unilidar/config/backup/ouster64.yaml.orig
-- Symlinking: /home/daisuke/unitree_ros_ws/src/point_lio_unilidar/install/point_lio_unilidar/share/point_lio_unilidar/config/backup/unilidar_l1.yaml.orig
-- Symlinking: /home/daisuke/unitree_ros_ws/src/point_lio_unilidar/install/point_lio_unilidar/share/point_lio_unilidar/config/backup/unilidar_l2.yaml.orig
-- Symlinking: /home/daisuke/unitree_ros_ws/src/point_lio_unilidar/install/point_lio_unilidar/share/point_lio_unilidar/config/backup/velody16.yaml.orig
-- Symlinking: /home/daisuke/unitree_ros_ws/src/point_lio_unilidar/install/point_lio_unilidar/share/point_lio_unilidar/config/horizon.yaml
-- Symlinking: /home/daisuke/unitree_ros_ws/src/point_lio_unilidar/install/point_lio_unilidar/share/point_lio_unilidar/config/ouster64.yaml
-- Symlinking: /home/daisuke/unitree_ros_ws/src/point_lio_unilidar/install/point_lio_unilidar/share/point_lio_unilidar/config/unilidar_l1.yaml
-- Symlinking: /home/daisuke/unitree_ros_ws/src/point_lio_unilidar/install/point_lio_unilidar/share/point_lio_unilidar/config/unilidar_l2.yaml
-- Symlinking: /home/daisuke/unitree_ros_ws/src/point_lio_unilidar/install/point_lio_unilidar/share/point_lio_unilidar/config/velody16.yaml
-- Symlinking: /home/daisuke/unitree_ros_ws/src/point_lio_unilidar/install/point_lio_unilidar/share/point_lio_unilidar/rviz_cfg/.gitignore
-- Symlinking: /home/daisuke/unitree_ros_ws/src/point_lio_unilidar/install/point_lio_unilidar/share/point_lio_unilidar/rviz_cfg/loam_livox.rviz
-- Symlinking: /home/daisuke/unitree_ros_ws/src/point_lio_unilidar/install/point_lio_unilidar/share/point_lio_unilidar/rviz_cfg/loam_unilidar_default.rviz
-- Symlinking: /home/daisuke/unitree_ros_ws/src/point_lio_unilidar/install/point_lio_unilidar/share/point_lio_unilidar/rviz_cfg/loam_unilidar_display.rviz
-- Symlinking: /home/daisuke/unitree_ros_ws/src/point_lio_unilidar/install/point_lio_unilidar/share/ament_index/resource_index/package_run_dependencies/point_lio_unilidar
-- Symlinking: /home/daisuke/unitree_ros_ws/src/point_lio_unilidar/install/point_lio_unilidar/share/ament_index/resource_index/parent_prefix_path/point_lio_unilidar
-- Symlinking: /home/daisuke/unitree_ros_ws/src/point_lio_unilidar/install/point_lio_unilidar/share/point_lio_unilidar/environment/ament_prefix_path.sh
-- Symlinking: /home/daisuke/unitree_ros_ws/src/point_lio_unilidar/install/point_lio_unilidar/share/point_lio_unilidar/environment/ament_prefix_path.dsv
-- Symlinking: /home/daisuke/unitree_ros_ws/src/point_lio_unilidar/install/point_lio_unilidar/share/point_lio_unilidar/environment/path.sh
-- Symlinking: /home/daisuke/unitree_ros_ws/src/point_lio_unilidar/install/point_lio_unilidar/share/point_lio_unilidar/environment/path.dsv
-- Symlinking: /home/daisuke/unitree_ros_ws/src/point_lio_unilidar/install/point_lio_unilidar/share/point_lio_unilidar/local_setup.bash
-- Symlinking: /home/daisuke/unitree_ros_ws/src/point_lio_unilidar/install/point_lio_unilidar/share/point_lio_unilidar/local_setup.sh
-- Symlinking: /home/daisuke/unitree_ros_ws/src/point_lio_unilidar/install/point_lio_unilidar/share/point_lio_unilidar/local_setup.zsh
-- Symlinking: /home/daisuke/unitree_ros_ws/src/point_lio_unilidar/install/point_lio_unilidar/share/point_lio_unilidar/local_setup.dsv
-- Symlinking: /home/daisuke/unitree_ros_ws/src/point_lio_unilidar/install/point_lio_unilidar/share/point_lio_unilidar/package.dsv
-- Symlinking: /home/daisuke/unitree_ros_ws/src/point_lio_unilidar/install/point_lio_unilidar/share/ament_index/resource_index/packages/point_lio_unilidar
-- Symlinking: /home/daisuke/unitree_ros_ws/src/point_lio_unilidar/install/point_lio_unilidar/share/point_lio_unilidar/cmake/point_lio_unilidarConfig.cmake
-- Symlinking: /home/daisuke/unitree_ros_ws/src/point_lio_unilidar/install/point_lio_unilidar/share/point_lio_unilidar/cmake/point_lio_unilidarConfig-version.cmake
-- Symlinking: /home/daisuke/unitree_ros_ws/src/point_lio_unilidar/install/point_lio_unilidar/share/point_lio_unilidar/package.xml
