[0.029s] Invoking command in '/home/daisuke/unitree_ros_ws/src/point_lio_unilidar/build/point_lio_unilidar': CMAKE_PREFIX_PATH=/home/daisuke/ros2_ws/install/zed_ros2:/home/daisuke/ros2_ws/install/zed_robot_integration:/home/daisuke/ros2_ws/install/zed_ipc:/home/daisuke/ros2_ws/install/zed_multi_camera:/home/daisuke/ros2_ws/install/zed_display_rviz2:/home/daisuke/ros2_ws/install/zed_depth_to_laserscan:/home/daisuke/ros2_ws/install/zed_wrapper:/home/daisuke/ros2_ws/install/zed_tutorial_video:/home/daisuke/ros2_ws/install/zed_tutorial_pos_tracking:/home/daisuke/ros2_ws/install/zed_tutorial_depth:/home/daisuke/ros2_ws/install/zed_topic_benchmark_interfaces:/home/daisuke/ros2_ws/install/zed_rgb_convert:/home/daisuke/ros2_ws/install/zed_aruco_localization:/home/daisuke/ros2_ws/install/zed_components:/home/daisuke/ros2_ws/install/rviz_plugin_zed_od:/home/daisuke/ros2_ws/install/kobuki_ros:/home/daisuke/ros2_ws/install/kobuki_safety_controller:/home/daisuke/ros2_ws/install/kobuki_random_walker:/home/daisuke/ros2_ws/install/kobuki_node:/home/daisuke/ros2_ws/install/kobuki_keyop:/home/daisuke/ros2_ws/install/kobuki_bumper2pc:/home/daisuke/ros2_ws/install/kobuki_auto_docking:/home/daisuke/ros2_ws/install/kobuki_ros_interfaces:/home/daisuke/ros2_ws/install/kobuki_description:/home/daisuke/ros2_ws/install/kobuki_core:/opt/ros/jazzy:/home/daisuke/ros2_ws/install/ekf:/home/daisuke/ros2_ws/install/ecl_core:/home/daisuke/ros2_ws/install/ecl_core_apps:/home/daisuke/ros2_ws/install/ecl_streams:/home/daisuke/ros2_ws/install/ecl_sigslots:/home/daisuke/ros2_ws/install/ecl_ipc:/home/daisuke/ros2_ws/install/ecl_devices:/home/daisuke/ros2_ws/install/ecl_threads:/home/daisuke/ros2_ws/install/ecl_mobile_robot:/home/daisuke/ros2_ws/install/ecl_manipulators:/home/daisuke/ros2_ws/install/ecl_geometry:/home/daisuke/ros2_ws/install/ecl_containers:/home/daisuke/ros2_ws/install/ecl_utilities:/home/daisuke/ros2_ws/install/ecl_statistics:/home/daisuke/ros2_ws/install/ecl_linear_algebra:/home/daisuke/ros2_ws/install/ecl_math:/home/daisuke/ros2_ws/install/ecl_formatters:/home/daisuke/ros2_ws/install/ecl_converters:/home/daisuke/ros2_ws/install/ecl_concepts:/home/daisuke/ros2_ws/install/ecl_type_traits:/home/daisuke/ros2_ws/install/ecl_time:/home/daisuke/ros2_ws/install/ecl_lite:/home/daisuke/ros2_ws/install/ecl_time_lite:/home/daisuke/ros2_ws/install/ecl_sigslots_lite:/home/daisuke/ros2_ws/install/ecl_mpl:/home/daisuke/ros2_ws/install/ecl_io:/home/daisuke/ros2_ws/install/ecl_filesystem:/home/daisuke/ros2_ws/install/ecl_exceptions:/home/daisuke/ros2_ws/install/ecl_errors:/home/daisuke/ros2_ws/install/ecl_eigen:/home/daisuke/ros2_ws/install/ecl_converters_lite:/home/daisuke/ros2_ws/install/ecl_console:/home/daisuke/ros2_ws/install/ecl_config:/home/daisuke/ros2_ws/install/ecl_command_line:/home/daisuke/ros2_ws/install/cmd_vel_mux:/opt/ros/jazzy/opt/gz_math_vendor:/opt/ros/jazzy/opt/gz_utils_vendor:/opt/ros/jazzy/opt/gz_cmake_vendor DEBUGINFOD_URLS=https://debuginfod.ubuntu.com /usr/bin/cmake /home/daisuke/unitree_ros_ws/src/point_lio_unilidar -DAMENT_CMAKE_SYMLINK_INSTALL=1 -DCMAKE_INSTALL_PREFIX=/home/daisuke/unitree_ros_ws/src/point_lio_unilidar/install/point_lio_unilidar
[0.074s] -- The C compiler identification is GNU 13.3.0
[0.112s] -- The CXX compiler identification is GNU 13.3.0
[0.125s] -- Detecting C compiler ABI info
[0.185s] -- Detecting C compiler ABI info - done
[0.191s] -- Check for working C compiler: /usr/bin/cc - skipped
[0.191s] -- Detecting C compile features
[0.192s] -- Detecting C compile features - done
[0.199s] -- Detecting CXX compiler ABI info
[0.267s] -- Detecting CXX compiler ABI info - done
[0.272s] -- Check for working CXX compiler: /usr/bin/c++ - skipped
[0.272s] -- Detecting CXX compile features
[0.272s] -- Detecting CXX compile features - done
[0.273s] [0mCurrent CPU architecture: x86_64[0m
[0.278s] [0mProcessor number: 16[0m
[0.280s] -- Found ament_cmake: 2.5.4 (/opt/ros/jazzy/share/ament_cmake/cmake)
[0.389s] -- Found Python3: /usr/bin/python3 (found version "3.12.3") found components: Interpreter 
[0.436s] -- Override CMake install command with custom implementation using symlinks instead of copying resources
[0.469s] -- Found rclcpp: 28.1.11 (/opt/ros/jazzy/share/rclcpp/cmake)
[0.503s] -- Found rosidl_generator_c: 4.6.6 (/opt/ros/jazzy/share/rosidl_generator_c/cmake)
[0.513s] -- Found rosidl_generator_cpp: 4.6.6 (/opt/ros/jazzy/share/rosidl_generator_cpp/cmake)
[0.527s] -- Using all available rosidl_typesupport_c: rosidl_typesupport_fastrtps_c;rosidl_typesupport_introspection_c
[0.542s] -- Using all available rosidl_typesupport_cpp: rosidl_typesupport_fastrtps_cpp;rosidl_typesupport_introspection_cpp
[0.605s] -- Found rmw_implementation_cmake: 7.3.2 (/opt/ros/jazzy/share/rmw_implementation_cmake/cmake)
[0.609s] -- Found rmw_fastrtps_cpp: 8.4.3 (/opt/ros/jazzy/share/rmw_fastrtps_cpp/cmake)
[0.683s] -- Found OpenSSL: /usr/lib/x86_64-linux-gnu/libcrypto.so (found version "3.0.13")  
[0.699s] -- Found FastRTPS: /opt/ros/jazzy/include (Required is at least version "2.13") 
[0.717s] -- Using RMW implementation 'rmw_fastrtps_cpp' as default
[0.771s] -- Found sensor_msgs: 5.3.6 (/opt/ros/jazzy/share/sensor_msgs/cmake)
[0.812s] -- Found nav_msgs: 5.3.6 (/opt/ros/jazzy/share/nav_msgs/cmake)
[0.831s] -- Found tf2: 0.36.14 (/opt/ros/jazzy/share/tf2/cmake)
[0.835s] -- Found tf2_ros: 0.36.14 (/opt/ros/jazzy/share/tf2_ros/cmake)
[0.927s] -- Found pcl_conversions: 2.6.2 (/opt/ros/jazzy/share/pcl_conversions/cmake)
[0.988s] [33mCMake Warning (dev) at /usr/lib/x86_64-linux-gnu/cmake/pcl/Modules/FindFLANN.cmake:45 (find_package):
[0.988s]   Policy CMP0144 is not set: find_package uses upper-case <PACKAGENAME>_ROOT
[0.988s]   variables.  Run "cmake --help-policy CMP0144" for policy details.  Use the
[0.988s]   cmake_policy command to set the policy and suppress this warning.
[0.988s] 
[0.988s]   CMake variable FLANN_ROOT is set to:
[0.988s] 
[0.988s]     /usr
[0.988s] 
[0.988s]   For compatibility, find_package is ignoring the variable, but code in a
[0.988s]   .cmake module might still use it.
[0.988s] Call Stack (most recent call first):
[0.989s]   /usr/lib/x86_64-linux-gnu/cmake/pcl/PCLConfig.cmake:261 (find_package)
[0.989s]   /usr/lib/x86_64-linux-gnu/cmake/pcl/PCLConfig.cmake:306 (find_flann)
[0.989s]   /usr/lib/x86_64-linux-gnu/cmake/pcl/PCLConfig.cmake:570 (find_external_library)
[0.989s]   /opt/ros/jazzy/share/pcl_conversions/cmake/ament_cmake_export_dependencies-extras.cmake:21 (find_package)
[0.989s]   /opt/ros/jazzy/share/pcl_conversions/cmake/pcl_conversionsConfig.cmake:41 (include)
[0.989s]   CMakeLists.txt:36 (find_package)
[0.989s] This warning is for project developers.  Use -Wno-dev to suppress it.
[0.989s] [0m
[0.989s] -- Found flann version 1.9.2
[1.200s] -- Found OpenMP_CXX: -fopenmp (found version "4.5") 
[1.200s] -- Found OpenMP: TRUE (found version "4.5") found components: CXX 
[2.172s] -- Checking for module 'libusb-1.0'
[2.184s] --   Found libusb-1.0, version 1.0.27
[2.213s] -- Found libusb: /usr/lib/x86_64-linux-gnu/libusb-1.0.so  
[2.214s] -- OpenNI found (version: 1.5.4.0, include: /usr/include/ni, lib: /usr/lib/libOpenNI.so;libusb::libusb)
[2.257s] -- OpenNI2 found (version: 2.2.0.33, include: /usr/include/openni2, lib: /usr/lib/x86_64-linux-gnu/libOpenNI2.so;libusb::libusb)
[2.263s] -- Could NOT find Pcap (missing: PCAP_LIBRARIES PCAP_INCLUDE_DIRS) 
[2.272s] -- Found ZLIB: /usr/lib/x86_64-linux-gnu/libz.so (found version "1.3")  
[2.284s] -- Found PNG: /usr/lib/x86_64-linux-gnu/libpng.so (found version "1.6.43") 
[2.578s] -- OpenNI found (version: 1.5.4.0, include: /usr/include/ni, lib: /usr/lib/libOpenNI.so;libusb::libusb)
[2.583s] -- OpenNI2 found (version: 2.2.0.33, include: /usr/include/openni2, lib: /usr/lib/x86_64-linux-gnu/libOpenNI2.so;libusb::libusb)
[2.878s] -- Found Qhull version 8.0.2
[3.181s] -- OpenNI found (version: 1.5.4.0, include: /usr/include/ni, lib: /usr/lib/libOpenNI.so;libusb::libusb)
[3.468s] -- Found PCL_COMMON: /usr/lib/x86_64-linux-gnu/libpcl_common.so  
[3.469s] -- Found PCL_KDTREE: /usr/lib/x86_64-linux-gnu/libpcl_kdtree.so  
[3.469s] -- Found PCL_OCTREE: /usr/lib/x86_64-linux-gnu/libpcl_octree.so  
[3.470s] -- Found PCL_SEARCH: /usr/lib/x86_64-linux-gnu/libpcl_search.so  
[3.471s] -- Found PCL_SAMPLE_CONSENSUS: /usr/lib/x86_64-linux-gnu/libpcl_sample_consensus.so  
[3.471s] -- Found PCL_FILTERS: /usr/lib/x86_64-linux-gnu/libpcl_filters.so  
[3.471s] -- Found PCL_2D: /usr/include/pcl-1.14  
[3.472s] -- Found PCL_GEOMETRY: /usr/include/pcl-1.14  
[3.472s] -- Found PCL_IO: /usr/lib/x86_64-linux-gnu/libpcl_io.so  
[3.473s] -- Found PCL_FEATURES: /usr/lib/x86_64-linux-gnu/libpcl_features.so  
[3.474s] -- Found PCL_ML: /usr/lib/x86_64-linux-gnu/libpcl_ml.so  
[3.474s] -- Found PCL_SEGMENTATION: /usr/lib/x86_64-linux-gnu/libpcl_segmentation.so  
[3.475s] -- Found PCL_VISUALIZATION: /usr/lib/x86_64-linux-gnu/libpcl_visualization.so  
[3.476s] -- Found PCL_SURFACE: /usr/lib/x86_64-linux-gnu/libpcl_surface.so  
[3.476s] -- Found PCL_REGISTRATION: /usr/lib/x86_64-linux-gnu/libpcl_registration.so  
[3.477s] -- Found PCL_KEYPOINTS: /usr/lib/x86_64-linux-gnu/libpcl_keypoints.so  
[3.478s] -- Found PCL_TRACKING: /usr/lib/x86_64-linux-gnu/libpcl_tracking.so  
[3.479s] -- Found PCL_RECOGNITION: /usr/lib/x86_64-linux-gnu/libpcl_recognition.so  
[3.479s] -- Found PCL_STEREO: /usr/lib/x86_64-linux-gnu/libpcl_stereo.so  
[3.480s] -- Found PCL_APPS: /usr/lib/x86_64-linux-gnu/libpcl_apps.so  
[3.481s] -- Found PCL_IN_HAND_SCANNER: /usr/include/pcl-1.14  
[3.481s] -- Found PCL_MODELER: /usr/include/pcl-1.14  
[3.481s] -- Found PCL_POINT_CLOUD_EDITOR: /usr/include/pcl-1.14  
[3.482s] -- Found PCL_OUTOFCORE: /usr/lib/x86_64-linux-gnu/libpcl_outofcore.so  
[3.483s] -- Found PCL_PEOPLE: /usr/lib/x86_64-linux-gnu/libpcl_people.so  
[3.484s] [33mCMake Warning (dev) at CMakeLists.txt:37 (find_package):
[3.484s]   Policy CMP0074 is not set: find_package uses <PackageName>_ROOT variables.
[3.484s]   Run "cmake --help-policy CMP0074" for policy details.  Use the cmake_policy
[3.484s]   command to set the policy and suppress this warning.
[3.484s] 
[3.484s]   CMake variable PCL_ROOT is set to:
[3.484s] 
[3.485s]     /usr
[3.485s] 
[3.485s]   For compatibility, CMake is ignoring the variable.
[3.485s] This warning is for project developers.  Use -Wno-dev to suppress it.
[3.485s] [0m
[3.493s] -- Found visualization_msgs: 5.3.6 (/opt/ros/jazzy/share/visualization_msgs/cmake)
[3.602s] -- Configuring done (3.6s)
[3.626s] -- Generating done (0.0s)
[3.629s] -- Build files have been written to: /home/daisuke/unitree_ros_ws/src/point_lio_unilidar/build/point_lio_unilidar
[3.640s] Invoked command in '/home/daisuke/unitree_ros_ws/src/point_lio_unilidar/build/point_lio_unilidar' returned '0': CMAKE_PREFIX_PATH=/home/daisuke/ros2_ws/install/zed_ros2:/home/daisuke/ros2_ws/install/zed_robot_integration:/home/daisuke/ros2_ws/install/zed_ipc:/home/daisuke/ros2_ws/install/zed_multi_camera:/home/daisuke/ros2_ws/install/zed_display_rviz2:/home/daisuke/ros2_ws/install/zed_depth_to_laserscan:/home/daisuke/ros2_ws/install/zed_wrapper:/home/daisuke/ros2_ws/install/zed_tutorial_video:/home/daisuke/ros2_ws/install/zed_tutorial_pos_tracking:/home/daisuke/ros2_ws/install/zed_tutorial_depth:/home/daisuke/ros2_ws/install/zed_topic_benchmark_interfaces:/home/daisuke/ros2_ws/install/zed_rgb_convert:/home/daisuke/ros2_ws/install/zed_aruco_localization:/home/daisuke/ros2_ws/install/zed_components:/home/daisuke/ros2_ws/install/rviz_plugin_zed_od:/home/daisuke/ros2_ws/install/kobuki_ros:/home/daisuke/ros2_ws/install/kobuki_safety_controller:/home/daisuke/ros2_ws/install/kobuki_random_walker:/home/daisuke/ros2_ws/install/kobuki_node:/home/daisuke/ros2_ws/install/kobuki_keyop:/home/daisuke/ros2_ws/install/kobuki_bumper2pc:/home/daisuke/ros2_ws/install/kobuki_auto_docking:/home/daisuke/ros2_ws/install/kobuki_ros_interfaces:/home/daisuke/ros2_ws/install/kobuki_description:/home/daisuke/ros2_ws/install/kobuki_core:/opt/ros/jazzy:/home/daisuke/ros2_ws/install/ekf:/home/daisuke/ros2_ws/install/ecl_core:/home/daisuke/ros2_ws/install/ecl_core_apps:/home/daisuke/ros2_ws/install/ecl_streams:/home/daisuke/ros2_ws/install/ecl_sigslots:/home/daisuke/ros2_ws/install/ecl_ipc:/home/daisuke/ros2_ws/install/ecl_devices:/home/daisuke/ros2_ws/install/ecl_threads:/home/daisuke/ros2_ws/install/ecl_mobile_robot:/home/daisuke/ros2_ws/install/ecl_manipulators:/home/daisuke/ros2_ws/install/ecl_geometry:/home/daisuke/ros2_ws/install/ecl_containers:/home/daisuke/ros2_ws/install/ecl_utilities:/home/daisuke/ros2_ws/install/ecl_statistics:/home/daisuke/ros2_ws/install/ecl_linear_algebra:/home/daisuke/ros2_ws/install/ecl_math:/home/daisuke/ros2_ws/install/ecl_formatters:/home/daisuke/ros2_ws/install/ecl_converters:/home/daisuke/ros2_ws/install/ecl_concepts:/home/daisuke/ros2_ws/install/ecl_type_traits:/home/daisuke/ros2_ws/install/ecl_time:/home/daisuke/ros2_ws/install/ecl_lite:/home/daisuke/ros2_ws/install/ecl_time_lite:/home/daisuke/ros2_ws/install/ecl_sigslots_lite:/home/daisuke/ros2_ws/install/ecl_mpl:/home/daisuke/ros2_ws/install/ecl_io:/home/daisuke/ros2_ws/install/ecl_filesystem:/home/daisuke/ros2_ws/install/ecl_exceptions:/home/daisuke/ros2_ws/install/ecl_errors:/home/daisuke/ros2_ws/install/ecl_eigen:/home/daisuke/ros2_ws/install/ecl_converters_lite:/home/daisuke/ros2_ws/install/ecl_console:/home/daisuke/ros2_ws/install/ecl_config:/home/daisuke/ros2_ws/install/ecl_command_line:/home/daisuke/ros2_ws/install/cmd_vel_mux:/opt/ros/jazzy/opt/gz_math_vendor:/opt/ros/jazzy/opt/gz_utils_vendor:/opt/ros/jazzy/opt/gz_cmake_vendor DEBUGINFOD_URLS=https://debuginfod.ubuntu.com /usr/bin/cmake /home/daisuke/unitree_ros_ws/src/point_lio_unilidar -DAMENT_CMAKE_SYMLINK_INSTALL=1 -DCMAKE_INSTALL_PREFIX=/home/daisuke/unitree_ros_ws/src/point_lio_unilidar/install/point_lio_unilidar
[3.641s] Invoking command in '/home/daisuke/unitree_ros_ws/src/point_lio_unilidar/build/point_lio_unilidar': CMAKE_PREFIX_PATH=/home/daisuke/ros2_ws/install/zed_ros2:/home/daisuke/ros2_ws/install/zed_robot_integration:/home/daisuke/ros2_ws/install/zed_ipc:/home/daisuke/ros2_ws/install/zed_multi_camera:/home/daisuke/ros2_ws/install/zed_display_rviz2:/home/daisuke/ros2_ws/install/zed_depth_to_laserscan:/home/daisuke/ros2_ws/install/zed_wrapper:/home/daisuke/ros2_ws/install/zed_tutorial_video:/home/daisuke/ros2_ws/install/zed_tutorial_pos_tracking:/home/daisuke/ros2_ws/install/zed_tutorial_depth:/home/daisuke/ros2_ws/install/zed_topic_benchmark_interfaces:/home/daisuke/ros2_ws/install/zed_rgb_convert:/home/daisuke/ros2_ws/install/zed_aruco_localization:/home/daisuke/ros2_ws/install/zed_components:/home/daisuke/ros2_ws/install/rviz_plugin_zed_od:/home/daisuke/ros2_ws/install/kobuki_ros:/home/daisuke/ros2_ws/install/kobuki_safety_controller:/home/daisuke/ros2_ws/install/kobuki_random_walker:/home/daisuke/ros2_ws/install/kobuki_node:/home/daisuke/ros2_ws/install/kobuki_keyop:/home/daisuke/ros2_ws/install/kobuki_bumper2pc:/home/daisuke/ros2_ws/install/kobuki_auto_docking:/home/daisuke/ros2_ws/install/kobuki_ros_interfaces:/home/daisuke/ros2_ws/install/kobuki_description:/home/daisuke/ros2_ws/install/kobuki_core:/opt/ros/jazzy:/home/daisuke/ros2_ws/install/ekf:/home/daisuke/ros2_ws/install/ecl_core:/home/daisuke/ros2_ws/install/ecl_core_apps:/home/daisuke/ros2_ws/install/ecl_streams:/home/daisuke/ros2_ws/install/ecl_sigslots:/home/daisuke/ros2_ws/install/ecl_ipc:/home/daisuke/ros2_ws/install/ecl_devices:/home/daisuke/ros2_ws/install/ecl_threads:/home/daisuke/ros2_ws/install/ecl_mobile_robot:/home/daisuke/ros2_ws/install/ecl_manipulators:/home/daisuke/ros2_ws/install/ecl_geometry:/home/daisuke/ros2_ws/install/ecl_containers:/home/daisuke/ros2_ws/install/ecl_utilities:/home/daisuke/ros2_ws/install/ecl_statistics:/home/daisuke/ros2_ws/install/ecl_linear_algebra:/home/daisuke/ros2_ws/install/ecl_math:/home/daisuke/ros2_ws/install/ecl_formatters:/home/daisuke/ros2_ws/install/ecl_converters:/home/daisuke/ros2_ws/install/ecl_concepts:/home/daisuke/ros2_ws/install/ecl_type_traits:/home/daisuke/ros2_ws/install/ecl_time:/home/daisuke/ros2_ws/install/ecl_lite:/home/daisuke/ros2_ws/install/ecl_time_lite:/home/daisuke/ros2_ws/install/ecl_sigslots_lite:/home/daisuke/ros2_ws/install/ecl_mpl:/home/daisuke/ros2_ws/install/ecl_io:/home/daisuke/ros2_ws/install/ecl_filesystem:/home/daisuke/ros2_ws/install/ecl_exceptions:/home/daisuke/ros2_ws/install/ecl_errors:/home/daisuke/ros2_ws/install/ecl_eigen:/home/daisuke/ros2_ws/install/ecl_converters_lite:/home/daisuke/ros2_ws/install/ecl_console:/home/daisuke/ros2_ws/install/ecl_config:/home/daisuke/ros2_ws/install/ecl_command_line:/home/daisuke/ros2_ws/install/cmd_vel_mux:/opt/ros/jazzy/opt/gz_math_vendor:/opt/ros/jazzy/opt/gz_utils_vendor:/opt/ros/jazzy/opt/gz_cmake_vendor DEBUGINFOD_URLS=https://debuginfod.ubuntu.com /usr/bin/cmake --build /home/daisuke/unitree_ros_ws/src/point_lio_unilidar/build/point_lio_unilidar -- -j16 -l16
[3.683s] [ 66%] [32mBuilding CXX object CMakeFiles/pointlio_mapping.dir/src/preprocess.cpp.o[0m
[3.683s] [ 66%] [32mBuilding CXX object CMakeFiles/pointlio_mapping.dir/src/Estimator.cpp.o[0m
[3.683s] [ 66%] [32mBuilding CXX object CMakeFiles/pointlio_mapping.dir/src/laserMapping.cpp.o[0m
[3.683s] [ 66%] [32mBuilding CXX object CMakeFiles/pointlio_mapping.dir/src/parameters.cpp.o[0m
[3.685s] [ 83%] [32mBuilding CXX object CMakeFiles/pointlio_mapping.dir/include/ikd-Tree/ikd_Tree.cpp.o[0m
[4.832s] In file included from [01m[K/usr/include/boost/bind/detail/requires_cxx11.hpp:9[m[K,
[4.833s]                  from [01m[K/usr/include/boost/bind/bind.hpp:24[m[K,
[4.833s]                  from [01m[K/usr/include/boost/bind.hpp:29[m[K,
[4.833s]                  from [01m[K/home/daisuke/unitree_ros_ws/src/point_lio_unilidar/include/../include/IKFoM/IKFoM_toolkit/esekfom/esekfom.hpp:42[m[K,
[4.833s]                  from [01m[K/home/daisuke/unitree_ros_ws/src/point_lio_unilidar/src/Estimator.h:4[m[K,
[4.833s]                  from [01m[K/home/daisuke/unitree_ros_ws/src/point_lio_unilidar/src/Estimator.cpp:2[m[K:
[4.833s] [01m[K/usr/include/boost/bind.hpp:36:1:[m[K [01;36m[Knote: [m[K‘[01m[K#pragma message: The practice of declaring the Bind placeholders (_1, _2, ...) in the global namespace is deprecated. Please use <boost/bind/bind.hpp> + using namespace boost::placeholders, or define BOOST_BIND_GLOBAL_PLACEHOLDERS to retain the current behavior.[m[K’
[4.833s]    36 | [01;36m[KBOOST_PRAGMA_MESSAGE[m[K(
[4.833s]       | [01;36m[K^~~~~~~~~~~~~~~~~~~~[m[K
[7.234s] In file included from [01m[K/usr/include/boost/bind/detail/requires_cxx11.hpp:9[m[K,
[7.235s]                  from [01m[K/usr/include/boost/bind/bind.hpp:24[m[K,
[7.235s]                  from [01m[K/usr/include/boost/bind.hpp:29[m[K,
[7.235s]                  from [01m[K/home/daisuke/unitree_ros_ws/src/point_lio_unilidar/include/../include/IKFoM/IKFoM_toolkit/esekfom/esekfom.hpp:42[m[K,
[7.235s]                  from [01m[K/home/daisuke/unitree_ros_ws/src/point_lio_unilidar/src/Estimator.h:4[m[K,
[7.235s]                  from [01m[K/home/daisuke/unitree_ros_ws/src/point_lio_unilidar/src/laserMapping.cpp:35[m[K:
[7.235s] [01m[K/usr/include/boost/bind.hpp:36:1:[m[K [01;36m[Knote: [m[K‘[01m[K#pragma message: The practice of declaring the Bind placeholders (_1, _2, ...) in the global namespace is deprecated. Please use <boost/bind/bind.hpp> + using namespace boost::placeholders, or define BOOST_BIND_GLOBAL_PLACEHOLDERS to retain the current behavior.[m[K’
[7.235s]    36 | [01;36m[KBOOST_PRAGMA_MESSAGE[m[K(
[7.235s]       | [01;36m[K^~~~~~~~~~~~~~~~~~~~[m[K
[28.155s] [100%] [32m[1mLinking CXX executable pointlio_mapping[0m
[28.828s] [100%] Built target pointlio_mapping
[28.836s] Invoked command in '/home/daisuke/unitree_ros_ws/src/point_lio_unilidar/build/point_lio_unilidar' returned '0': CMAKE_PREFIX_PATH=/home/daisuke/ros2_ws/install/zed_ros2:/home/daisuke/ros2_ws/install/zed_robot_integration:/home/daisuke/ros2_ws/install/zed_ipc:/home/daisuke/ros2_ws/install/zed_multi_camera:/home/daisuke/ros2_ws/install/zed_display_rviz2:/home/daisuke/ros2_ws/install/zed_depth_to_laserscan:/home/daisuke/ros2_ws/install/zed_wrapper:/home/daisuke/ros2_ws/install/zed_tutorial_video:/home/daisuke/ros2_ws/install/zed_tutorial_pos_tracking:/home/daisuke/ros2_ws/install/zed_tutorial_depth:/home/daisuke/ros2_ws/install/zed_topic_benchmark_interfaces:/home/daisuke/ros2_ws/install/zed_rgb_convert:/home/daisuke/ros2_ws/install/zed_aruco_localization:/home/daisuke/ros2_ws/install/zed_components:/home/daisuke/ros2_ws/install/rviz_plugin_zed_od:/home/daisuke/ros2_ws/install/kobuki_ros:/home/daisuke/ros2_ws/install/kobuki_safety_controller:/home/daisuke/ros2_ws/install/kobuki_random_walker:/home/daisuke/ros2_ws/install/kobuki_node:/home/daisuke/ros2_ws/install/kobuki_keyop:/home/daisuke/ros2_ws/install/kobuki_bumper2pc:/home/daisuke/ros2_ws/install/kobuki_auto_docking:/home/daisuke/ros2_ws/install/kobuki_ros_interfaces:/home/daisuke/ros2_ws/install/kobuki_description:/home/daisuke/ros2_ws/install/kobuki_core:/opt/ros/jazzy:/home/daisuke/ros2_ws/install/ekf:/home/daisuke/ros2_ws/install/ecl_core:/home/daisuke/ros2_ws/install/ecl_core_apps:/home/daisuke/ros2_ws/install/ecl_streams:/home/daisuke/ros2_ws/install/ecl_sigslots:/home/daisuke/ros2_ws/install/ecl_ipc:/home/daisuke/ros2_ws/install/ecl_devices:/home/daisuke/ros2_ws/install/ecl_threads:/home/daisuke/ros2_ws/install/ecl_mobile_robot:/home/daisuke/ros2_ws/install/ecl_manipulators:/home/daisuke/ros2_ws/install/ecl_geometry:/home/daisuke/ros2_ws/install/ecl_containers:/home/daisuke/ros2_ws/install/ecl_utilities:/home/daisuke/ros2_ws/install/ecl_statistics:/home/daisuke/ros2_ws/install/ecl_linear_algebra:/home/daisuke/ros2_ws/install/ecl_math:/home/daisuke/ros2_ws/install/ecl_formatters:/home/daisuke/ros2_ws/install/ecl_converters:/home/daisuke/ros2_ws/install/ecl_concepts:/home/daisuke/ros2_ws/install/ecl_type_traits:/home/daisuke/ros2_ws/install/ecl_time:/home/daisuke/ros2_ws/install/ecl_lite:/home/daisuke/ros2_ws/install/ecl_time_lite:/home/daisuke/ros2_ws/install/ecl_sigslots_lite:/home/daisuke/ros2_ws/install/ecl_mpl:/home/daisuke/ros2_ws/install/ecl_io:/home/daisuke/ros2_ws/install/ecl_filesystem:/home/daisuke/ros2_ws/install/ecl_exceptions:/home/daisuke/ros2_ws/install/ecl_errors:/home/daisuke/ros2_ws/install/ecl_eigen:/home/daisuke/ros2_ws/install/ecl_converters_lite:/home/daisuke/ros2_ws/install/ecl_console:/home/daisuke/ros2_ws/install/ecl_config:/home/daisuke/ros2_ws/install/ecl_command_line:/home/daisuke/ros2_ws/install/cmd_vel_mux:/opt/ros/jazzy/opt/gz_math_vendor:/opt/ros/jazzy/opt/gz_utils_vendor:/opt/ros/jazzy/opt/gz_cmake_vendor DEBUGINFOD_URLS=https://debuginfod.ubuntu.com /usr/bin/cmake --build /home/daisuke/unitree_ros_ws/src/point_lio_unilidar/build/point_lio_unilidar -- -j16 -l16
[28.843s] Invoking command in '/home/daisuke/unitree_ros_ws/src/point_lio_unilidar/build/point_lio_unilidar': CMAKE_PREFIX_PATH=/home/daisuke/ros2_ws/install/zed_ros2:/home/daisuke/ros2_ws/install/zed_robot_integration:/home/daisuke/ros2_ws/install/zed_ipc:/home/daisuke/ros2_ws/install/zed_multi_camera:/home/daisuke/ros2_ws/install/zed_display_rviz2:/home/daisuke/ros2_ws/install/zed_depth_to_laserscan:/home/daisuke/ros2_ws/install/zed_wrapper:/home/daisuke/ros2_ws/install/zed_tutorial_video:/home/daisuke/ros2_ws/install/zed_tutorial_pos_tracking:/home/daisuke/ros2_ws/install/zed_tutorial_depth:/home/daisuke/ros2_ws/install/zed_topic_benchmark_interfaces:/home/daisuke/ros2_ws/install/zed_rgb_convert:/home/daisuke/ros2_ws/install/zed_aruco_localization:/home/daisuke/ros2_ws/install/zed_components:/home/daisuke/ros2_ws/install/rviz_plugin_zed_od:/home/daisuke/ros2_ws/install/kobuki_ros:/home/daisuke/ros2_ws/install/kobuki_safety_controller:/home/daisuke/ros2_ws/install/kobuki_random_walker:/home/daisuke/ros2_ws/install/kobuki_node:/home/daisuke/ros2_ws/install/kobuki_keyop:/home/daisuke/ros2_ws/install/kobuki_bumper2pc:/home/daisuke/ros2_ws/install/kobuki_auto_docking:/home/daisuke/ros2_ws/install/kobuki_ros_interfaces:/home/daisuke/ros2_ws/install/kobuki_description:/home/daisuke/ros2_ws/install/kobuki_core:/opt/ros/jazzy:/home/daisuke/ros2_ws/install/ekf:/home/daisuke/ros2_ws/install/ecl_core:/home/daisuke/ros2_ws/install/ecl_core_apps:/home/daisuke/ros2_ws/install/ecl_streams:/home/daisuke/ros2_ws/install/ecl_sigslots:/home/daisuke/ros2_ws/install/ecl_ipc:/home/daisuke/ros2_ws/install/ecl_devices:/home/daisuke/ros2_ws/install/ecl_threads:/home/daisuke/ros2_ws/install/ecl_mobile_robot:/home/daisuke/ros2_ws/install/ecl_manipulators:/home/daisuke/ros2_ws/install/ecl_geometry:/home/daisuke/ros2_ws/install/ecl_containers:/home/daisuke/ros2_ws/install/ecl_utilities:/home/daisuke/ros2_ws/install/ecl_statistics:/home/daisuke/ros2_ws/install/ecl_linear_algebra:/home/daisuke/ros2_ws/install/ecl_math:/home/daisuke/ros2_ws/install/ecl_formatters:/home/daisuke/ros2_ws/install/ecl_converters:/home/daisuke/ros2_ws/install/ecl_concepts:/home/daisuke/ros2_ws/install/ecl_type_traits:/home/daisuke/ros2_ws/install/ecl_time:/home/daisuke/ros2_ws/install/ecl_lite:/home/daisuke/ros2_ws/install/ecl_time_lite:/home/daisuke/ros2_ws/install/ecl_sigslots_lite:/home/daisuke/ros2_ws/install/ecl_mpl:/home/daisuke/ros2_ws/install/ecl_io:/home/daisuke/ros2_ws/install/ecl_filesystem:/home/daisuke/ros2_ws/install/ecl_exceptions:/home/daisuke/ros2_ws/install/ecl_errors:/home/daisuke/ros2_ws/install/ecl_eigen:/home/daisuke/ros2_ws/install/ecl_converters_lite:/home/daisuke/ros2_ws/install/ecl_console:/home/daisuke/ros2_ws/install/ecl_config:/home/daisuke/ros2_ws/install/ecl_command_line:/home/daisuke/ros2_ws/install/cmd_vel_mux:/opt/ros/jazzy/opt/gz_math_vendor:/opt/ros/jazzy/opt/gz_utils_vendor:/opt/ros/jazzy/opt/gz_cmake_vendor DEBUGINFOD_URLS=https://debuginfod.ubuntu.com /usr/bin/cmake --install /home/daisuke/unitree_ros_ws/src/point_lio_unilidar/build/point_lio_unilidar
[28.849s] -- Install configuration: "Release"
[28.850s] -- Execute custom install script
[28.850s] -- Symlinking: /home/daisuke/unitree_ros_ws/src/point_lio_unilidar/install/point_lio_unilidar/lib/point_lio_unilidar/pointlio_mapping
[28.855s] -- Symlinking: /home/daisuke/unitree_ros_ws/src/point_lio_unilidar/install/point_lio_unilidar/share/point_lio_unilidar/launch/gdb_debug_example.launch
[28.862s] -- Symlinking: /home/daisuke/unitree_ros_ws/src/point_lio_unilidar/install/point_lio_unilidar/share/point_lio_unilidar/launch/mapping_avia.launch
[28.868s] -- Symlinking: /home/daisuke/unitree_ros_ws/src/point_lio_unilidar/install/point_lio_unilidar/share/point_lio_unilidar/launch/mapping_horizon.launch
[28.874s] -- Symlinking: /home/daisuke/unitree_ros_ws/src/point_lio_unilidar/install/point_lio_unilidar/share/point_lio_unilidar/launch/mapping_ouster64.launch
[28.880s] -- Symlinking: /home/daisuke/unitree_ros_ws/src/point_lio_unilidar/install/point_lio_unilidar/share/point_lio_unilidar/launch/mapping_unilidar_l1.launch
[28.885s] -- Symlinking: /home/daisuke/unitree_ros_ws/src/point_lio_unilidar/install/point_lio_unilidar/share/point_lio_unilidar/launch/mapping_unilidar_l1.launch.py
[28.893s] -- Symlinking: /home/daisuke/unitree_ros_ws/src/point_lio_unilidar/install/point_lio_unilidar/share/point_lio_unilidar/launch/mapping_unilidar_l2.launch
[28.901s] -- Symlinking: /home/daisuke/unitree_ros_ws/src/point_lio_unilidar/install/point_lio_unilidar/share/point_lio_unilidar/launch/mapping_velody16.launch
[28.910s] -- Symlinking: /home/daisuke/unitree_ros_ws/src/point_lio_unilidar/install/point_lio_unilidar/share/point_lio_unilidar/config/avia.yaml
[28.915s] -- Symlinking: /home/daisuke/unitree_ros_ws/src/point_lio_unilidar/install/point_lio_unilidar/share/point_lio_unilidar/config/backup/horizon.yaml.orig
[28.921s] -- Symlinking: /home/daisuke/unitree_ros_ws/src/point_lio_unilidar/install/point_lio_unilidar/share/point_lio_unilidar/config/backup/ouster64.yaml.orig
[28.927s] -- Symlinking: /home/daisuke/unitree_ros_ws/src/point_lio_unilidar/install/point_lio_unilidar/share/point_lio_unilidar/config/backup/unilidar_l1.yaml.orig
[28.933s] -- Symlinking: /home/daisuke/unitree_ros_ws/src/point_lio_unilidar/install/point_lio_unilidar/share/point_lio_unilidar/config/backup/unilidar_l2.yaml.orig
[28.941s] -- Symlinking: /home/daisuke/unitree_ros_ws/src/point_lio_unilidar/install/point_lio_unilidar/share/point_lio_unilidar/config/backup/velody16.yaml.orig
[28.947s] -- Symlinking: /home/daisuke/unitree_ros_ws/src/point_lio_unilidar/install/point_lio_unilidar/share/point_lio_unilidar/config/horizon.yaml
[28.952s] -- Symlinking: /home/daisuke/unitree_ros_ws/src/point_lio_unilidar/install/point_lio_unilidar/share/point_lio_unilidar/config/ouster64.yaml
[28.958s] -- Symlinking: /home/daisuke/unitree_ros_ws/src/point_lio_unilidar/install/point_lio_unilidar/share/point_lio_unilidar/config/unilidar_l1.yaml
[28.964s] -- Symlinking: /home/daisuke/unitree_ros_ws/src/point_lio_unilidar/install/point_lio_unilidar/share/point_lio_unilidar/config/unilidar_l2.yaml
[28.969s] -- Symlinking: /home/daisuke/unitree_ros_ws/src/point_lio_unilidar/install/point_lio_unilidar/share/point_lio_unilidar/config/velody16.yaml
[28.975s] -- Symlinking: /home/daisuke/unitree_ros_ws/src/point_lio_unilidar/install/point_lio_unilidar/share/point_lio_unilidar/rviz_cfg/.gitignore
[28.980s] -- Symlinking: /home/daisuke/unitree_ros_ws/src/point_lio_unilidar/install/point_lio_unilidar/share/point_lio_unilidar/rviz_cfg/loam_livox.rviz
[28.986s] -- Symlinking: /home/daisuke/unitree_ros_ws/src/point_lio_unilidar/install/point_lio_unilidar/share/point_lio_unilidar/rviz_cfg/loam_unilidar_default.rviz
[28.992s] -- Symlinking: /home/daisuke/unitree_ros_ws/src/point_lio_unilidar/install/point_lio_unilidar/share/point_lio_unilidar/rviz_cfg/loam_unilidar_display.rviz
[28.998s] -- Symlinking: /home/daisuke/unitree_ros_ws/src/point_lio_unilidar/install/point_lio_unilidar/share/ament_index/resource_index/package_run_dependencies/point_lio_unilidar
[29.006s] -- Symlinking: /home/daisuke/unitree_ros_ws/src/point_lio_unilidar/install/point_lio_unilidar/share/ament_index/resource_index/parent_prefix_path/point_lio_unilidar
[29.016s] -- Symlinking: /home/daisuke/unitree_ros_ws/src/point_lio_unilidar/install/point_lio_unilidar/share/point_lio_unilidar/environment/ament_prefix_path.sh
[29.024s] -- Symlinking: /home/daisuke/unitree_ros_ws/src/point_lio_unilidar/install/point_lio_unilidar/share/point_lio_unilidar/environment/ament_prefix_path.dsv
[29.029s] -- Symlinking: /home/daisuke/unitree_ros_ws/src/point_lio_unilidar/install/point_lio_unilidar/share/point_lio_unilidar/environment/path.sh
[29.035s] -- Symlinking: /home/daisuke/unitree_ros_ws/src/point_lio_unilidar/install/point_lio_unilidar/share/point_lio_unilidar/environment/path.dsv
[29.043s] -- Symlinking: /home/daisuke/unitree_ros_ws/src/point_lio_unilidar/install/point_lio_unilidar/share/point_lio_unilidar/local_setup.bash
[29.050s] -- Symlinking: /home/daisuke/unitree_ros_ws/src/point_lio_unilidar/install/point_lio_unilidar/share/point_lio_unilidar/local_setup.sh
[29.055s] -- Symlinking: /home/daisuke/unitree_ros_ws/src/point_lio_unilidar/install/point_lio_unilidar/share/point_lio_unilidar/local_setup.zsh
[29.061s] -- Symlinking: /home/daisuke/unitree_ros_ws/src/point_lio_unilidar/install/point_lio_unilidar/share/point_lio_unilidar/local_setup.dsv
[29.067s] -- Symlinking: /home/daisuke/unitree_ros_ws/src/point_lio_unilidar/install/point_lio_unilidar/share/point_lio_unilidar/package.dsv
[29.073s] -- Symlinking: /home/daisuke/unitree_ros_ws/src/point_lio_unilidar/install/point_lio_unilidar/share/ament_index/resource_index/packages/point_lio_unilidar
[29.078s] -- Symlinking: /home/daisuke/unitree_ros_ws/src/point_lio_unilidar/install/point_lio_unilidar/share/point_lio_unilidar/cmake/point_lio_unilidarConfig.cmake
[29.084s] -- Symlinking: /home/daisuke/unitree_ros_ws/src/point_lio_unilidar/install/point_lio_unilidar/share/point_lio_unilidar/cmake/point_lio_unilidarConfig-version.cmake
[29.090s] -- Symlinking: /home/daisuke/unitree_ros_ws/src/point_lio_unilidar/install/point_lio_unilidar/share/point_lio_unilidar/package.xml
[29.097s] Invoked command in '/home/daisuke/unitree_ros_ws/src/point_lio_unilidar/build/point_lio_unilidar' returned '0': CMAKE_PREFIX_PATH=/home/daisuke/ros2_ws/install/zed_ros2:/home/daisuke/ros2_ws/install/zed_robot_integration:/home/daisuke/ros2_ws/install/zed_ipc:/home/daisuke/ros2_ws/install/zed_multi_camera:/home/daisuke/ros2_ws/install/zed_display_rviz2:/home/daisuke/ros2_ws/install/zed_depth_to_laserscan:/home/daisuke/ros2_ws/install/zed_wrapper:/home/daisuke/ros2_ws/install/zed_tutorial_video:/home/daisuke/ros2_ws/install/zed_tutorial_pos_tracking:/home/daisuke/ros2_ws/install/zed_tutorial_depth:/home/daisuke/ros2_ws/install/zed_topic_benchmark_interfaces:/home/daisuke/ros2_ws/install/zed_rgb_convert:/home/daisuke/ros2_ws/install/zed_aruco_localization:/home/daisuke/ros2_ws/install/zed_components:/home/daisuke/ros2_ws/install/rviz_plugin_zed_od:/home/daisuke/ros2_ws/install/kobuki_ros:/home/daisuke/ros2_ws/install/kobuki_safety_controller:/home/daisuke/ros2_ws/install/kobuki_random_walker:/home/daisuke/ros2_ws/install/kobuki_node:/home/daisuke/ros2_ws/install/kobuki_keyop:/home/daisuke/ros2_ws/install/kobuki_bumper2pc:/home/daisuke/ros2_ws/install/kobuki_auto_docking:/home/daisuke/ros2_ws/install/kobuki_ros_interfaces:/home/daisuke/ros2_ws/install/kobuki_description:/home/daisuke/ros2_ws/install/kobuki_core:/opt/ros/jazzy:/home/daisuke/ros2_ws/install/ekf:/home/daisuke/ros2_ws/install/ecl_core:/home/daisuke/ros2_ws/install/ecl_core_apps:/home/daisuke/ros2_ws/install/ecl_streams:/home/daisuke/ros2_ws/install/ecl_sigslots:/home/daisuke/ros2_ws/install/ecl_ipc:/home/daisuke/ros2_ws/install/ecl_devices:/home/daisuke/ros2_ws/install/ecl_threads:/home/daisuke/ros2_ws/install/ecl_mobile_robot:/home/daisuke/ros2_ws/install/ecl_manipulators:/home/daisuke/ros2_ws/install/ecl_geometry:/home/daisuke/ros2_ws/install/ecl_containers:/home/daisuke/ros2_ws/install/ecl_utilities:/home/daisuke/ros2_ws/install/ecl_statistics:/home/daisuke/ros2_ws/install/ecl_linear_algebra:/home/daisuke/ros2_ws/install/ecl_math:/home/daisuke/ros2_ws/install/ecl_formatters:/home/daisuke/ros2_ws/install/ecl_converters:/home/daisuke/ros2_ws/install/ecl_concepts:/home/daisuke/ros2_ws/install/ecl_type_traits:/home/daisuke/ros2_ws/install/ecl_time:/home/daisuke/ros2_ws/install/ecl_lite:/home/daisuke/ros2_ws/install/ecl_time_lite:/home/daisuke/ros2_ws/install/ecl_sigslots_lite:/home/daisuke/ros2_ws/install/ecl_mpl:/home/daisuke/ros2_ws/install/ecl_io:/home/daisuke/ros2_ws/install/ecl_filesystem:/home/daisuke/ros2_ws/install/ecl_exceptions:/home/daisuke/ros2_ws/install/ecl_errors:/home/daisuke/ros2_ws/install/ecl_eigen:/home/daisuke/ros2_ws/install/ecl_converters_lite:/home/daisuke/ros2_ws/install/ecl_console:/home/daisuke/ros2_ws/install/ecl_config:/home/daisuke/ros2_ws/install/ecl_command_line:/home/daisuke/ros2_ws/install/cmd_vel_mux:/opt/ros/jazzy/opt/gz_math_vendor:/opt/ros/jazzy/opt/gz_utils_vendor:/opt/ros/jazzy/opt/gz_cmake_vendor DEBUGINFOD_URLS=https://debuginfod.ubuntu.com /usr/bin/cmake --install /home/daisuke/unitree_ros_ws/src/point_lio_unilidar/build/point_lio_unilidar
