[0.034s] Invoking command in '/home/daisuke/unitree_ros_ws/src/point_lio_unilidar_ros2/build/point_lio_unilidar': CMAKE_PREFIX_PATH=/home/daisuke/ros2_ws/install/zed_ros2:/home/daisuke/ros2_ws/install/zed_robot_integration:/home/daisuke/ros2_ws/install/zed_ipc:/home/daisuke/ros2_ws/install/zed_multi_camera:/home/daisuke/ros2_ws/install/zed_display_rviz2:/home/daisuke/ros2_ws/install/zed_depth_to_laserscan:/home/daisuke/ros2_ws/install/zed_wrapper:/home/daisuke/ros2_ws/install/zed_tutorial_video:/home/daisuke/ros2_ws/install/zed_tutorial_pos_tracking:/home/daisuke/ros2_ws/install/zed_tutorial_depth:/home/daisuke/ros2_ws/install/zed_topic_benchmark_interfaces:/home/daisuke/ros2_ws/install/zed_rgb_convert:/home/daisuke/ros2_ws/install/zed_aruco_localization:/home/daisuke/ros2_ws/install/zed_components:/home/daisuke/ros2_ws/install/rviz_plugin_zed_od:/home/daisuke/ros2_ws/install/kobuki_ros:/home/daisuke/ros2_ws/install/kobuki_safety_controller:/home/daisuke/ros2_ws/install/kobuki_random_walker:/home/daisuke/ros2_ws/install/kobuki_node:/home/daisuke/ros2_ws/install/kobuki_keyop:/home/daisuke/ros2_ws/install/kobuki_bumper2pc:/home/daisuke/ros2_ws/install/kobuki_auto_docking:/home/daisuke/ros2_ws/install/kobuki_ros_interfaces:/home/daisuke/ros2_ws/install/kobuki_description:/home/daisuke/ros2_ws/install/kobuki_core:/opt/ros/jazzy:/home/daisuke/ros2_ws/install/ekf:/home/daisuke/ros2_ws/install/ecl_core:/home/daisuke/ros2_ws/install/ecl_core_apps:/home/daisuke/ros2_ws/install/ecl_streams:/home/daisuke/ros2_ws/install/ecl_sigslots:/home/daisuke/ros2_ws/install/ecl_ipc:/home/daisuke/ros2_ws/install/ecl_devices:/home/daisuke/ros2_ws/install/ecl_threads:/home/daisuke/ros2_ws/install/ecl_mobile_robot:/home/daisuke/ros2_ws/install/ecl_manipulators:/home/daisuke/ros2_ws/install/ecl_geometry:/home/daisuke/ros2_ws/install/ecl_containers:/home/daisuke/ros2_ws/install/ecl_utilities:/home/daisuke/ros2_ws/install/ecl_statistics:/home/daisuke/ros2_ws/install/ecl_linear_algebra:/home/daisuke/ros2_ws/install/ecl_math:/home/daisuke/ros2_ws/install/ecl_formatters:/home/daisuke/ros2_ws/install/ecl_converters:/home/daisuke/ros2_ws/install/ecl_concepts:/home/daisuke/ros2_ws/install/ecl_type_traits:/home/daisuke/ros2_ws/install/ecl_time:/home/daisuke/ros2_ws/install/ecl_lite:/home/daisuke/ros2_ws/install/ecl_time_lite:/home/daisuke/ros2_ws/install/ecl_sigslots_lite:/home/daisuke/ros2_ws/install/ecl_mpl:/home/daisuke/ros2_ws/install/ecl_io:/home/daisuke/ros2_ws/install/ecl_filesystem:/home/daisuke/ros2_ws/install/ecl_exceptions:/home/daisuke/ros2_ws/install/ecl_errors:/home/daisuke/ros2_ws/install/ecl_eigen:/home/daisuke/ros2_ws/install/ecl_converters_lite:/home/daisuke/ros2_ws/install/ecl_console:/home/daisuke/ros2_ws/install/ecl_config:/home/daisuke/ros2_ws/install/ecl_command_line:/home/daisuke/ros2_ws/install/cmd_vel_mux:/opt/ros/jazzy/opt/gz_math_vendor:/opt/ros/jazzy/opt/gz_utils_vendor:/opt/ros/jazzy/opt/gz_cmake_vendor DEBUGINFOD_URLS=https://debuginfod.ubuntu.com /usr/bin/cmake /home/daisuke/unitree_ros_ws/src/point_lio_unilidar_ros2 -DCMAKE_INSTALL_PREFIX=/home/daisuke/unitree_ros_ws/src/point_lio_unilidar_ros2/install/point_lio_unilidar
[0.126s] -- The C compiler identification is GNU 13.3.0
[0.172s] -- The CXX compiler identification is GNU 13.3.0
[0.190s] -- Detecting C compiler ABI info
[0.272s] -- Detecting C compiler ABI info - done
[0.278s] -- Check for working C compiler: /usr/bin/cc - skipped
[0.279s] -- Detecting C compile features
[0.279s] -- Detecting C compile features - done
[0.288s] -- Detecting CXX compiler ABI info
[0.372s] -- Detecting CXX compiler ABI info - done
[0.378s] -- Check for working CXX compiler: /usr/bin/c++ - skipped
[0.378s] -- Detecting CXX compile features
[0.378s] -- Detecting CXX compile features - done
[0.379s] [0mCurrent CPU architecture: x86_64[0m
[0.386s] [0mProcessor number: 16[0m
[0.397s] -- Found ament_cmake: 2.5.4 (/opt/ros/jazzy/share/ament_cmake/cmake)
[0.522s] -- Found Python3: /usr/bin/python3 (found version "3.12.3") found components: Interpreter 
[0.615s] -- Found rclcpp: 28.1.13 (/opt/ros/jazzy/share/rclcpp/cmake)
[0.658s] -- Found rosidl_generator_c: 4.6.6 (/opt/ros/jazzy/share/rosidl_generator_c/cmake)
[0.670s] -- Found rosidl_generator_cpp: 4.6.6 (/opt/ros/jazzy/share/rosidl_generator_cpp/cmake)
[0.687s] -- Using all available rosidl_typesupport_c: rosidl_typesupport_fastrtps_c;rosidl_typesupport_introspection_c
[0.705s] -- Using all available rosidl_typesupport_cpp: rosidl_typesupport_fastrtps_cpp;rosidl_typesupport_introspection_cpp
[0.768s] -- Found rmw_implementation_cmake: 7.3.2 (/opt/ros/jazzy/share/rmw_implementation_cmake/cmake)
[0.772s] -- Found rmw_fastrtps_cpp: 8.4.3 (/opt/ros/jazzy/share/rmw_fastrtps_cpp/cmake)
[0.864s] -- Found OpenSSL: /usr/lib/x86_64-linux-gnu/libcrypto.so (found version "3.0.13")  
[0.881s] -- Found FastRTPS: /opt/ros/jazzy/include (Required is at least version "2.13") 
[0.900s] -- Using RMW implementation 'rmw_fastrtps_cpp' as default
[0.960s] -- Found sensor_msgs: 5.3.6 (/opt/ros/jazzy/share/sensor_msgs/cmake)
[1.004s] -- Found nav_msgs: 5.3.6 (/opt/ros/jazzy/share/nav_msgs/cmake)
[1.025s] -- Found tf2: 0.36.16 (/opt/ros/jazzy/share/tf2/cmake)
[1.032s] -- Found tf2_ros: 0.36.16 (/opt/ros/jazzy/share/tf2_ros/cmake)
[1.133s] -- Found pcl_conversions: 2.6.2 (/opt/ros/jazzy/share/pcl_conversions/cmake)
[1.215s] [33mCMake Warning (dev) at /usr/lib/x86_64-linux-gnu/cmake/pcl/Modules/FindFLANN.cmake:45 (find_package):
[1.215s]   Policy CMP0144 is not set: find_package uses upper-case <PACKAGENAME>_ROOT
[1.215s]   variables.  Run "cmake --help-policy CMP0144" for policy details.  Use the
[1.215s]   cmake_policy command to set the policy and suppress this warning.
[1.215s] 
[1.215s]   CMake variable FLANN_ROOT is set to:
[1.216s] 
[1.216s]     /usr
[1.216s] 
[1.216s]   For compatibility, find_package is ignoring the variable, but code in a
[1.216s]   .cmake module might still use it.
[1.216s] Call Stack (most recent call first):
[1.216s]   /usr/lib/x86_64-linux-gnu/cmake/pcl/PCLConfig.cmake:261 (find_package)
[1.216s]   /usr/lib/x86_64-linux-gnu/cmake/pcl/PCLConfig.cmake:306 (find_flann)
[1.216s]   /usr/lib/x86_64-linux-gnu/cmake/pcl/PCLConfig.cmake:570 (find_external_library)
[1.216s]   /opt/ros/jazzy/share/pcl_conversions/cmake/ament_cmake_export_dependencies-extras.cmake:21 (find_package)
[1.216s]   /opt/ros/jazzy/share/pcl_conversions/cmake/pcl_conversionsConfig.cmake:41 (include)
[1.216s]   CMakeLists.txt:36 (find_package)
[1.216s] This warning is for project developers.  Use -Wno-dev to suppress it.
[1.216s] [0m
[1.217s] -- Found flann version 1.9.2
[1.464s] -- Found OpenMP_CXX: -fopenmp (found version "4.5") 
[1.465s] -- Found OpenMP: TRUE (found version "4.5") found components: CXX 
[2.685s] -- Checking for module 'libusb-1.0'
[2.699s] --   Found libusb-1.0, version 1.0.27
[2.727s] -- Found libusb: /usr/lib/x86_64-linux-gnu/libusb-1.0.so  
[2.729s] -- OpenNI found (version: 1.5.4.0, include: /usr/include/ni, lib: /usr/lib/libOpenNI.so;libusb::libusb)
[2.776s] -- OpenNI2 found (version: 2.2.0.33, include: /usr/include/openni2, lib: /usr/lib/x86_64-linux-gnu/libOpenNI2.so;libusb::libusb)
[2.779s] -- Could NOT find Pcap (missing: PCAP_LIBRARIES PCAP_INCLUDE_DIRS) 
[2.788s] -- Found ZLIB: /usr/lib/x86_64-linux-gnu/libz.so (found version "1.3")  
[2.801s] -- Found PNG: /usr/lib/x86_64-linux-gnu/libpng.so (found version "1.6.43") 
[3.128s] -- OpenNI found (version: 1.5.4.0, include: /usr/include/ni, lib: /usr/lib/libOpenNI.so;libusb::libusb)
[3.132s] -- OpenNI2 found (version: 2.2.0.33, include: /usr/include/openni2, lib: /usr/lib/x86_64-linux-gnu/libOpenNI2.so;libusb::libusb)
[3.472s] -- Found Qhull version 8.0.2
[3.798s] -- OpenNI found (version: 1.5.4.0, include: /usr/include/ni, lib: /usr/lib/libOpenNI.so;libusb::libusb)
[4.114s] -- Found PCL_COMMON: /usr/lib/x86_64-linux-gnu/libpcl_common.so  
[4.114s] -- Found PCL_KDTREE: /usr/lib/x86_64-linux-gnu/libpcl_kdtree.so  
[4.115s] -- Found PCL_OCTREE: /usr/lib/x86_64-linux-gnu/libpcl_octree.so  
[4.116s] -- Found PCL_SEARCH: /usr/lib/x86_64-linux-gnu/libpcl_search.so  
[4.117s] -- Found PCL_SAMPLE_CONSENSUS: /usr/lib/x86_64-linux-gnu/libpcl_sample_consensus.so  
[4.117s] -- Found PCL_FILTERS: /usr/lib/x86_64-linux-gnu/libpcl_filters.so  
[4.118s] -- Found PCL_2D: /usr/include/pcl-1.14  
[4.118s] -- Found PCL_GEOMETRY: /usr/include/pcl-1.14  
[4.119s] -- Found PCL_IO: /usr/lib/x86_64-linux-gnu/libpcl_io.so  
[4.119s] -- Found PCL_FEATURES: /usr/lib/x86_64-linux-gnu/libpcl_features.so  
[4.120s] -- Found PCL_ML: /usr/lib/x86_64-linux-gnu/libpcl_ml.so  
[4.121s] -- Found PCL_SEGMENTATION: /usr/lib/x86_64-linux-gnu/libpcl_segmentation.so  
[4.122s] -- Found PCL_VISUALIZATION: /usr/lib/x86_64-linux-gnu/libpcl_visualization.so  
[4.123s] -- Found PCL_SURFACE: /usr/lib/x86_64-linux-gnu/libpcl_surface.so  
[4.123s] -- Found PCL_REGISTRATION: /usr/lib/x86_64-linux-gnu/libpcl_registration.so  
[4.124s] -- Found PCL_KEYPOINTS: /usr/lib/x86_64-linux-gnu/libpcl_keypoints.so  
[4.125s] -- Found PCL_TRACKING: /usr/lib/x86_64-linux-gnu/libpcl_tracking.so  
[4.126s] -- Found PCL_RECOGNITION: /usr/lib/x86_64-linux-gnu/libpcl_recognition.so  
[4.127s] -- Found PCL_STEREO: /usr/lib/x86_64-linux-gnu/libpcl_stereo.so  
[4.128s] -- Found PCL_APPS: /usr/lib/x86_64-linux-gnu/libpcl_apps.so  
[4.128s] -- Found PCL_IN_HAND_SCANNER: /usr/include/pcl-1.14  
[4.128s] -- Found PCL_MODELER: /usr/include/pcl-1.14  
[4.129s] -- Found PCL_POINT_CLOUD_EDITOR: /usr/include/pcl-1.14  
[4.130s] -- Found PCL_OUTOFCORE: /usr/lib/x86_64-linux-gnu/libpcl_outofcore.so  
[4.130s] -- Found PCL_PEOPLE: /usr/lib/x86_64-linux-gnu/libpcl_people.so  
[4.132s] [33mCMake Warning (dev) at CMakeLists.txt:37 (find_package):
[4.132s]   Policy CMP0074 is not set: find_package uses <PackageName>_ROOT variables.
[4.132s]   Run "cmake --help-policy CMP0074" for policy details.  Use the cmake_policy
[4.132s]   command to set the policy and suppress this warning.
[4.132s] 
[4.132s]   CMake variable PCL_ROOT is set to:
[4.132s] 
[4.132s]     /usr
[4.132s] 
[4.132s]   For compatibility, CMake is ignoring the variable.
[4.132s] This warning is for project developers.  Use -Wno-dev to suppress it.
[4.132s] [0m
[4.143s] -- Found visualization_msgs: 5.3.6 (/opt/ros/jazzy/share/visualization_msgs/cmake)
[4.270s] -- Configuring done (4.2s)
[4.300s] -- Generating done (0.0s)
[4.304s] -- Build files have been written to: /home/daisuke/unitree_ros_ws/src/point_lio_unilidar_ros2/build/point_lio_unilidar
[4.318s] Invoked command in '/home/daisuke/unitree_ros_ws/src/point_lio_unilidar_ros2/build/point_lio_unilidar' returned '0': CMAKE_PREFIX_PATH=/home/daisuke/ros2_ws/install/zed_ros2:/home/daisuke/ros2_ws/install/zed_robot_integration:/home/daisuke/ros2_ws/install/zed_ipc:/home/daisuke/ros2_ws/install/zed_multi_camera:/home/daisuke/ros2_ws/install/zed_display_rviz2:/home/daisuke/ros2_ws/install/zed_depth_to_laserscan:/home/daisuke/ros2_ws/install/zed_wrapper:/home/daisuke/ros2_ws/install/zed_tutorial_video:/home/daisuke/ros2_ws/install/zed_tutorial_pos_tracking:/home/daisuke/ros2_ws/install/zed_tutorial_depth:/home/daisuke/ros2_ws/install/zed_topic_benchmark_interfaces:/home/daisuke/ros2_ws/install/zed_rgb_convert:/home/daisuke/ros2_ws/install/zed_aruco_localization:/home/daisuke/ros2_ws/install/zed_components:/home/daisuke/ros2_ws/install/rviz_plugin_zed_od:/home/daisuke/ros2_ws/install/kobuki_ros:/home/daisuke/ros2_ws/install/kobuki_safety_controller:/home/daisuke/ros2_ws/install/kobuki_random_walker:/home/daisuke/ros2_ws/install/kobuki_node:/home/daisuke/ros2_ws/install/kobuki_keyop:/home/daisuke/ros2_ws/install/kobuki_bumper2pc:/home/daisuke/ros2_ws/install/kobuki_auto_docking:/home/daisuke/ros2_ws/install/kobuki_ros_interfaces:/home/daisuke/ros2_ws/install/kobuki_description:/home/daisuke/ros2_ws/install/kobuki_core:/opt/ros/jazzy:/home/daisuke/ros2_ws/install/ekf:/home/daisuke/ros2_ws/install/ecl_core:/home/daisuke/ros2_ws/install/ecl_core_apps:/home/daisuke/ros2_ws/install/ecl_streams:/home/daisuke/ros2_ws/install/ecl_sigslots:/home/daisuke/ros2_ws/install/ecl_ipc:/home/daisuke/ros2_ws/install/ecl_devices:/home/daisuke/ros2_ws/install/ecl_threads:/home/daisuke/ros2_ws/install/ecl_mobile_robot:/home/daisuke/ros2_ws/install/ecl_manipulators:/home/daisuke/ros2_ws/install/ecl_geometry:/home/daisuke/ros2_ws/install/ecl_containers:/home/daisuke/ros2_ws/install/ecl_utilities:/home/daisuke/ros2_ws/install/ecl_statistics:/home/daisuke/ros2_ws/install/ecl_linear_algebra:/home/daisuke/ros2_ws/install/ecl_math:/home/daisuke/ros2_ws/install/ecl_formatters:/home/daisuke/ros2_ws/install/ecl_converters:/home/daisuke/ros2_ws/install/ecl_concepts:/home/daisuke/ros2_ws/install/ecl_type_traits:/home/daisuke/ros2_ws/install/ecl_time:/home/daisuke/ros2_ws/install/ecl_lite:/home/daisuke/ros2_ws/install/ecl_time_lite:/home/daisuke/ros2_ws/install/ecl_sigslots_lite:/home/daisuke/ros2_ws/install/ecl_mpl:/home/daisuke/ros2_ws/install/ecl_io:/home/daisuke/ros2_ws/install/ecl_filesystem:/home/daisuke/ros2_ws/install/ecl_exceptions:/home/daisuke/ros2_ws/install/ecl_errors:/home/daisuke/ros2_ws/install/ecl_eigen:/home/daisuke/ros2_ws/install/ecl_converters_lite:/home/daisuke/ros2_ws/install/ecl_console:/home/daisuke/ros2_ws/install/ecl_config:/home/daisuke/ros2_ws/install/ecl_command_line:/home/daisuke/ros2_ws/install/cmd_vel_mux:/opt/ros/jazzy/opt/gz_math_vendor:/opt/ros/jazzy/opt/gz_utils_vendor:/opt/ros/jazzy/opt/gz_cmake_vendor DEBUGINFOD_URLS=https://debuginfod.ubuntu.com /usr/bin/cmake /home/daisuke/unitree_ros_ws/src/point_lio_unilidar_ros2 -DCMAKE_INSTALL_PREFIX=/home/daisuke/unitree_ros_ws/src/point_lio_unilidar_ros2/install/point_lio_unilidar
[4.319s] Invoking command in '/home/daisuke/unitree_ros_ws/src/point_lio_unilidar_ros2/build/point_lio_unilidar': CMAKE_PREFIX_PATH=/home/daisuke/ros2_ws/install/zed_ros2:/home/daisuke/ros2_ws/install/zed_robot_integration:/home/daisuke/ros2_ws/install/zed_ipc:/home/daisuke/ros2_ws/install/zed_multi_camera:/home/daisuke/ros2_ws/install/zed_display_rviz2:/home/daisuke/ros2_ws/install/zed_depth_to_laserscan:/home/daisuke/ros2_ws/install/zed_wrapper:/home/daisuke/ros2_ws/install/zed_tutorial_video:/home/daisuke/ros2_ws/install/zed_tutorial_pos_tracking:/home/daisuke/ros2_ws/install/zed_tutorial_depth:/home/daisuke/ros2_ws/install/zed_topic_benchmark_interfaces:/home/daisuke/ros2_ws/install/zed_rgb_convert:/home/daisuke/ros2_ws/install/zed_aruco_localization:/home/daisuke/ros2_ws/install/zed_components:/home/daisuke/ros2_ws/install/rviz_plugin_zed_od:/home/daisuke/ros2_ws/install/kobuki_ros:/home/daisuke/ros2_ws/install/kobuki_safety_controller:/home/daisuke/ros2_ws/install/kobuki_random_walker:/home/daisuke/ros2_ws/install/kobuki_node:/home/daisuke/ros2_ws/install/kobuki_keyop:/home/daisuke/ros2_ws/install/kobuki_bumper2pc:/home/daisuke/ros2_ws/install/kobuki_auto_docking:/home/daisuke/ros2_ws/install/kobuki_ros_interfaces:/home/daisuke/ros2_ws/install/kobuki_description:/home/daisuke/ros2_ws/install/kobuki_core:/opt/ros/jazzy:/home/daisuke/ros2_ws/install/ekf:/home/daisuke/ros2_ws/install/ecl_core:/home/daisuke/ros2_ws/install/ecl_core_apps:/home/daisuke/ros2_ws/install/ecl_streams:/home/daisuke/ros2_ws/install/ecl_sigslots:/home/daisuke/ros2_ws/install/ecl_ipc:/home/daisuke/ros2_ws/install/ecl_devices:/home/daisuke/ros2_ws/install/ecl_threads:/home/daisuke/ros2_ws/install/ecl_mobile_robot:/home/daisuke/ros2_ws/install/ecl_manipulators:/home/daisuke/ros2_ws/install/ecl_geometry:/home/daisuke/ros2_ws/install/ecl_containers:/home/daisuke/ros2_ws/install/ecl_utilities:/home/daisuke/ros2_ws/install/ecl_statistics:/home/daisuke/ros2_ws/install/ecl_linear_algebra:/home/daisuke/ros2_ws/install/ecl_math:/home/daisuke/ros2_ws/install/ecl_formatters:/home/daisuke/ros2_ws/install/ecl_converters:/home/daisuke/ros2_ws/install/ecl_concepts:/home/daisuke/ros2_ws/install/ecl_type_traits:/home/daisuke/ros2_ws/install/ecl_time:/home/daisuke/ros2_ws/install/ecl_lite:/home/daisuke/ros2_ws/install/ecl_time_lite:/home/daisuke/ros2_ws/install/ecl_sigslots_lite:/home/daisuke/ros2_ws/install/ecl_mpl:/home/daisuke/ros2_ws/install/ecl_io:/home/daisuke/ros2_ws/install/ecl_filesystem:/home/daisuke/ros2_ws/install/ecl_exceptions:/home/daisuke/ros2_ws/install/ecl_errors:/home/daisuke/ros2_ws/install/ecl_eigen:/home/daisuke/ros2_ws/install/ecl_converters_lite:/home/daisuke/ros2_ws/install/ecl_console:/home/daisuke/ros2_ws/install/ecl_config:/home/daisuke/ros2_ws/install/ecl_command_line:/home/daisuke/ros2_ws/install/cmd_vel_mux:/opt/ros/jazzy/opt/gz_math_vendor:/opt/ros/jazzy/opt/gz_utils_vendor:/opt/ros/jazzy/opt/gz_cmake_vendor DEBUGINFOD_URLS=https://debuginfod.ubuntu.com /usr/bin/cmake --build /home/daisuke/unitree_ros_ws/src/point_lio_unilidar_ros2/build/point_lio_unilidar -- -j16 -l16
[4.369s] [ 66%] [32mBuilding CXX object CMakeFiles/pointlio_mapping.dir/src/parameters.cpp.o[0m
[4.369s] [ 66%] [32mBuilding CXX object CMakeFiles/pointlio_mapping.dir/include/ikd-Tree/ikd_Tree.cpp.o[0m
[4.369s] [ 66%] [32mBuilding CXX object CMakeFiles/pointlio_mapping.dir/src/laserMapping.cpp.o[0m
[4.369s] [ 66%] [32mBuilding CXX object CMakeFiles/pointlio_mapping.dir/src/preprocess.cpp.o[0m
[4.371s] [ 83%] [32mBuilding CXX object CMakeFiles/pointlio_mapping.dir/src/Estimator.cpp.o[0m
[34.283s] [100%] [32m[1mLinking CXX executable pointlio_mapping[0m
[35.173s] [100%] Built target pointlio_mapping
[35.184s] Invoked command in '/home/daisuke/unitree_ros_ws/src/point_lio_unilidar_ros2/build/point_lio_unilidar' returned '0': CMAKE_PREFIX_PATH=/home/daisuke/ros2_ws/install/zed_ros2:/home/daisuke/ros2_ws/install/zed_robot_integration:/home/daisuke/ros2_ws/install/zed_ipc:/home/daisuke/ros2_ws/install/zed_multi_camera:/home/daisuke/ros2_ws/install/zed_display_rviz2:/home/daisuke/ros2_ws/install/zed_depth_to_laserscan:/home/daisuke/ros2_ws/install/zed_wrapper:/home/daisuke/ros2_ws/install/zed_tutorial_video:/home/daisuke/ros2_ws/install/zed_tutorial_pos_tracking:/home/daisuke/ros2_ws/install/zed_tutorial_depth:/home/daisuke/ros2_ws/install/zed_topic_benchmark_interfaces:/home/daisuke/ros2_ws/install/zed_rgb_convert:/home/daisuke/ros2_ws/install/zed_aruco_localization:/home/daisuke/ros2_ws/install/zed_components:/home/daisuke/ros2_ws/install/rviz_plugin_zed_od:/home/daisuke/ros2_ws/install/kobuki_ros:/home/daisuke/ros2_ws/install/kobuki_safety_controller:/home/daisuke/ros2_ws/install/kobuki_random_walker:/home/daisuke/ros2_ws/install/kobuki_node:/home/daisuke/ros2_ws/install/kobuki_keyop:/home/daisuke/ros2_ws/install/kobuki_bumper2pc:/home/daisuke/ros2_ws/install/kobuki_auto_docking:/home/daisuke/ros2_ws/install/kobuki_ros_interfaces:/home/daisuke/ros2_ws/install/kobuki_description:/home/daisuke/ros2_ws/install/kobuki_core:/opt/ros/jazzy:/home/daisuke/ros2_ws/install/ekf:/home/daisuke/ros2_ws/install/ecl_core:/home/daisuke/ros2_ws/install/ecl_core_apps:/home/daisuke/ros2_ws/install/ecl_streams:/home/daisuke/ros2_ws/install/ecl_sigslots:/home/daisuke/ros2_ws/install/ecl_ipc:/home/daisuke/ros2_ws/install/ecl_devices:/home/daisuke/ros2_ws/install/ecl_threads:/home/daisuke/ros2_ws/install/ecl_mobile_robot:/home/daisuke/ros2_ws/install/ecl_manipulators:/home/daisuke/ros2_ws/install/ecl_geometry:/home/daisuke/ros2_ws/install/ecl_containers:/home/daisuke/ros2_ws/install/ecl_utilities:/home/daisuke/ros2_ws/install/ecl_statistics:/home/daisuke/ros2_ws/install/ecl_linear_algebra:/home/daisuke/ros2_ws/install/ecl_math:/home/daisuke/ros2_ws/install/ecl_formatters:/home/daisuke/ros2_ws/install/ecl_converters:/home/daisuke/ros2_ws/install/ecl_concepts:/home/daisuke/ros2_ws/install/ecl_type_traits:/home/daisuke/ros2_ws/install/ecl_time:/home/daisuke/ros2_ws/install/ecl_lite:/home/daisuke/ros2_ws/install/ecl_time_lite:/home/daisuke/ros2_ws/install/ecl_sigslots_lite:/home/daisuke/ros2_ws/install/ecl_mpl:/home/daisuke/ros2_ws/install/ecl_io:/home/daisuke/ros2_ws/install/ecl_filesystem:/home/daisuke/ros2_ws/install/ecl_exceptions:/home/daisuke/ros2_ws/install/ecl_errors:/home/daisuke/ros2_ws/install/ecl_eigen:/home/daisuke/ros2_ws/install/ecl_converters_lite:/home/daisuke/ros2_ws/install/ecl_console:/home/daisuke/ros2_ws/install/ecl_config:/home/daisuke/ros2_ws/install/ecl_command_line:/home/daisuke/ros2_ws/install/cmd_vel_mux:/opt/ros/jazzy/opt/gz_math_vendor:/opt/ros/jazzy/opt/gz_utils_vendor:/opt/ros/jazzy/opt/gz_cmake_vendor DEBUGINFOD_URLS=https://debuginfod.ubuntu.com /usr/bin/cmake --build /home/daisuke/unitree_ros_ws/src/point_lio_unilidar_ros2/build/point_lio_unilidar -- -j16 -l16
[35.193s] Invoking command in '/home/daisuke/unitree_ros_ws/src/point_lio_unilidar_ros2/build/point_lio_unilidar': CMAKE_PREFIX_PATH=/home/daisuke/ros2_ws/install/zed_ros2:/home/daisuke/ros2_ws/install/zed_robot_integration:/home/daisuke/ros2_ws/install/zed_ipc:/home/daisuke/ros2_ws/install/zed_multi_camera:/home/daisuke/ros2_ws/install/zed_display_rviz2:/home/daisuke/ros2_ws/install/zed_depth_to_laserscan:/home/daisuke/ros2_ws/install/zed_wrapper:/home/daisuke/ros2_ws/install/zed_tutorial_video:/home/daisuke/ros2_ws/install/zed_tutorial_pos_tracking:/home/daisuke/ros2_ws/install/zed_tutorial_depth:/home/daisuke/ros2_ws/install/zed_topic_benchmark_interfaces:/home/daisuke/ros2_ws/install/zed_rgb_convert:/home/daisuke/ros2_ws/install/zed_aruco_localization:/home/daisuke/ros2_ws/install/zed_components:/home/daisuke/ros2_ws/install/rviz_plugin_zed_od:/home/daisuke/ros2_ws/install/kobuki_ros:/home/daisuke/ros2_ws/install/kobuki_safety_controller:/home/daisuke/ros2_ws/install/kobuki_random_walker:/home/daisuke/ros2_ws/install/kobuki_node:/home/daisuke/ros2_ws/install/kobuki_keyop:/home/daisuke/ros2_ws/install/kobuki_bumper2pc:/home/daisuke/ros2_ws/install/kobuki_auto_docking:/home/daisuke/ros2_ws/install/kobuki_ros_interfaces:/home/daisuke/ros2_ws/install/kobuki_description:/home/daisuke/ros2_ws/install/kobuki_core:/opt/ros/jazzy:/home/daisuke/ros2_ws/install/ekf:/home/daisuke/ros2_ws/install/ecl_core:/home/daisuke/ros2_ws/install/ecl_core_apps:/home/daisuke/ros2_ws/install/ecl_streams:/home/daisuke/ros2_ws/install/ecl_sigslots:/home/daisuke/ros2_ws/install/ecl_ipc:/home/daisuke/ros2_ws/install/ecl_devices:/home/daisuke/ros2_ws/install/ecl_threads:/home/daisuke/ros2_ws/install/ecl_mobile_robot:/home/daisuke/ros2_ws/install/ecl_manipulators:/home/daisuke/ros2_ws/install/ecl_geometry:/home/daisuke/ros2_ws/install/ecl_containers:/home/daisuke/ros2_ws/install/ecl_utilities:/home/daisuke/ros2_ws/install/ecl_statistics:/home/daisuke/ros2_ws/install/ecl_linear_algebra:/home/daisuke/ros2_ws/install/ecl_math:/home/daisuke/ros2_ws/install/ecl_formatters:/home/daisuke/ros2_ws/install/ecl_converters:/home/daisuke/ros2_ws/install/ecl_concepts:/home/daisuke/ros2_ws/install/ecl_type_traits:/home/daisuke/ros2_ws/install/ecl_time:/home/daisuke/ros2_ws/install/ecl_lite:/home/daisuke/ros2_ws/install/ecl_time_lite:/home/daisuke/ros2_ws/install/ecl_sigslots_lite:/home/daisuke/ros2_ws/install/ecl_mpl:/home/daisuke/ros2_ws/install/ecl_io:/home/daisuke/ros2_ws/install/ecl_filesystem:/home/daisuke/ros2_ws/install/ecl_exceptions:/home/daisuke/ros2_ws/install/ecl_errors:/home/daisuke/ros2_ws/install/ecl_eigen:/home/daisuke/ros2_ws/install/ecl_converters_lite:/home/daisuke/ros2_ws/install/ecl_console:/home/daisuke/ros2_ws/install/ecl_config:/home/daisuke/ros2_ws/install/ecl_command_line:/home/daisuke/ros2_ws/install/cmd_vel_mux:/opt/ros/jazzy/opt/gz_math_vendor:/opt/ros/jazzy/opt/gz_utils_vendor:/opt/ros/jazzy/opt/gz_cmake_vendor DEBUGINFOD_URLS=https://debuginfod.ubuntu.com /usr/bin/cmake --install /home/daisuke/unitree_ros_ws/src/point_lio_unilidar_ros2/build/point_lio_unilidar
[35.204s] -- Install configuration: "Release"
[35.204s] -- Installing: /home/daisuke/unitree_ros_ws/src/point_lio_unilidar_ros2/install/point_lio_unilidar/lib/point_lio_unilidar/pointlio_mapping
[35.206s] -- Set non-toolchain portion of runtime path of "/home/daisuke/unitree_ros_ws/src/point_lio_unilidar_ros2/install/point_lio_unilidar/lib/point_lio_unilidar/pointlio_mapping" to ""
[35.206s] -- Installing: /home/daisuke/unitree_ros_ws/src/point_lio_unilidar_ros2/install/point_lio_unilidar/share/point_lio_unilidar/launch
[35.206s] -- Installing: /home/daisuke/unitree_ros_ws/src/point_lio_unilidar_ros2/install/point_lio_unilidar/share/point_lio_unilidar/launch/mapping_avia.launch
[35.206s] -- Installing: /home/daisuke/unitree_ros_ws/src/point_lio_unilidar_ros2/install/point_lio_unilidar/share/point_lio_unilidar/launch/mapping_unilidar_l2.launch
[35.206s] -- Installing: /home/daisuke/unitree_ros_ws/src/point_lio_unilidar_ros2/install/point_lio_unilidar/share/point_lio_unilidar/launch/mapping_ouster64.launch
[35.206s] -- Installing: /home/daisuke/unitree_ros_ws/src/point_lio_unilidar_ros2/install/point_lio_unilidar/share/point_lio_unilidar/launch/mapping_velody16.launch
[35.207s] -- Installing: /home/daisuke/unitree_ros_ws/src/point_lio_unilidar_ros2/install/point_lio_unilidar/share/point_lio_unilidar/launch/mapping_unilidar_l1.launch.py
[35.207s] -- Installing: /home/daisuke/unitree_ros_ws/src/point_lio_unilidar_ros2/install/point_lio_unilidar/share/point_lio_unilidar/launch/mapping_unilidar_l1.launch
[35.207s] -- Installing: /home/daisuke/unitree_ros_ws/src/point_lio_unilidar_ros2/install/point_lio_unilidar/share/point_lio_unilidar/launch/gdb_debug_example.launch
[35.207s] -- Installing: /home/daisuke/unitree_ros_ws/src/point_lio_unilidar_ros2/install/point_lio_unilidar/share/point_lio_unilidar/launch/mapping_horizon.launch
[35.207s] -- Installing: /home/daisuke/unitree_ros_ws/src/point_lio_unilidar_ros2/install/point_lio_unilidar/share/point_lio_unilidar/config
[35.207s] -- Installing: /home/daisuke/unitree_ros_ws/src/point_lio_unilidar_ros2/install/point_lio_unilidar/share/point_lio_unilidar/config/unilidar_l2.yaml
[35.207s] -- Installing: /home/daisuke/unitree_ros_ws/src/point_lio_unilidar_ros2/install/point_lio_unilidar/share/point_lio_unilidar/config/horizon.yaml
[35.207s] -- Installing: /home/daisuke/unitree_ros_ws/src/point_lio_unilidar_ros2/install/point_lio_unilidar/share/point_lio_unilidar/config/ouster64.yaml
[35.208s] -- Installing: /home/daisuke/unitree_ros_ws/src/point_lio_unilidar_ros2/install/point_lio_unilidar/share/point_lio_unilidar/config/avia.yaml
[35.208s] -- Installing: /home/daisuke/unitree_ros_ws/src/point_lio_unilidar_ros2/install/point_lio_unilidar/share/point_lio_unilidar/config/velody16.yaml
[35.208s] -- Installing: /home/daisuke/unitree_ros_ws/src/point_lio_unilidar_ros2/install/point_lio_unilidar/share/point_lio_unilidar/config/unilidar_l1.yaml
[35.208s] -- Installing: /home/daisuke/unitree_ros_ws/src/point_lio_unilidar_ros2/install/point_lio_unilidar/share/point_lio_unilidar/rviz_cfg
[35.208s] -- Installing: /home/daisuke/unitree_ros_ws/src/point_lio_unilidar_ros2/install/point_lio_unilidar/share/point_lio_unilidar/rviz_cfg/loam_unilidar_display.rviz
[35.208s] -- Installing: /home/daisuke/unitree_ros_ws/src/point_lio_unilidar_ros2/install/point_lio_unilidar/share/point_lio_unilidar/rviz_cfg/loam_unilidar_default.rviz
[35.209s] -- Installing: /home/daisuke/unitree_ros_ws/src/point_lio_unilidar_ros2/install/point_lio_unilidar/share/point_lio_unilidar/rviz_cfg/.gitignore
[35.209s] -- Installing: /home/daisuke/unitree_ros_ws/src/point_lio_unilidar_ros2/install/point_lio_unilidar/share/point_lio_unilidar/rviz_cfg/loam_livox.rviz
[35.209s] -- Installing: /home/daisuke/unitree_ros_ws/src/point_lio_unilidar_ros2/install/point_lio_unilidar/share/ament_index/resource_index/package_run_dependencies/point_lio_unilidar
[35.209s] -- Installing: /home/daisuke/unitree_ros_ws/src/point_lio_unilidar_ros2/install/point_lio_unilidar/share/ament_index/resource_index/parent_prefix_path/point_lio_unilidar
[35.210s] -- Installing: /home/daisuke/unitree_ros_ws/src/point_lio_unilidar_ros2/install/point_lio_unilidar/share/point_lio_unilidar/environment/ament_prefix_path.sh
[35.210s] -- Installing: /home/daisuke/unitree_ros_ws/src/point_lio_unilidar_ros2/install/point_lio_unilidar/share/point_lio_unilidar/environment/ament_prefix_path.dsv
[35.211s] -- Installing: /home/daisuke/unitree_ros_ws/src/point_lio_unilidar_ros2/install/point_lio_unilidar/share/point_lio_unilidar/environment/path.sh
[35.211s] -- Installing: /home/daisuke/unitree_ros_ws/src/point_lio_unilidar_ros2/install/point_lio_unilidar/share/point_lio_unilidar/environment/path.dsv
[35.211s] -- Installing: /home/daisuke/unitree_ros_ws/src/point_lio_unilidar_ros2/install/point_lio_unilidar/share/point_lio_unilidar/local_setup.bash
[35.211s] -- Installing: /home/daisuke/unitree_ros_ws/src/point_lio_unilidar_ros2/install/point_lio_unilidar/share/point_lio_unilidar/local_setup.sh
[35.211s] -- Installing: /home/daisuke/unitree_ros_ws/src/point_lio_unilidar_ros2/install/point_lio_unilidar/share/point_lio_unilidar/local_setup.zsh
[35.211s] -- Installing: /home/daisuke/unitree_ros_ws/src/point_lio_unilidar_ros2/install/point_lio_unilidar/share/point_lio_unilidar/local_setup.dsv
[35.211s] -- Installing: /home/daisuke/unitree_ros_ws/src/point_lio_unilidar_ros2/install/point_lio_unilidar/share/point_lio_unilidar/package.dsv
[35.212s] -- Installing: /home/daisuke/unitree_ros_ws/src/point_lio_unilidar_ros2/install/point_lio_unilidar/share/ament_index/resource_index/packages/point_lio_unilidar
[35.212s] -- Installing: /home/daisuke/unitree_ros_ws/src/point_lio_unilidar_ros2/install/point_lio_unilidar/share/point_lio_unilidar/cmake/point_lio_unilidarConfig.cmake
[35.212s] -- Installing: /home/daisuke/unitree_ros_ws/src/point_lio_unilidar_ros2/install/point_lio_unilidar/share/point_lio_unilidar/cmake/point_lio_unilidarConfig-version.cmake
[35.212s] -- Installing: /home/daisuke/unitree_ros_ws/src/point_lio_unilidar_ros2/install/point_lio_unilidar/share/point_lio_unilidar/package.xml
[35.214s] Invoked command in '/home/daisuke/unitree_ros_ws/src/point_lio_unilidar_ros2/build/point_lio_unilidar' returned '0': CMAKE_PREFIX_PATH=/home/daisuke/ros2_ws/install/zed_ros2:/home/daisuke/ros2_ws/install/zed_robot_integration:/home/daisuke/ros2_ws/install/zed_ipc:/home/daisuke/ros2_ws/install/zed_multi_camera:/home/daisuke/ros2_ws/install/zed_display_rviz2:/home/daisuke/ros2_ws/install/zed_depth_to_laserscan:/home/daisuke/ros2_ws/install/zed_wrapper:/home/daisuke/ros2_ws/install/zed_tutorial_video:/home/daisuke/ros2_ws/install/zed_tutorial_pos_tracking:/home/daisuke/ros2_ws/install/zed_tutorial_depth:/home/daisuke/ros2_ws/install/zed_topic_benchmark_interfaces:/home/daisuke/ros2_ws/install/zed_rgb_convert:/home/daisuke/ros2_ws/install/zed_aruco_localization:/home/daisuke/ros2_ws/install/zed_components:/home/daisuke/ros2_ws/install/rviz_plugin_zed_od:/home/daisuke/ros2_ws/install/kobuki_ros:/home/daisuke/ros2_ws/install/kobuki_safety_controller:/home/daisuke/ros2_ws/install/kobuki_random_walker:/home/daisuke/ros2_ws/install/kobuki_node:/home/daisuke/ros2_ws/install/kobuki_keyop:/home/daisuke/ros2_ws/install/kobuki_bumper2pc:/home/daisuke/ros2_ws/install/kobuki_auto_docking:/home/daisuke/ros2_ws/install/kobuki_ros_interfaces:/home/daisuke/ros2_ws/install/kobuki_description:/home/daisuke/ros2_ws/install/kobuki_core:/opt/ros/jazzy:/home/daisuke/ros2_ws/install/ekf:/home/daisuke/ros2_ws/install/ecl_core:/home/daisuke/ros2_ws/install/ecl_core_apps:/home/daisuke/ros2_ws/install/ecl_streams:/home/daisuke/ros2_ws/install/ecl_sigslots:/home/daisuke/ros2_ws/install/ecl_ipc:/home/daisuke/ros2_ws/install/ecl_devices:/home/daisuke/ros2_ws/install/ecl_threads:/home/daisuke/ros2_ws/install/ecl_mobile_robot:/home/daisuke/ros2_ws/install/ecl_manipulators:/home/daisuke/ros2_ws/install/ecl_geometry:/home/daisuke/ros2_ws/install/ecl_containers:/home/daisuke/ros2_ws/install/ecl_utilities:/home/daisuke/ros2_ws/install/ecl_statistics:/home/daisuke/ros2_ws/install/ecl_linear_algebra:/home/daisuke/ros2_ws/install/ecl_math:/home/daisuke/ros2_ws/install/ecl_formatters:/home/daisuke/ros2_ws/install/ecl_converters:/home/daisuke/ros2_ws/install/ecl_concepts:/home/daisuke/ros2_ws/install/ecl_type_traits:/home/daisuke/ros2_ws/install/ecl_time:/home/daisuke/ros2_ws/install/ecl_lite:/home/daisuke/ros2_ws/install/ecl_time_lite:/home/daisuke/ros2_ws/install/ecl_sigslots_lite:/home/daisuke/ros2_ws/install/ecl_mpl:/home/daisuke/ros2_ws/install/ecl_io:/home/daisuke/ros2_ws/install/ecl_filesystem:/home/daisuke/ros2_ws/install/ecl_exceptions:/home/daisuke/ros2_ws/install/ecl_errors:/home/daisuke/ros2_ws/install/ecl_eigen:/home/daisuke/ros2_ws/install/ecl_converters_lite:/home/daisuke/ros2_ws/install/ecl_console:/home/daisuke/ros2_ws/install/ecl_config:/home/daisuke/ros2_ws/install/ecl_command_line:/home/daisuke/ros2_ws/install/cmd_vel_mux:/opt/ros/jazzy/opt/gz_math_vendor:/opt/ros/jazzy/opt/gz_utils_vendor:/opt/ros/jazzy/opt/gz_cmake_vendor DEBUGINFOD_URLS=https://debuginfod.ubuntu.com /usr/bin/cmake --install /home/daisuke/unitree_ros_ws/src/point_lio_unilidar_ros2/build/point_lio_unilidar
