[0.022s] Invoking command in '/home/daisuke/unitree_ros_ws/src/point_lio_unilidar_ros2/build/point_lio_unilidar': CMAKE_PREFIX_PATH=/home/daisuke/ros2_ws/install/zed_ros2:/home/daisuke/ros2_ws/install/zed_robot_integration:/home/daisuke/ros2_ws/install/zed_ipc:/home/daisuke/ros2_ws/install/zed_multi_camera:/home/daisuke/ros2_ws/install/zed_display_rviz2:/home/daisuke/ros2_ws/install/zed_depth_to_laserscan:/home/daisuke/ros2_ws/install/zed_wrapper:/home/daisuke/ros2_ws/install/zed_tutorial_video:/home/daisuke/ros2_ws/install/zed_tutorial_pos_tracking:/home/daisuke/ros2_ws/install/zed_tutorial_depth:/home/daisuke/ros2_ws/install/zed_topic_benchmark_interfaces:/home/daisuke/ros2_ws/install/zed_rgb_convert:/home/daisuke/ros2_ws/install/zed_aruco_localization:/home/daisuke/ros2_ws/install/zed_components:/home/daisuke/ros2_ws/install/rviz_plugin_zed_od:/home/daisuke/ros2_ws/install/kobuki_ros:/home/daisuke/ros2_ws/install/kobuki_safety_controller:/home/daisuke/ros2_ws/install/kobuki_random_walker:/home/daisuke/ros2_ws/install/kobuki_node:/home/daisuke/ros2_ws/install/kobuki_keyop:/home/daisuke/ros2_ws/install/kobuki_bumper2pc:/home/daisuke/ros2_ws/install/kobuki_auto_docking:/home/daisuke/ros2_ws/install/kobuki_ros_interfaces:/home/daisuke/ros2_ws/install/kobuki_description:/home/daisuke/ros2_ws/install/kobuki_core:/opt/ros/jazzy:/home/daisuke/ros2_ws/install/ekf:/home/daisuke/ros2_ws/install/ecl_core:/home/daisuke/ros2_ws/install/ecl_core_apps:/home/daisuke/ros2_ws/install/ecl_streams:/home/daisuke/ros2_ws/install/ecl_sigslots:/home/daisuke/ros2_ws/install/ecl_ipc:/home/daisuke/ros2_ws/install/ecl_devices:/home/daisuke/ros2_ws/install/ecl_threads:/home/daisuke/ros2_ws/install/ecl_mobile_robot:/home/daisuke/ros2_ws/install/ecl_manipulators:/home/daisuke/ros2_ws/install/ecl_geometry:/home/daisuke/ros2_ws/install/ecl_containers:/home/daisuke/ros2_ws/install/ecl_utilities:/home/daisuke/ros2_ws/install/ecl_statistics:/home/daisuke/ros2_ws/install/ecl_linear_algebra:/home/daisuke/ros2_ws/install/ecl_math:/home/daisuke/ros2_ws/install/ecl_formatters:/home/daisuke/ros2_ws/install/ecl_converters:/home/daisuke/ros2_ws/install/ecl_concepts:/home/daisuke/ros2_ws/install/ecl_type_traits:/home/daisuke/ros2_ws/install/ecl_time:/home/daisuke/ros2_ws/install/ecl_lite:/home/daisuke/ros2_ws/install/ecl_time_lite:/home/daisuke/ros2_ws/install/ecl_sigslots_lite:/home/daisuke/ros2_ws/install/ecl_mpl:/home/daisuke/ros2_ws/install/ecl_io:/home/daisuke/ros2_ws/install/ecl_filesystem:/home/daisuke/ros2_ws/install/ecl_exceptions:/home/daisuke/ros2_ws/install/ecl_errors:/home/daisuke/ros2_ws/install/ecl_eigen:/home/daisuke/ros2_ws/install/ecl_converters_lite:/home/daisuke/ros2_ws/install/ecl_console:/home/daisuke/ros2_ws/install/ecl_config:/home/daisuke/ros2_ws/install/ecl_command_line:/home/daisuke/ros2_ws/install/cmd_vel_mux:/opt/ros/jazzy/opt/gz_math_vendor:/opt/ros/jazzy/opt/gz_utils_vendor:/opt/ros/jazzy/opt/gz_cmake_vendor DEBUGINFOD_URLS=https://debuginfod.ubuntu.com /usr/bin/cmake --build /home/daisuke/unitree_ros_ws/src/point_lio_unilidar_ros2/build/point_lio_unilidar -- -j16 -l16
[0.053s] [0mCMake Error: The current CMakeCache.txt directory /home/daisuke/unitree_ros_ws/src/point_lio_unilidar_ros2/build/point_lio_unilidar/CMakeCache.txt is different than the directory /home/daisuke/unitree_ros_ws/src/point_lio_unilidar/build/point_lio_unilidar where CMakeCache.txt was created. This may result in binaries being created in the wrong place. If you are not sure, reedit the CMakeCache.txt[0m
[0.108s] [0mCurrent CPU architecture: x86_64[0m
[0.113s] [0mProcessor number: 16[0m
[0.115s] -- Found ament_cmake: 2.5.4 (/opt/ros/jazzy/share/ament_cmake/cmake)
[0.270s] -- Override CMake install command with custom implementation using symlinks instead of copying resources
[0.281s] -- Found rclcpp: 28.1.11 (/opt/ros/jazzy/share/rclcpp/cmake)
[0.312s] -- Found rosidl_generator_c: 4.6.6 (/opt/ros/jazzy/share/rosidl_generator_c/cmake)
[0.319s] -- Found rosidl_generator_cpp: 4.6.6 (/opt/ros/jazzy/share/rosidl_generator_cpp/cmake)
[0.362s] -- Using all available rosidl_typesupport_c: rosidl_typesupport_fastrtps_c;rosidl_typesupport_introspection_c
[0.379s] -- Using all available rosidl_typesupport_cpp: rosidl_typesupport_fastrtps_cpp;rosidl_typesupport_introspection_cpp
[0.445s] -- Found rmw_implementation_cmake: 7.3.2 (/opt/ros/jazzy/share/rmw_implementation_cmake/cmake)
[0.451s] -- Found rmw_fastrtps_cpp: 8.4.3 (/opt/ros/jazzy/share/rmw_fastrtps_cpp/cmake)
[0.520s] -- Using RMW implementation 'rmw_fastrtps_cpp' as default
[0.578s] -- Found sensor_msgs: 5.3.6 (/opt/ros/jazzy/share/sensor_msgs/cmake)
[0.620s] -- Found nav_msgs: 5.3.6 (/opt/ros/jazzy/share/nav_msgs/cmake)
[0.639s] -- Found tf2: 0.36.14 (/opt/ros/jazzy/share/tf2/cmake)
[0.643s] -- Found tf2_ros: 0.36.14 (/opt/ros/jazzy/share/tf2_ros/cmake)
[0.747s] -- Found pcl_conversions: 2.6.2 (/opt/ros/jazzy/share/pcl_conversions/cmake)
[0.790s] [33mCMake Warning (dev) at /usr/lib/x86_64-linux-gnu/cmake/pcl/Modules/FindFLANN.cmake:45 (find_package):
[0.790s]   Policy CMP0144 is not set: find_package uses upper-case <PACKAGENAME>_ROOT
[0.791s]   variables.  Run "cmake --help-policy CMP0144" for policy details.  Use the
[0.791s]   cmake_policy command to set the policy and suppress this warning.
[0.791s] 
[0.791s]   CMake variable FLANN_ROOT is set to:
[0.791s] 
[0.791s]     /usr
[0.791s] 
[0.791s]   For compatibility, find_package is ignoring the variable, but code in a
[0.791s]   .cmake module might still use it.
[0.791s] Call Stack (most recent call first):
[0.791s]   /usr/lib/x86_64-linux-gnu/cmake/pcl/PCLConfig.cmake:261 (find_package)
[0.791s]   /usr/lib/x86_64-linux-gnu/cmake/pcl/PCLConfig.cmake:306 (find_flann)
[0.791s]   /usr/lib/x86_64-linux-gnu/cmake/pcl/PCLConfig.cmake:570 (find_external_library)
[0.791s]   /opt/ros/jazzy/share/pcl_conversions/cmake/ament_cmake_export_dependencies-extras.cmake:21 (find_package)
[0.791s]   /opt/ros/jazzy/share/pcl_conversions/cmake/pcl_conversionsConfig.cmake:41 (include)
[0.791s]   CMakeLists.txt:36 (find_package)
[0.791s] This warning is for project developers.  Use -Wno-dev to suppress it.
[0.791s] [0m
[0.792s] -- Found flann version 1.9.2
[1.322s] -- OpenNI found (version: 1.5.4.0, include: /usr/include/ni, lib: /usr/lib/libOpenNI.so;libusb::libusb)
[1.329s] -- OpenNI2 found (version: 2.2.0.33, include: /usr/include/openni2, lib: /usr/lib/x86_64-linux-gnu/libOpenNI2.so;libusb::libusb)
[1.335s] -- Could NOT find Pcap (missing: PCAP_LIBRARIES PCAP_INCLUDE_DIRS) 
[1.733s] -- OpenNI found (version: 1.5.4.0, include: /usr/include/ni, lib: /usr/lib/libOpenNI.so;libusb::libusb)
[1.738s] -- OpenNI2 found (version: 2.2.0.33, include: /usr/include/openni2, lib: /usr/lib/x86_64-linux-gnu/libOpenNI2.so;libusb::libusb)
[2.078s] -- Found Qhull version 8.0.2
[2.430s] -- OpenNI found (version: 1.5.4.0, include: /usr/include/ni, lib: /usr/lib/libOpenNI.so;libusb::libusb)
[2.764s] [33mCMake Warning (dev) at CMakeLists.txt:37 (find_package):
[2.765s]   Policy CMP0074 is not set: find_package uses <PackageName>_ROOT variables.
[2.765s]   Run "cmake --help-policy CMP0074" for policy details.  Use the cmake_policy
[2.765s]   command to set the policy and suppress this warning.
[2.765s] 
[2.765s]   CMake variable PCL_ROOT is set to:
[2.765s] 
[2.765s]     /usr
[2.765s] 
[2.765s]   For compatibility, CMake is ignoring the variable.
[2.765s] This warning is for project developers.  Use -Wno-dev to suppress it.
[2.765s] [0m
[2.775s] -- Found visualization_msgs: 5.3.6 (/opt/ros/jazzy/share/visualization_msgs/cmake)
[2.935s] -- Configuring done (2.8s)
[3.002s] -- Generating done (0.1s)
[3.007s] -- Build files have been written to: /home/daisuke/unitree_ros_ws/src/point_lio_unilidar/build/point_lio_unilidar
[3.113s] [ 16%] [32mBuilding CXX object CMakeFiles/pointlio_mapping.dir/src/laserMapping.cpp.o[0m
[7.470s] In file included from [01m[K/usr/include/boost/bind/detail/requires_cxx11.hpp:9[m[K,
[7.471s]                  from [01m[K/usr/include/boost/bind/bind.hpp:24[m[K,
[7.471s]                  from [01m[K/usr/include/boost/bind.hpp:29[m[K,
[7.471s]                  from [01m[K/home/daisuke/unitree_ros_ws/src/point_lio_unilidar/include/../include/IKFoM/IKFoM_toolkit/esekfom/esekfom.hpp:42[m[K,
[7.471s]                  from [01m[K/home/daisuke/unitree_ros_ws/src/point_lio_unilidar/src/Estimator.h:4[m[K,
[7.471s]                  from [01m[K/home/daisuke/unitree_ros_ws/src/point_lio_unilidar/src/laserMapping.cpp:36[m[K:
[7.471s] [01m[K/usr/include/boost/bind.hpp:36:1:[m[K [01;36m[Knote: [m[K‘[01m[K#pragma message: The practice of declaring the Bind placeholders (_1, _2, ...) in the global namespace is deprecated. Please use <boost/bind/bind.hpp> + using namespace boost::placeholders, or define BOOST_BIND_GLOBAL_PLACEHOLDERS to retain the current behavior.[m[K’
[7.471s]    36 | [01;36m[KBOOST_PRAGMA_MESSAGE[m[K(
[7.471s]       | [01;36m[K^~~~~~~~~~~~~~~~~~~~[m[K
[29.152s] [ 33%] [32m[1mLinking CXX executable pointlio_mapping[0m
[30.056s] [100%] Built target pointlio_mapping
[30.064s] Invoked command in '/home/daisuke/unitree_ros_ws/src/point_lio_unilidar_ros2/build/point_lio_unilidar' returned '0': CMAKE_PREFIX_PATH=/home/daisuke/ros2_ws/install/zed_ros2:/home/daisuke/ros2_ws/install/zed_robot_integration:/home/daisuke/ros2_ws/install/zed_ipc:/home/daisuke/ros2_ws/install/zed_multi_camera:/home/daisuke/ros2_ws/install/zed_display_rviz2:/home/daisuke/ros2_ws/install/zed_depth_to_laserscan:/home/daisuke/ros2_ws/install/zed_wrapper:/home/daisuke/ros2_ws/install/zed_tutorial_video:/home/daisuke/ros2_ws/install/zed_tutorial_pos_tracking:/home/daisuke/ros2_ws/install/zed_tutorial_depth:/home/daisuke/ros2_ws/install/zed_topic_benchmark_interfaces:/home/daisuke/ros2_ws/install/zed_rgb_convert:/home/daisuke/ros2_ws/install/zed_aruco_localization:/home/daisuke/ros2_ws/install/zed_components:/home/daisuke/ros2_ws/install/rviz_plugin_zed_od:/home/daisuke/ros2_ws/install/kobuki_ros:/home/daisuke/ros2_ws/install/kobuki_safety_controller:/home/daisuke/ros2_ws/install/kobuki_random_walker:/home/daisuke/ros2_ws/install/kobuki_node:/home/daisuke/ros2_ws/install/kobuki_keyop:/home/daisuke/ros2_ws/install/kobuki_bumper2pc:/home/daisuke/ros2_ws/install/kobuki_auto_docking:/home/daisuke/ros2_ws/install/kobuki_ros_interfaces:/home/daisuke/ros2_ws/install/kobuki_description:/home/daisuke/ros2_ws/install/kobuki_core:/opt/ros/jazzy:/home/daisuke/ros2_ws/install/ekf:/home/daisuke/ros2_ws/install/ecl_core:/home/daisuke/ros2_ws/install/ecl_core_apps:/home/daisuke/ros2_ws/install/ecl_streams:/home/daisuke/ros2_ws/install/ecl_sigslots:/home/daisuke/ros2_ws/install/ecl_ipc:/home/daisuke/ros2_ws/install/ecl_devices:/home/daisuke/ros2_ws/install/ecl_threads:/home/daisuke/ros2_ws/install/ecl_mobile_robot:/home/daisuke/ros2_ws/install/ecl_manipulators:/home/daisuke/ros2_ws/install/ecl_geometry:/home/daisuke/ros2_ws/install/ecl_containers:/home/daisuke/ros2_ws/install/ecl_utilities:/home/daisuke/ros2_ws/install/ecl_statistics:/home/daisuke/ros2_ws/install/ecl_linear_algebra:/home/daisuke/ros2_ws/install/ecl_math:/home/daisuke/ros2_ws/install/ecl_formatters:/home/daisuke/ros2_ws/install/ecl_converters:/home/daisuke/ros2_ws/install/ecl_concepts:/home/daisuke/ros2_ws/install/ecl_type_traits:/home/daisuke/ros2_ws/install/ecl_time:/home/daisuke/ros2_ws/install/ecl_lite:/home/daisuke/ros2_ws/install/ecl_time_lite:/home/daisuke/ros2_ws/install/ecl_sigslots_lite:/home/daisuke/ros2_ws/install/ecl_mpl:/home/daisuke/ros2_ws/install/ecl_io:/home/daisuke/ros2_ws/install/ecl_filesystem:/home/daisuke/ros2_ws/install/ecl_exceptions:/home/daisuke/ros2_ws/install/ecl_errors:/home/daisuke/ros2_ws/install/ecl_eigen:/home/daisuke/ros2_ws/install/ecl_converters_lite:/home/daisuke/ros2_ws/install/ecl_console:/home/daisuke/ros2_ws/install/ecl_config:/home/daisuke/ros2_ws/install/ecl_command_line:/home/daisuke/ros2_ws/install/cmd_vel_mux:/opt/ros/jazzy/opt/gz_math_vendor:/opt/ros/jazzy/opt/gz_utils_vendor:/opt/ros/jazzy/opt/gz_cmake_vendor DEBUGINFOD_URLS=https://debuginfod.ubuntu.com /usr/bin/cmake --build /home/daisuke/unitree_ros_ws/src/point_lio_unilidar_ros2/build/point_lio_unilidar -- -j16 -l16
[30.075s] Invoking command in '/home/daisuke/unitree_ros_ws/src/point_lio_unilidar_ros2/build/point_lio_unilidar': CMAKE_PREFIX_PATH=/home/daisuke/ros2_ws/install/zed_ros2:/home/daisuke/ros2_ws/install/zed_robot_integration:/home/daisuke/ros2_ws/install/zed_ipc:/home/daisuke/ros2_ws/install/zed_multi_camera:/home/daisuke/ros2_ws/install/zed_display_rviz2:/home/daisuke/ros2_ws/install/zed_depth_to_laserscan:/home/daisuke/ros2_ws/install/zed_wrapper:/home/daisuke/ros2_ws/install/zed_tutorial_video:/home/daisuke/ros2_ws/install/zed_tutorial_pos_tracking:/home/daisuke/ros2_ws/install/zed_tutorial_depth:/home/daisuke/ros2_ws/install/zed_topic_benchmark_interfaces:/home/daisuke/ros2_ws/install/zed_rgb_convert:/home/daisuke/ros2_ws/install/zed_aruco_localization:/home/daisuke/ros2_ws/install/zed_components:/home/daisuke/ros2_ws/install/rviz_plugin_zed_od:/home/daisuke/ros2_ws/install/kobuki_ros:/home/daisuke/ros2_ws/install/kobuki_safety_controller:/home/daisuke/ros2_ws/install/kobuki_random_walker:/home/daisuke/ros2_ws/install/kobuki_node:/home/daisuke/ros2_ws/install/kobuki_keyop:/home/daisuke/ros2_ws/install/kobuki_bumper2pc:/home/daisuke/ros2_ws/install/kobuki_auto_docking:/home/daisuke/ros2_ws/install/kobuki_ros_interfaces:/home/daisuke/ros2_ws/install/kobuki_description:/home/daisuke/ros2_ws/install/kobuki_core:/opt/ros/jazzy:/home/daisuke/ros2_ws/install/ekf:/home/daisuke/ros2_ws/install/ecl_core:/home/daisuke/ros2_ws/install/ecl_core_apps:/home/daisuke/ros2_ws/install/ecl_streams:/home/daisuke/ros2_ws/install/ecl_sigslots:/home/daisuke/ros2_ws/install/ecl_ipc:/home/daisuke/ros2_ws/install/ecl_devices:/home/daisuke/ros2_ws/install/ecl_threads:/home/daisuke/ros2_ws/install/ecl_mobile_robot:/home/daisuke/ros2_ws/install/ecl_manipulators:/home/daisuke/ros2_ws/install/ecl_geometry:/home/daisuke/ros2_ws/install/ecl_containers:/home/daisuke/ros2_ws/install/ecl_utilities:/home/daisuke/ros2_ws/install/ecl_statistics:/home/daisuke/ros2_ws/install/ecl_linear_algebra:/home/daisuke/ros2_ws/install/ecl_math:/home/daisuke/ros2_ws/install/ecl_formatters:/home/daisuke/ros2_ws/install/ecl_converters:/home/daisuke/ros2_ws/install/ecl_concepts:/home/daisuke/ros2_ws/install/ecl_type_traits:/home/daisuke/ros2_ws/install/ecl_time:/home/daisuke/ros2_ws/install/ecl_lite:/home/daisuke/ros2_ws/install/ecl_time_lite:/home/daisuke/ros2_ws/install/ecl_sigslots_lite:/home/daisuke/ros2_ws/install/ecl_mpl:/home/daisuke/ros2_ws/install/ecl_io:/home/daisuke/ros2_ws/install/ecl_filesystem:/home/daisuke/ros2_ws/install/ecl_exceptions:/home/daisuke/ros2_ws/install/ecl_errors:/home/daisuke/ros2_ws/install/ecl_eigen:/home/daisuke/ros2_ws/install/ecl_converters_lite:/home/daisuke/ros2_ws/install/ecl_console:/home/daisuke/ros2_ws/install/ecl_config:/home/daisuke/ros2_ws/install/ecl_command_line:/home/daisuke/ros2_ws/install/cmd_vel_mux:/opt/ros/jazzy/opt/gz_math_vendor:/opt/ros/jazzy/opt/gz_utils_vendor:/opt/ros/jazzy/opt/gz_cmake_vendor DEBUGINFOD_URLS=https://debuginfod.ubuntu.com /usr/bin/cmake --install /home/daisuke/unitree_ros_ws/src/point_lio_unilidar_ros2/build/point_lio_unilidar
[30.080s] -- Install configuration: "Release"
[30.081s] -- Execute custom install script
[30.081s] -- Up-to-date symlink: /home/daisuke/unitree_ros_ws/src/point_lio_unilidar/install/point_lio_unilidar/lib/point_lio_unilidar/pointlio_mapping
[30.082s] -- Up-to-date symlink: /home/daisuke/unitree_ros_ws/src/point_lio_unilidar/install/point_lio_unilidar/share/point_lio_unilidar/launch/gdb_debug_example.launch
[30.082s] -- Up-to-date symlink: /home/daisuke/unitree_ros_ws/src/point_lio_unilidar/install/point_lio_unilidar/share/point_lio_unilidar/launch/mapping_avia.launch
[30.082s] -- Up-to-date symlink: /home/daisuke/unitree_ros_ws/src/point_lio_unilidar/install/point_lio_unilidar/share/point_lio_unilidar/launch/mapping_horizon.launch
[30.082s] -- Up-to-date symlink: /home/daisuke/unitree_ros_ws/src/point_lio_unilidar/install/point_lio_unilidar/share/point_lio_unilidar/launch/mapping_ouster64.launch
[30.082s] -- Up-to-date symlink: /home/daisuke/unitree_ros_ws/src/point_lio_unilidar/install/point_lio_unilidar/share/point_lio_unilidar/launch/mapping_unilidar_l1.launch
[30.082s] -- Up-to-date symlink: /home/daisuke/unitree_ros_ws/src/point_lio_unilidar/install/point_lio_unilidar/share/point_lio_unilidar/launch/mapping_unilidar_l1.launch.py
[30.082s] -- Up-to-date symlink: /home/daisuke/unitree_ros_ws/src/point_lio_unilidar/install/point_lio_unilidar/share/point_lio_unilidar/launch/mapping_unilidar_l2.launch
[30.082s] -- Up-to-date symlink: /home/daisuke/unitree_ros_ws/src/point_lio_unilidar/install/point_lio_unilidar/share/point_lio_unilidar/launch/mapping_velody16.launch
[30.082s] -- Up-to-date symlink: /home/daisuke/unitree_ros_ws/src/point_lio_unilidar/install/point_lio_unilidar/share/point_lio_unilidar/config/avia.yaml
[30.082s] -- Up-to-date symlink: /home/daisuke/unitree_ros_ws/src/point_lio_unilidar/install/point_lio_unilidar/share/point_lio_unilidar/config/backup/horizon.yaml.orig
[30.083s] -- Up-to-date symlink: /home/daisuke/unitree_ros_ws/src/point_lio_unilidar/install/point_lio_unilidar/share/point_lio_unilidar/config/backup/ouster64.yaml.orig
[30.083s] -- Up-to-date symlink: /home/daisuke/unitree_ros_ws/src/point_lio_unilidar/install/point_lio_unilidar/share/point_lio_unilidar/config/backup/unilidar_l1.yaml.orig
[30.083s] -- Up-to-date symlink: /home/daisuke/unitree_ros_ws/src/point_lio_unilidar/install/point_lio_unilidar/share/point_lio_unilidar/config/backup/unilidar_l2.yaml.orig
[30.083s] -- Up-to-date symlink: /home/daisuke/unitree_ros_ws/src/point_lio_unilidar/install/point_lio_unilidar/share/point_lio_unilidar/config/backup/velody16.yaml.orig
[30.083s] -- Up-to-date symlink: /home/daisuke/unitree_ros_ws/src/point_lio_unilidar/install/point_lio_unilidar/share/point_lio_unilidar/config/horizon.yaml
[30.083s] -- Up-to-date symlink: /home/daisuke/unitree_ros_ws/src/point_lio_unilidar/install/point_lio_unilidar/share/point_lio_unilidar/config/ouster64.yaml
[30.083s] -- Up-to-date symlink: /home/daisuke/unitree_ros_ws/src/point_lio_unilidar/install/point_lio_unilidar/share/point_lio_unilidar/config/unilidar_l1.yaml
[30.083s] -- Up-to-date symlink: /home/daisuke/unitree_ros_ws/src/point_lio_unilidar/install/point_lio_unilidar/share/point_lio_unilidar/config/unilidar_l2.yaml
[30.083s] -- Up-to-date symlink: /home/daisuke/unitree_ros_ws/src/point_lio_unilidar/install/point_lio_unilidar/share/point_lio_unilidar/config/velody16.yaml
[30.083s] -- Up-to-date symlink: /home/daisuke/unitree_ros_ws/src/point_lio_unilidar/install/point_lio_unilidar/share/point_lio_unilidar/rviz_cfg/.gitignore
[30.083s] -- Up-to-date symlink: /home/daisuke/unitree_ros_ws/src/point_lio_unilidar/install/point_lio_unilidar/share/point_lio_unilidar/rviz_cfg/loam_livox.rviz
[30.083s] -- Up-to-date symlink: /home/daisuke/unitree_ros_ws/src/point_lio_unilidar/install/point_lio_unilidar/share/point_lio_unilidar/rviz_cfg/loam_unilidar_default.rviz
[30.083s] -- Up-to-date symlink: /home/daisuke/unitree_ros_ws/src/point_lio_unilidar/install/point_lio_unilidar/share/point_lio_unilidar/rviz_cfg/loam_unilidar_display.rviz
[30.083s] -- Up-to-date symlink: /home/daisuke/unitree_ros_ws/src/point_lio_unilidar/install/point_lio_unilidar/share/ament_index/resource_index/package_run_dependencies/point_lio_unilidar
[30.083s] -- Up-to-date symlink: /home/daisuke/unitree_ros_ws/src/point_lio_unilidar/install/point_lio_unilidar/share/ament_index/resource_index/parent_prefix_path/point_lio_unilidar
[30.084s] -- Up-to-date symlink: /home/daisuke/unitree_ros_ws/src/point_lio_unilidar/install/point_lio_unilidar/share/point_lio_unilidar/environment/ament_prefix_path.sh
[30.084s] -- Up-to-date symlink: /home/daisuke/unitree_ros_ws/src/point_lio_unilidar/install/point_lio_unilidar/share/point_lio_unilidar/environment/ament_prefix_path.dsv
[30.084s] -- Up-to-date symlink: /home/daisuke/unitree_ros_ws/src/point_lio_unilidar/install/point_lio_unilidar/share/point_lio_unilidar/environment/path.sh
[30.084s] -- Up-to-date symlink: /home/daisuke/unitree_ros_ws/src/point_lio_unilidar/install/point_lio_unilidar/share/point_lio_unilidar/environment/path.dsv
[30.084s] -- Up-to-date symlink: /home/daisuke/unitree_ros_ws/src/point_lio_unilidar/install/point_lio_unilidar/share/point_lio_unilidar/local_setup.bash
[30.084s] -- Up-to-date symlink: /home/daisuke/unitree_ros_ws/src/point_lio_unilidar/install/point_lio_unilidar/share/point_lio_unilidar/local_setup.sh
[30.084s] -- Up-to-date symlink: /home/daisuke/unitree_ros_ws/src/point_lio_unilidar/install/point_lio_unilidar/share/point_lio_unilidar/local_setup.zsh
[30.084s] -- Up-to-date symlink: /home/daisuke/unitree_ros_ws/src/point_lio_unilidar/install/point_lio_unilidar/share/point_lio_unilidar/local_setup.dsv
[30.084s] -- Symlinking: /home/daisuke/unitree_ros_ws/src/point_lio_unilidar/install/point_lio_unilidar/share/point_lio_unilidar/package.dsv
[30.093s] -- Up-to-date symlink: /home/daisuke/unitree_ros_ws/src/point_lio_unilidar/install/point_lio_unilidar/share/ament_index/resource_index/packages/point_lio_unilidar
[30.093s] -- Up-to-date symlink: /home/daisuke/unitree_ros_ws/src/point_lio_unilidar/install/point_lio_unilidar/share/point_lio_unilidar/cmake/point_lio_unilidarConfig.cmake
[30.093s] -- Up-to-date symlink: /home/daisuke/unitree_ros_ws/src/point_lio_unilidar/install/point_lio_unilidar/share/point_lio_unilidar/cmake/point_lio_unilidarConfig-version.cmake
[30.093s] -- Up-to-date symlink: /home/daisuke/unitree_ros_ws/src/point_lio_unilidar/install/point_lio_unilidar/share/point_lio_unilidar/package.xml
[30.094s] Invoked command in '/home/daisuke/unitree_ros_ws/src/point_lio_unilidar_ros2/build/point_lio_unilidar' returned '0': CMAKE_PREFIX_PATH=/home/daisuke/ros2_ws/install/zed_ros2:/home/daisuke/ros2_ws/install/zed_robot_integration:/home/daisuke/ros2_ws/install/zed_ipc:/home/daisuke/ros2_ws/install/zed_multi_camera:/home/daisuke/ros2_ws/install/zed_display_rviz2:/home/daisuke/ros2_ws/install/zed_depth_to_laserscan:/home/daisuke/ros2_ws/install/zed_wrapper:/home/daisuke/ros2_ws/install/zed_tutorial_video:/home/daisuke/ros2_ws/install/zed_tutorial_pos_tracking:/home/daisuke/ros2_ws/install/zed_tutorial_depth:/home/daisuke/ros2_ws/install/zed_topic_benchmark_interfaces:/home/daisuke/ros2_ws/install/zed_rgb_convert:/home/daisuke/ros2_ws/install/zed_aruco_localization:/home/daisuke/ros2_ws/install/zed_components:/home/daisuke/ros2_ws/install/rviz_plugin_zed_od:/home/daisuke/ros2_ws/install/kobuki_ros:/home/daisuke/ros2_ws/install/kobuki_safety_controller:/home/daisuke/ros2_ws/install/kobuki_random_walker:/home/daisuke/ros2_ws/install/kobuki_node:/home/daisuke/ros2_ws/install/kobuki_keyop:/home/daisuke/ros2_ws/install/kobuki_bumper2pc:/home/daisuke/ros2_ws/install/kobuki_auto_docking:/home/daisuke/ros2_ws/install/kobuki_ros_interfaces:/home/daisuke/ros2_ws/install/kobuki_description:/home/daisuke/ros2_ws/install/kobuki_core:/opt/ros/jazzy:/home/daisuke/ros2_ws/install/ekf:/home/daisuke/ros2_ws/install/ecl_core:/home/daisuke/ros2_ws/install/ecl_core_apps:/home/daisuke/ros2_ws/install/ecl_streams:/home/daisuke/ros2_ws/install/ecl_sigslots:/home/daisuke/ros2_ws/install/ecl_ipc:/home/daisuke/ros2_ws/install/ecl_devices:/home/daisuke/ros2_ws/install/ecl_threads:/home/daisuke/ros2_ws/install/ecl_mobile_robot:/home/daisuke/ros2_ws/install/ecl_manipulators:/home/daisuke/ros2_ws/install/ecl_geometry:/home/daisuke/ros2_ws/install/ecl_containers:/home/daisuke/ros2_ws/install/ecl_utilities:/home/daisuke/ros2_ws/install/ecl_statistics:/home/daisuke/ros2_ws/install/ecl_linear_algebra:/home/daisuke/ros2_ws/install/ecl_math:/home/daisuke/ros2_ws/install/ecl_formatters:/home/daisuke/ros2_ws/install/ecl_converters:/home/daisuke/ros2_ws/install/ecl_concepts:/home/daisuke/ros2_ws/install/ecl_type_traits:/home/daisuke/ros2_ws/install/ecl_time:/home/daisuke/ros2_ws/install/ecl_lite:/home/daisuke/ros2_ws/install/ecl_time_lite:/home/daisuke/ros2_ws/install/ecl_sigslots_lite:/home/daisuke/ros2_ws/install/ecl_mpl:/home/daisuke/ros2_ws/install/ecl_io:/home/daisuke/ros2_ws/install/ecl_filesystem:/home/daisuke/ros2_ws/install/ecl_exceptions:/home/daisuke/ros2_ws/install/ecl_errors:/home/daisuke/ros2_ws/install/ecl_eigen:/home/daisuke/ros2_ws/install/ecl_converters_lite:/home/daisuke/ros2_ws/install/ecl_console:/home/daisuke/ros2_ws/install/ecl_config:/home/daisuke/ros2_ws/install/ecl_command_line:/home/daisuke/ros2_ws/install/cmd_vel_mux:/opt/ros/jazzy/opt/gz_math_vendor:/opt/ros/jazzy/opt/gz_utils_vendor:/opt/ros/jazzy/opt/gz_cmake_vendor DEBUGINFOD_URLS=https://debuginfod.ubuntu.com /usr/bin/cmake --install /home/daisuke/unitree_ros_ws/src/point_lio_unilidar_ros2/build/point_lio_unilidar
