[ 16%] [32mBuilding CXX object CMakeFiles/pointlio_mapping.dir/src/laserMapping.cpp.o[0m
In file included from [01m[K/usr/include/boost/bind/detail/requires_cxx11.hpp:9[m[K,
                 from [01m[K/usr/include/boost/bind/bind.hpp:24[m[K,
                 from [01m[K/usr/include/boost/bind.hpp:29[m[K,
                 from [01m[K/home/daisuke/unitree_ros_ws/src/point_lio_unilidar/include/../include/IKFoM/IKFoM_toolkit/esekfom/esekfom.hpp:42[m[K,
                 from [01m[K/home/daisuke/unitree_ros_ws/src/point_lio_unilidar/src/Estimator.h:4[m[K,
                 from [01m[K/home/daisuke/unitree_ros_ws/src/point_lio_unilidar/src/laserMapping.cpp:36[m[K:
[01m[K/usr/include/boost/bind.hpp:36:1:[m[K [01;36m[Knote: [m[K‘[01m[K#pragma message: The practice of declaring the Bind placeholders (_1, _2, ...) in the global namespace is deprecated. Please use <boost/bind/bind.hpp> + using namespace boost::placeholders, or define BOOST_BIND_GLOBAL_PLACEHOLDERS to retain the current behavior.[m[K’
   36 | [01;36m[KBOOST_PRAGMA_MESSAGE[m[K(
      | [01;36m[K^~~~~~~~~~~~~~~~~~~~[m[K
[ 33%] [32m[1mLinking CXX executable pointlio_mapping[0m
[100%] Built target pointlio_mapping
-- Install configuration: "Release"
-- Execute custom install script
-- Up-to-date symlink: /home/daisuke/unitree_ros_ws/src/point_lio_unilidar/install/point_lio_unilidar/lib/point_lio_unilidar/pointlio_mapping
-- Up-to-date symlink: /home/daisuke/unitree_ros_ws/src/point_lio_unilidar/install/point_lio_unilidar/share/point_lio_unilidar/launch/gdb_debug_example.launch
-- Up-to-date symlink: /home/daisuke/unitree_ros_ws/src/point_lio_unilidar/install/point_lio_unilidar/share/point_lio_unilidar/launch/mapping_avia.launch
-- Up-to-date symlink: /home/daisuke/unitree_ros_ws/src/point_lio_unilidar/install/point_lio_unilidar/share/point_lio_unilidar/launch/mapping_horizon.launch
-- Up-to-date symlink: /home/daisuke/unitree_ros_ws/src/point_lio_unilidar/install/point_lio_unilidar/share/point_lio_unilidar/launch/mapping_ouster64.launch
-- Up-to-date symlink: /home/daisuke/unitree_ros_ws/src/point_lio_unilidar/install/point_lio_unilidar/share/point_lio_unilidar/launch/mapping_unilidar_l1.launch
-- Up-to-date symlink: /home/daisuke/unitree_ros_ws/src/point_lio_unilidar/install/point_lio_unilidar/share/point_lio_unilidar/launch/mapping_unilidar_l1.launch.py
-- Up-to-date symlink: /home/daisuke/unitree_ros_ws/src/point_lio_unilidar/install/point_lio_unilidar/share/point_lio_unilidar/launch/mapping_unilidar_l2.launch
-- Up-to-date symlink: /home/daisuke/unitree_ros_ws/src/point_lio_unilidar/install/point_lio_unilidar/share/point_lio_unilidar/launch/mapping_velody16.launch
-- Up-to-date symlink: /home/daisuke/unitree_ros_ws/src/point_lio_unilidar/install/point_lio_unilidar/share/point_lio_unilidar/config/avia.yaml
-- Up-to-date symlink: /home/daisuke/unitree_ros_ws/src/point_lio_unilidar/install/point_lio_unilidar/share/point_lio_unilidar/config/backup/horizon.yaml.orig
-- Up-to-date symlink: /home/daisuke/unitree_ros_ws/src/point_lio_unilidar/install/point_lio_unilidar/share/point_lio_unilidar/config/backup/ouster64.yaml.orig
-- Up-to-date symlink: /home/daisuke/unitree_ros_ws/src/point_lio_unilidar/install/point_lio_unilidar/share/point_lio_unilidar/config/backup/unilidar_l1.yaml.orig
-- Up-to-date symlink: /home/daisuke/unitree_ros_ws/src/point_lio_unilidar/install/point_lio_unilidar/share/point_lio_unilidar/config/backup/unilidar_l2.yaml.orig
-- Up-to-date symlink: /home/daisuke/unitree_ros_ws/src/point_lio_unilidar/install/point_lio_unilidar/share/point_lio_unilidar/config/backup/velody16.yaml.orig
-- Up-to-date symlink: /home/daisuke/unitree_ros_ws/src/point_lio_unilidar/install/point_lio_unilidar/share/point_lio_unilidar/config/horizon.yaml
-- Up-to-date symlink: /home/daisuke/unitree_ros_ws/src/point_lio_unilidar/install/point_lio_unilidar/share/point_lio_unilidar/config/ouster64.yaml
-- Up-to-date symlink: /home/daisuke/unitree_ros_ws/src/point_lio_unilidar/install/point_lio_unilidar/share/point_lio_unilidar/config/unilidar_l1.yaml
-- Up-to-date symlink: /home/daisuke/unitree_ros_ws/src/point_lio_unilidar/install/point_lio_unilidar/share/point_lio_unilidar/config/unilidar_l2.yaml
-- Up-to-date symlink: /home/daisuke/unitree_ros_ws/src/point_lio_unilidar/install/point_lio_unilidar/share/point_lio_unilidar/config/velody16.yaml
-- Up-to-date symlink: /home/daisuke/unitree_ros_ws/src/point_lio_unilidar/install/point_lio_unilidar/share/point_lio_unilidar/rviz_cfg/.gitignore
-- Up-to-date symlink: /home/daisuke/unitree_ros_ws/src/point_lio_unilidar/install/point_lio_unilidar/share/point_lio_unilidar/rviz_cfg/loam_livox.rviz
-- Up-to-date symlink: /home/daisuke/unitree_ros_ws/src/point_lio_unilidar/install/point_lio_unilidar/share/point_lio_unilidar/rviz_cfg/loam_unilidar_default.rviz
-- Up-to-date symlink: /home/daisuke/unitree_ros_ws/src/point_lio_unilidar/install/point_lio_unilidar/share/point_lio_unilidar/rviz_cfg/loam_unilidar_display.rviz
-- Up-to-date symlink: /home/daisuke/unitree_ros_ws/src/point_lio_unilidar/install/point_lio_unilidar/share/ament_index/resource_index/package_run_dependencies/point_lio_unilidar
-- Up-to-date symlink: /home/daisuke/unitree_ros_ws/src/point_lio_unilidar/install/point_lio_unilidar/share/ament_index/resource_index/parent_prefix_path/point_lio_unilidar
-- Up-to-date symlink: /home/daisuke/unitree_ros_ws/src/point_lio_unilidar/install/point_lio_unilidar/share/point_lio_unilidar/environment/ament_prefix_path.sh
-- Up-to-date symlink: /home/daisuke/unitree_ros_ws/src/point_lio_unilidar/install/point_lio_unilidar/share/point_lio_unilidar/environment/ament_prefix_path.dsv
-- Up-to-date symlink: /home/daisuke/unitree_ros_ws/src/point_lio_unilidar/install/point_lio_unilidar/share/point_lio_unilidar/environment/path.sh
-- Up-to-date symlink: /home/daisuke/unitree_ros_ws/src/point_lio_unilidar/install/point_lio_unilidar/share/point_lio_unilidar/environment/path.dsv
-- Up-to-date symlink: /home/daisuke/unitree_ros_ws/src/point_lio_unilidar/install/point_lio_unilidar/share/point_lio_unilidar/local_setup.bash
-- Up-to-date symlink: /home/daisuke/unitree_ros_ws/src/point_lio_unilidar/install/point_lio_unilidar/share/point_lio_unilidar/local_setup.sh
-- Up-to-date symlink: /home/daisuke/unitree_ros_ws/src/point_lio_unilidar/install/point_lio_unilidar/share/point_lio_unilidar/local_setup.zsh
-- Up-to-date symlink: /home/daisuke/unitree_ros_ws/src/point_lio_unilidar/install/point_lio_unilidar/share/point_lio_unilidar/local_setup.dsv
-- Symlinking: /home/daisuke/unitree_ros_ws/src/point_lio_unilidar/install/point_lio_unilidar/share/point_lio_unilidar/package.dsv
-- Up-to-date symlink: /home/daisuke/unitree_ros_ws/src/point_lio_unilidar/install/point_lio_unilidar/share/ament_index/resource_index/packages/point_lio_unilidar
-- Up-to-date symlink: /home/daisuke/unitree_ros_ws/src/point_lio_unilidar/install/point_lio_unilidar/share/point_lio_unilidar/cmake/point_lio_unilidarConfig.cmake
-- Up-to-date symlink: /home/daisuke/unitree_ros_ws/src/point_lio_unilidar/install/point_lio_unilidar/share/point_lio_unilidar/cmake/point_lio_unilidarConfig-version.cmake
-- Up-to-date symlink: /home/daisuke/unitree_ros_ws/src/point_lio_unilidar/install/point_lio_unilidar/share/point_lio_unilidar/package.xml
