[0.014s] Invoking command in '/home/daisuke/unitree_ros_ws/src/point_lio_unilidar_ros2/build/point_lio_unilidar': CMAKE_PREFIX_PATH=/home/daisuke/ros2_ws/install/zed_ros2:/home/daisuke/ros2_ws/install/zed_robot_integration:/home/daisuke/ros2_ws/install/zed_ipc:/home/daisuke/ros2_ws/install/zed_multi_camera:/home/daisuke/ros2_ws/install/zed_display_rviz2:/home/daisuke/ros2_ws/install/zed_depth_to_laserscan:/home/daisuke/ros2_ws/install/zed_wrapper:/home/daisuke/ros2_ws/install/zed_tutorial_video:/home/daisuke/ros2_ws/install/zed_tutorial_pos_tracking:/home/daisuke/ros2_ws/install/zed_tutorial_depth:/home/daisuke/ros2_ws/install/zed_topic_benchmark_interfaces:/home/daisuke/ros2_ws/install/zed_rgb_convert:/home/daisuke/ros2_ws/install/zed_aruco_localization:/home/daisuke/ros2_ws/install/zed_components:/home/daisuke/ros2_ws/install/rviz_plugin_zed_od:/home/daisuke/ros2_ws/install/kobuki_ros:/home/daisuke/ros2_ws/install/kobuki_safety_controller:/home/daisuke/ros2_ws/install/kobuki_random_walker:/home/daisuke/ros2_ws/install/kobuki_node:/home/daisuke/ros2_ws/install/kobuki_keyop:/home/daisuke/ros2_ws/install/kobuki_bumper2pc:/home/daisuke/ros2_ws/install/kobuki_auto_docking:/home/daisuke/ros2_ws/install/kobuki_ros_interfaces:/home/daisuke/ros2_ws/install/kobuki_description:/home/daisuke/ros2_ws/install/kobuki_core:/opt/ros/jazzy:/home/daisuke/ros2_ws/install/ekf:/home/daisuke/ros2_ws/install/ecl_core:/home/daisuke/ros2_ws/install/ecl_core_apps:/home/daisuke/ros2_ws/install/ecl_streams:/home/daisuke/ros2_ws/install/ecl_sigslots:/home/daisuke/ros2_ws/install/ecl_ipc:/home/daisuke/ros2_ws/install/ecl_devices:/home/daisuke/ros2_ws/install/ecl_threads:/home/daisuke/ros2_ws/install/ecl_mobile_robot:/home/daisuke/ros2_ws/install/ecl_manipulators:/home/daisuke/ros2_ws/install/ecl_geometry:/home/daisuke/ros2_ws/install/ecl_containers:/home/daisuke/ros2_ws/install/ecl_utilities:/home/daisuke/ros2_ws/install/ecl_statistics:/home/daisuke/ros2_ws/install/ecl_linear_algebra:/home/daisuke/ros2_ws/install/ecl_math:/home/daisuke/ros2_ws/install/ecl_formatters:/home/daisuke/ros2_ws/install/ecl_converters:/home/daisuke/ros2_ws/install/ecl_concepts:/home/daisuke/ros2_ws/install/ecl_type_traits:/home/daisuke/ros2_ws/install/ecl_time:/home/daisuke/ros2_ws/install/ecl_lite:/home/daisuke/ros2_ws/install/ecl_time_lite:/home/daisuke/ros2_ws/install/ecl_sigslots_lite:/home/daisuke/ros2_ws/install/ecl_mpl:/home/daisuke/ros2_ws/install/ecl_io:/home/daisuke/ros2_ws/install/ecl_filesystem:/home/daisuke/ros2_ws/install/ecl_exceptions:/home/daisuke/ros2_ws/install/ecl_errors:/home/daisuke/ros2_ws/install/ecl_eigen:/home/daisuke/ros2_ws/install/ecl_converters_lite:/home/daisuke/ros2_ws/install/ecl_console:/home/daisuke/ros2_ws/install/ecl_config:/home/daisuke/ros2_ws/install/ecl_command_line:/home/daisuke/ros2_ws/install/cmd_vel_mux:/opt/ros/jazzy/opt/gz_math_vendor:/opt/ros/jazzy/opt/gz_utils_vendor:/opt/ros/jazzy/opt/gz_cmake_vendor DEBUGINFOD_URLS=https://debuginfod.ubuntu.com /usr/bin/cmake --build /home/daisuke/unitree_ros_ws/src/point_lio_unilidar_ros2/build/point_lio_unilidar -- -j16 -l16
[0.063s] [0mCurrent CPU architecture: x86_64[0m
[0.067s] [0mProcessor number: 16[0m
[0.068s] -- Found ament_cmake: 2.5.4 (/opt/ros/jazzy/share/ament_cmake/cmake)
[0.225s] -- Found rclcpp: 28.1.13 (/opt/ros/jazzy/share/rclcpp/cmake)
[0.254s] -- Found rosidl_generator_c: 4.6.6 (/opt/ros/jazzy/share/rosidl_generator_c/cmake)
[0.260s] -- Found rosidl_generator_cpp: 4.6.6 (/opt/ros/jazzy/share/rosidl_generator_cpp/cmake)
[0.302s] -- Using all available rosidl_typesupport_c: rosidl_typesupport_fastrtps_c;rosidl_typesupport_introspection_c
[0.314s] -- Using all available rosidl_typesupport_cpp: rosidl_typesupport_fastrtps_cpp;rosidl_typesupport_introspection_cpp
[0.358s] -- Found rmw_implementation_cmake: 7.3.2 (/opt/ros/jazzy/share/rmw_implementation_cmake/cmake)
[0.361s] -- Found rmw_fastrtps_cpp: 8.4.3 (/opt/ros/jazzy/share/rmw_fastrtps_cpp/cmake)
[0.418s] -- Using RMW implementation 'rmw_fastrtps_cpp' as default
[0.461s] -- Found sensor_msgs: 5.3.6 (/opt/ros/jazzy/share/sensor_msgs/cmake)
[0.498s] -- Found nav_msgs: 5.3.6 (/opt/ros/jazzy/share/nav_msgs/cmake)
[0.515s] -- Found tf2: 0.36.16 (/opt/ros/jazzy/share/tf2/cmake)
[0.518s] -- Found tf2_ros: 0.36.16 (/opt/ros/jazzy/share/tf2_ros/cmake)
[0.589s] -- Found pcl_conversions: 2.6.2 (/opt/ros/jazzy/share/pcl_conversions/cmake)
[0.623s] [33mCMake Warning (dev) at /usr/lib/x86_64-linux-gnu/cmake/pcl/Modules/FindFLANN.cmake:45 (find_package):
[0.623s]   Policy CMP0144 is not set: find_package uses upper-case <PACKAGENAME>_ROOT
[0.623s]   variables.  Run "cmake --help-policy CMP0144" for policy details.  Use the
[0.623s]   cmake_policy command to set the policy and suppress this warning.
[0.623s] 
[0.623s]   CMake variable FLANN_ROOT is set to:
[0.623s] 
[0.623s]     /usr
[0.623s] 
[0.623s]   For compatibility, find_package is ignoring the variable, but code in a
[0.623s]   .cmake module might still use it.
[0.623s] Call Stack (most recent call first):
[0.623s]   /usr/lib/x86_64-linux-gnu/cmake/pcl/PCLConfig.cmake:261 (find_package)
[0.623s]   /usr/lib/x86_64-linux-gnu/cmake/pcl/PCLConfig.cmake:306 (find_flann)
[0.623s]   /usr/lib/x86_64-linux-gnu/cmake/pcl/PCLConfig.cmake:570 (find_external_library)
[0.623s]   /opt/ros/jazzy/share/pcl_conversions/cmake/ament_cmake_export_dependencies-extras.cmake:21 (find_package)
[0.623s]   /opt/ros/jazzy/share/pcl_conversions/cmake/pcl_conversionsConfig.cmake:41 (include)
[0.624s]   CMakeLists.txt:36 (find_package)
[0.624s] This warning is for project developers.  Use -Wno-dev to suppress it.
[0.624s] [0m
[0.624s] -- Found flann version 1.9.2
[1.052s] -- OpenNI found (version: 1.5.4.0, include: /usr/include/ni, lib: /usr/lib/libOpenNI.so;libusb::libusb)
[1.057s] -- OpenNI2 found (version: 2.2.0.33, include: /usr/include/openni2, lib: /usr/lib/x86_64-linux-gnu/libOpenNI2.so;libusb::libusb)
[1.060s] -- Could NOT find Pcap (missing: PCAP_LIBRARIES PCAP_INCLUDE_DIRS) 
[1.389s] -- OpenNI found (version: 1.5.4.0, include: /usr/include/ni, lib: /usr/lib/libOpenNI.so;libusb::libusb)
[1.394s] -- OpenNI2 found (version: 2.2.0.33, include: /usr/include/openni2, lib: /usr/lib/x86_64-linux-gnu/libOpenNI2.so;libusb::libusb)
[1.696s] -- Found Qhull version 8.0.2
[1.999s] -- OpenNI found (version: 1.5.4.0, include: /usr/include/ni, lib: /usr/lib/libOpenNI.so;libusb::libusb)
[2.299s] [33mCMake Warning (dev) at CMakeLists.txt:37 (find_package):
[2.299s]   Policy CMP0074 is not set: find_package uses <PackageName>_ROOT variables.
[2.299s]   Run "cmake --help-policy CMP0074" for policy details.  Use the cmake_policy
[2.299s]   command to set the policy and suppress this warning.
[2.299s] 
[2.299s]   CMake variable PCL_ROOT is set to:
[2.299s] 
[2.299s]     /usr
[2.299s] 
[2.299s]   For compatibility, CMake is ignoring the variable.
[2.299s] This warning is for project developers.  Use -Wno-dev to suppress it.
[2.299s] [0m
[2.307s] -- Found visualization_msgs: 5.3.6 (/opt/ros/jazzy/share/visualization_msgs/cmake)
[2.416s] -- Configuring done (2.4s)
[2.449s] -- Generating done (0.0s)
[2.453s] -- Build files have been written to: /home/daisuke/unitree_ros_ws/src/point_lio_unilidar_ros2/build/point_lio_unilidar
[2.539s] [ 16%] [32mBuilding CXX object CMakeFiles/pointlio_mapping.dir/src/parameters.cpp.o[0m
[2.539s] [ 33%] [32mBuilding CXX object CMakeFiles/pointlio_mapping.dir/src/Estimator.cpp.o[0m
[2.540s] [ 50%] [32mBuilding CXX object CMakeFiles/pointlio_mapping.dir/include/ikd-Tree/ikd_Tree.cpp.o[0m
[2.540s] [ 83%] [32mBuilding CXX object CMakeFiles/pointlio_mapping.dir/src/laserMapping.cpp.o[0m
[2.540s] [ 83%] [32mBuilding CXX object CMakeFiles/pointlio_mapping.dir/src/preprocess.cpp.o[0m
[30.099s] [100%] [32m[1mLinking CXX executable pointlio_mapping[0m
[30.918s] [100%] Built target pointlio_mapping
[30.928s] Invoked command in '/home/daisuke/unitree_ros_ws/src/point_lio_unilidar_ros2/build/point_lio_unilidar' returned '0': CMAKE_PREFIX_PATH=/home/daisuke/ros2_ws/install/zed_ros2:/home/daisuke/ros2_ws/install/zed_robot_integration:/home/daisuke/ros2_ws/install/zed_ipc:/home/daisuke/ros2_ws/install/zed_multi_camera:/home/daisuke/ros2_ws/install/zed_display_rviz2:/home/daisuke/ros2_ws/install/zed_depth_to_laserscan:/home/daisuke/ros2_ws/install/zed_wrapper:/home/daisuke/ros2_ws/install/zed_tutorial_video:/home/daisuke/ros2_ws/install/zed_tutorial_pos_tracking:/home/daisuke/ros2_ws/install/zed_tutorial_depth:/home/daisuke/ros2_ws/install/zed_topic_benchmark_interfaces:/home/daisuke/ros2_ws/install/zed_rgb_convert:/home/daisuke/ros2_ws/install/zed_aruco_localization:/home/daisuke/ros2_ws/install/zed_components:/home/daisuke/ros2_ws/install/rviz_plugin_zed_od:/home/daisuke/ros2_ws/install/kobuki_ros:/home/daisuke/ros2_ws/install/kobuki_safety_controller:/home/daisuke/ros2_ws/install/kobuki_random_walker:/home/daisuke/ros2_ws/install/kobuki_node:/home/daisuke/ros2_ws/install/kobuki_keyop:/home/daisuke/ros2_ws/install/kobuki_bumper2pc:/home/daisuke/ros2_ws/install/kobuki_auto_docking:/home/daisuke/ros2_ws/install/kobuki_ros_interfaces:/home/daisuke/ros2_ws/install/kobuki_description:/home/daisuke/ros2_ws/install/kobuki_core:/opt/ros/jazzy:/home/daisuke/ros2_ws/install/ekf:/home/daisuke/ros2_ws/install/ecl_core:/home/daisuke/ros2_ws/install/ecl_core_apps:/home/daisuke/ros2_ws/install/ecl_streams:/home/daisuke/ros2_ws/install/ecl_sigslots:/home/daisuke/ros2_ws/install/ecl_ipc:/home/daisuke/ros2_ws/install/ecl_devices:/home/daisuke/ros2_ws/install/ecl_threads:/home/daisuke/ros2_ws/install/ecl_mobile_robot:/home/daisuke/ros2_ws/install/ecl_manipulators:/home/daisuke/ros2_ws/install/ecl_geometry:/home/daisuke/ros2_ws/install/ecl_containers:/home/daisuke/ros2_ws/install/ecl_utilities:/home/daisuke/ros2_ws/install/ecl_statistics:/home/daisuke/ros2_ws/install/ecl_linear_algebra:/home/daisuke/ros2_ws/install/ecl_math:/home/daisuke/ros2_ws/install/ecl_formatters:/home/daisuke/ros2_ws/install/ecl_converters:/home/daisuke/ros2_ws/install/ecl_concepts:/home/daisuke/ros2_ws/install/ecl_type_traits:/home/daisuke/ros2_ws/install/ecl_time:/home/daisuke/ros2_ws/install/ecl_lite:/home/daisuke/ros2_ws/install/ecl_time_lite:/home/daisuke/ros2_ws/install/ecl_sigslots_lite:/home/daisuke/ros2_ws/install/ecl_mpl:/home/daisuke/ros2_ws/install/ecl_io:/home/daisuke/ros2_ws/install/ecl_filesystem:/home/daisuke/ros2_ws/install/ecl_exceptions:/home/daisuke/ros2_ws/install/ecl_errors:/home/daisuke/ros2_ws/install/ecl_eigen:/home/daisuke/ros2_ws/install/ecl_converters_lite:/home/daisuke/ros2_ws/install/ecl_console:/home/daisuke/ros2_ws/install/ecl_config:/home/daisuke/ros2_ws/install/ecl_command_line:/home/daisuke/ros2_ws/install/cmd_vel_mux:/opt/ros/jazzy/opt/gz_math_vendor:/opt/ros/jazzy/opt/gz_utils_vendor:/opt/ros/jazzy/opt/gz_cmake_vendor DEBUGINFOD_URLS=https://debuginfod.ubuntu.com /usr/bin/cmake --build /home/daisuke/unitree_ros_ws/src/point_lio_unilidar_ros2/build/point_lio_unilidar -- -j16 -l16
[30.938s] Invoking command in '/home/daisuke/unitree_ros_ws/src/point_lio_unilidar_ros2/build/point_lio_unilidar': CMAKE_PREFIX_PATH=/home/daisuke/ros2_ws/install/zed_ros2:/home/daisuke/ros2_ws/install/zed_robot_integration:/home/daisuke/ros2_ws/install/zed_ipc:/home/daisuke/ros2_ws/install/zed_multi_camera:/home/daisuke/ros2_ws/install/zed_display_rviz2:/home/daisuke/ros2_ws/install/zed_depth_to_laserscan:/home/daisuke/ros2_ws/install/zed_wrapper:/home/daisuke/ros2_ws/install/zed_tutorial_video:/home/daisuke/ros2_ws/install/zed_tutorial_pos_tracking:/home/daisuke/ros2_ws/install/zed_tutorial_depth:/home/daisuke/ros2_ws/install/zed_topic_benchmark_interfaces:/home/daisuke/ros2_ws/install/zed_rgb_convert:/home/daisuke/ros2_ws/install/zed_aruco_localization:/home/daisuke/ros2_ws/install/zed_components:/home/daisuke/ros2_ws/install/rviz_plugin_zed_od:/home/daisuke/ros2_ws/install/kobuki_ros:/home/daisuke/ros2_ws/install/kobuki_safety_controller:/home/daisuke/ros2_ws/install/kobuki_random_walker:/home/daisuke/ros2_ws/install/kobuki_node:/home/daisuke/ros2_ws/install/kobuki_keyop:/home/daisuke/ros2_ws/install/kobuki_bumper2pc:/home/daisuke/ros2_ws/install/kobuki_auto_docking:/home/daisuke/ros2_ws/install/kobuki_ros_interfaces:/home/daisuke/ros2_ws/install/kobuki_description:/home/daisuke/ros2_ws/install/kobuki_core:/opt/ros/jazzy:/home/daisuke/ros2_ws/install/ekf:/home/daisuke/ros2_ws/install/ecl_core:/home/daisuke/ros2_ws/install/ecl_core_apps:/home/daisuke/ros2_ws/install/ecl_streams:/home/daisuke/ros2_ws/install/ecl_sigslots:/home/daisuke/ros2_ws/install/ecl_ipc:/home/daisuke/ros2_ws/install/ecl_devices:/home/daisuke/ros2_ws/install/ecl_threads:/home/daisuke/ros2_ws/install/ecl_mobile_robot:/home/daisuke/ros2_ws/install/ecl_manipulators:/home/daisuke/ros2_ws/install/ecl_geometry:/home/daisuke/ros2_ws/install/ecl_containers:/home/daisuke/ros2_ws/install/ecl_utilities:/home/daisuke/ros2_ws/install/ecl_statistics:/home/daisuke/ros2_ws/install/ecl_linear_algebra:/home/daisuke/ros2_ws/install/ecl_math:/home/daisuke/ros2_ws/install/ecl_formatters:/home/daisuke/ros2_ws/install/ecl_converters:/home/daisuke/ros2_ws/install/ecl_concepts:/home/daisuke/ros2_ws/install/ecl_type_traits:/home/daisuke/ros2_ws/install/ecl_time:/home/daisuke/ros2_ws/install/ecl_lite:/home/daisuke/ros2_ws/install/ecl_time_lite:/home/daisuke/ros2_ws/install/ecl_sigslots_lite:/home/daisuke/ros2_ws/install/ecl_mpl:/home/daisuke/ros2_ws/install/ecl_io:/home/daisuke/ros2_ws/install/ecl_filesystem:/home/daisuke/ros2_ws/install/ecl_exceptions:/home/daisuke/ros2_ws/install/ecl_errors:/home/daisuke/ros2_ws/install/ecl_eigen:/home/daisuke/ros2_ws/install/ecl_converters_lite:/home/daisuke/ros2_ws/install/ecl_console:/home/daisuke/ros2_ws/install/ecl_config:/home/daisuke/ros2_ws/install/ecl_command_line:/home/daisuke/ros2_ws/install/cmd_vel_mux:/opt/ros/jazzy/opt/gz_math_vendor:/opt/ros/jazzy/opt/gz_utils_vendor:/opt/ros/jazzy/opt/gz_cmake_vendor DEBUGINFOD_URLS=https://debuginfod.ubuntu.com /usr/bin/cmake --install /home/daisuke/unitree_ros_ws/src/point_lio_unilidar_ros2/build/point_lio_unilidar
[30.945s] -- Install configuration: "Release"
[30.946s] -- Installing: /home/daisuke/unitree_ros_ws/src/point_lio_unilidar_ros2/install/point_lio_unilidar/lib/point_lio_unilidar/pointlio_mapping
[30.947s] -- Set non-toolchain portion of runtime path of "/home/daisuke/unitree_ros_ws/src/point_lio_unilidar_ros2/install/point_lio_unilidar/lib/point_lio_unilidar/pointlio_mapping" to ""
[30.947s] -- Up-to-date: /home/daisuke/unitree_ros_ws/src/point_lio_unilidar_ros2/install/point_lio_unilidar/share/point_lio_unilidar/launch
[30.947s] -- Up-to-date: /home/daisuke/unitree_ros_ws/src/point_lio_unilidar_ros2/install/point_lio_unilidar/share/point_lio_unilidar/launch/mapping_avia.launch
[30.947s] -- Up-to-date: /home/daisuke/unitree_ros_ws/src/point_lio_unilidar_ros2/install/point_lio_unilidar/share/point_lio_unilidar/launch/mapping_unilidar_l2.launch
[30.947s] -- Up-to-date: /home/daisuke/unitree_ros_ws/src/point_lio_unilidar_ros2/install/point_lio_unilidar/share/point_lio_unilidar/launch/mapping_ouster64.launch
[30.947s] -- Up-to-date: /home/daisuke/unitree_ros_ws/src/point_lio_unilidar_ros2/install/point_lio_unilidar/share/point_lio_unilidar/launch/mapping_velody16.launch
[30.947s] -- Up-to-date: /home/daisuke/unitree_ros_ws/src/point_lio_unilidar_ros2/install/point_lio_unilidar/share/point_lio_unilidar/launch/mapping_unilidar_l1.launch.py
[30.947s] -- Up-to-date: /home/daisuke/unitree_ros_ws/src/point_lio_unilidar_ros2/install/point_lio_unilidar/share/point_lio_unilidar/launch/mapping_unilidar_l1.launch
[30.947s] -- Up-to-date: /home/daisuke/unitree_ros_ws/src/point_lio_unilidar_ros2/install/point_lio_unilidar/share/point_lio_unilidar/launch/gdb_debug_example.launch
[30.947s] -- Up-to-date: /home/daisuke/unitree_ros_ws/src/point_lio_unilidar_ros2/install/point_lio_unilidar/share/point_lio_unilidar/launch/mapping_horizon.launch
[30.947s] -- Up-to-date: /home/daisuke/unitree_ros_ws/src/point_lio_unilidar_ros2/install/point_lio_unilidar/share/point_lio_unilidar/config
[30.947s] -- Up-to-date: /home/daisuke/unitree_ros_ws/src/point_lio_unilidar_ros2/install/point_lio_unilidar/share/point_lio_unilidar/config/unilidar_l2.yaml
[30.947s] -- Up-to-date: /home/daisuke/unitree_ros_ws/src/point_lio_unilidar_ros2/install/point_lio_unilidar/share/point_lio_unilidar/config/horizon.yaml
[30.947s] -- Up-to-date: /home/daisuke/unitree_ros_ws/src/point_lio_unilidar_ros2/install/point_lio_unilidar/share/point_lio_unilidar/config/ouster64.yaml
[30.947s] -- Up-to-date: /home/daisuke/unitree_ros_ws/src/point_lio_unilidar_ros2/install/point_lio_unilidar/share/point_lio_unilidar/config/avia.yaml
[30.947s] -- Up-to-date: /home/daisuke/unitree_ros_ws/src/point_lio_unilidar_ros2/install/point_lio_unilidar/share/point_lio_unilidar/config/velody16.yaml
[30.948s] -- Up-to-date: /home/daisuke/unitree_ros_ws/src/point_lio_unilidar_ros2/install/point_lio_unilidar/share/point_lio_unilidar/config/unilidar_l1.yaml
[30.948s] -- Up-to-date: /home/daisuke/unitree_ros_ws/src/point_lio_unilidar_ros2/install/point_lio_unilidar/share/point_lio_unilidar/rviz_cfg
[30.948s] -- Up-to-date: /home/daisuke/unitree_ros_ws/src/point_lio_unilidar_ros2/install/point_lio_unilidar/share/point_lio_unilidar/rviz_cfg/loam_unilidar_display.rviz
[30.948s] -- Up-to-date: /home/daisuke/unitree_ros_ws/src/point_lio_unilidar_ros2/install/point_lio_unilidar/share/point_lio_unilidar/rviz_cfg/loam_unilidar_default.rviz
[30.948s] -- Up-to-date: /home/daisuke/unitree_ros_ws/src/point_lio_unilidar_ros2/install/point_lio_unilidar/share/point_lio_unilidar/rviz_cfg/.gitignore
[30.948s] -- Up-to-date: /home/daisuke/unitree_ros_ws/src/point_lio_unilidar_ros2/install/point_lio_unilidar/share/point_lio_unilidar/rviz_cfg/loam_livox.rviz
[30.948s] -- Up-to-date: /home/daisuke/unitree_ros_ws/src/point_lio_unilidar_ros2/install/point_lio_unilidar/share/ament_index/resource_index/package_run_dependencies/point_lio_unilidar
[30.948s] -- Up-to-date: /home/daisuke/unitree_ros_ws/src/point_lio_unilidar_ros2/install/point_lio_unilidar/share/ament_index/resource_index/parent_prefix_path/point_lio_unilidar
[30.948s] -- Up-to-date: /home/daisuke/unitree_ros_ws/src/point_lio_unilidar_ros2/install/point_lio_unilidar/share/point_lio_unilidar/environment/ament_prefix_path.sh
[30.948s] -- Up-to-date: /home/daisuke/unitree_ros_ws/src/point_lio_unilidar_ros2/install/point_lio_unilidar/share/point_lio_unilidar/environment/ament_prefix_path.dsv
[30.948s] -- Up-to-date: /home/daisuke/unitree_ros_ws/src/point_lio_unilidar_ros2/install/point_lio_unilidar/share/point_lio_unilidar/environment/path.sh
[30.948s] -- Up-to-date: /home/daisuke/unitree_ros_ws/src/point_lio_unilidar_ros2/install/point_lio_unilidar/share/point_lio_unilidar/environment/path.dsv
[30.948s] -- Up-to-date: /home/daisuke/unitree_ros_ws/src/point_lio_unilidar_ros2/install/point_lio_unilidar/share/point_lio_unilidar/local_setup.bash
[30.948s] -- Up-to-date: /home/daisuke/unitree_ros_ws/src/point_lio_unilidar_ros2/install/point_lio_unilidar/share/point_lio_unilidar/local_setup.sh
[30.948s] -- Up-to-date: /home/daisuke/unitree_ros_ws/src/point_lio_unilidar_ros2/install/point_lio_unilidar/share/point_lio_unilidar/local_setup.zsh
[30.948s] -- Up-to-date: /home/daisuke/unitree_ros_ws/src/point_lio_unilidar_ros2/install/point_lio_unilidar/share/point_lio_unilidar/local_setup.dsv
[30.948s] -- Installing: /home/daisuke/unitree_ros_ws/src/point_lio_unilidar_ros2/install/point_lio_unilidar/share/point_lio_unilidar/package.dsv
[30.948s] -- Up-to-date: /home/daisuke/unitree_ros_ws/src/point_lio_unilidar_ros2/install/point_lio_unilidar/share/ament_index/resource_index/packages/point_lio_unilidar
[30.948s] -- Up-to-date: /home/daisuke/unitree_ros_ws/src/point_lio_unilidar_ros2/install/point_lio_unilidar/share/point_lio_unilidar/cmake/point_lio_unilidarConfig.cmake
[30.948s] -- Up-to-date: /home/daisuke/unitree_ros_ws/src/point_lio_unilidar_ros2/install/point_lio_unilidar/share/point_lio_unilidar/cmake/point_lio_unilidarConfig-version.cmake
[30.948s] -- Up-to-date: /home/daisuke/unitree_ros_ws/src/point_lio_unilidar_ros2/install/point_lio_unilidar/share/point_lio_unilidar/package.xml
[30.949s] Invoked command in '/home/daisuke/unitree_ros_ws/src/point_lio_unilidar_ros2/build/point_lio_unilidar' returned '0': CMAKE_PREFIX_PATH=/home/daisuke/ros2_ws/install/zed_ros2:/home/daisuke/ros2_ws/install/zed_robot_integration:/home/daisuke/ros2_ws/install/zed_ipc:/home/daisuke/ros2_ws/install/zed_multi_camera:/home/daisuke/ros2_ws/install/zed_display_rviz2:/home/daisuke/ros2_ws/install/zed_depth_to_laserscan:/home/daisuke/ros2_ws/install/zed_wrapper:/home/daisuke/ros2_ws/install/zed_tutorial_video:/home/daisuke/ros2_ws/install/zed_tutorial_pos_tracking:/home/daisuke/ros2_ws/install/zed_tutorial_depth:/home/daisuke/ros2_ws/install/zed_topic_benchmark_interfaces:/home/daisuke/ros2_ws/install/zed_rgb_convert:/home/daisuke/ros2_ws/install/zed_aruco_localization:/home/daisuke/ros2_ws/install/zed_components:/home/daisuke/ros2_ws/install/rviz_plugin_zed_od:/home/daisuke/ros2_ws/install/kobuki_ros:/home/daisuke/ros2_ws/install/kobuki_safety_controller:/home/daisuke/ros2_ws/install/kobuki_random_walker:/home/daisuke/ros2_ws/install/kobuki_node:/home/daisuke/ros2_ws/install/kobuki_keyop:/home/daisuke/ros2_ws/install/kobuki_bumper2pc:/home/daisuke/ros2_ws/install/kobuki_auto_docking:/home/daisuke/ros2_ws/install/kobuki_ros_interfaces:/home/daisuke/ros2_ws/install/kobuki_description:/home/daisuke/ros2_ws/install/kobuki_core:/opt/ros/jazzy:/home/daisuke/ros2_ws/install/ekf:/home/daisuke/ros2_ws/install/ecl_core:/home/daisuke/ros2_ws/install/ecl_core_apps:/home/daisuke/ros2_ws/install/ecl_streams:/home/daisuke/ros2_ws/install/ecl_sigslots:/home/daisuke/ros2_ws/install/ecl_ipc:/home/daisuke/ros2_ws/install/ecl_devices:/home/daisuke/ros2_ws/install/ecl_threads:/home/daisuke/ros2_ws/install/ecl_mobile_robot:/home/daisuke/ros2_ws/install/ecl_manipulators:/home/daisuke/ros2_ws/install/ecl_geometry:/home/daisuke/ros2_ws/install/ecl_containers:/home/daisuke/ros2_ws/install/ecl_utilities:/home/daisuke/ros2_ws/install/ecl_statistics:/home/daisuke/ros2_ws/install/ecl_linear_algebra:/home/daisuke/ros2_ws/install/ecl_math:/home/daisuke/ros2_ws/install/ecl_formatters:/home/daisuke/ros2_ws/install/ecl_converters:/home/daisuke/ros2_ws/install/ecl_concepts:/home/daisuke/ros2_ws/install/ecl_type_traits:/home/daisuke/ros2_ws/install/ecl_time:/home/daisuke/ros2_ws/install/ecl_lite:/home/daisuke/ros2_ws/install/ecl_time_lite:/home/daisuke/ros2_ws/install/ecl_sigslots_lite:/home/daisuke/ros2_ws/install/ecl_mpl:/home/daisuke/ros2_ws/install/ecl_io:/home/daisuke/ros2_ws/install/ecl_filesystem:/home/daisuke/ros2_ws/install/ecl_exceptions:/home/daisuke/ros2_ws/install/ecl_errors:/home/daisuke/ros2_ws/install/ecl_eigen:/home/daisuke/ros2_ws/install/ecl_converters_lite:/home/daisuke/ros2_ws/install/ecl_console:/home/daisuke/ros2_ws/install/ecl_config:/home/daisuke/ros2_ws/install/ecl_command_line:/home/daisuke/ros2_ws/install/cmd_vel_mux:/opt/ros/jazzy/opt/gz_math_vendor:/opt/ros/jazzy/opt/gz_utils_vendor:/opt/ros/jazzy/opt/gz_cmake_vendor DEBUGINFOD_URLS=https://debuginfod.ubuntu.com /usr/bin/cmake --install /home/daisuke/unitree_ros_ws/src/point_lio_unilidar_ros2/build/point_lio_unilidar
