[0.138s] [34mcolcon[0m [1;30mDEBUG[0m [32mCommand line arguments: ['/usr/bin/colcon', 'build', '--packages-select', 'point_lio_unilidar'][0m
[0.138s] [34mcolcon[0m [1;30mDEBUG[0m [32mParsed command line arguments: Namespace(log_base=None, log_level=None, verb_name='build', build_base='build', install_base='install', merge_install=False, symlink_install=False, test_result_base=None, continue_on_error=False, executor='parallel', parallel_workers=16, event_handlers=None, ignore_user_meta=False, metas=['./colcon.meta'], base_paths=['.'], packages_ignore=None, packages_ignore_regex=None, paths=None, packages_up_to=None, packages_up_to_regex=None, packages_above=None, packages_above_and_dependencies=None, packages_above_depth=None, packages_select_by_dep=None, packages_skip_by_dep=None, packages_skip_up_to=None, packages_select_build_failed=False, packages_skip_build_finished=False, packages_select_test_failures=False, packages_skip_test_passed=False, packages_select=['point_lio_unilidar'], packages_skip=None, packages_select_regex=None, packages_skip_regex=None, packages_start=None, packages_end=None, cmake_args=None, cmake_target=None, cmake_target_skip_unavailable=False, cmake_clean_cache=False, cmake_clean_first=False, cmake_force_configure=False, ament_cmake_args=None, catkin_cmake_args=None, catkin_skip_building_tests=False, verb_parser=<colcon_defaults.argument_parser.defaults.DefaultArgumentsDecorator object at 0x748eb33ca240>, verb_extension=<colcon_core.verb.build.BuildVerb object at 0x748eb3a1a6f0>, main=<bound method BuildVerb.main of <colcon_core.verb.build.BuildVerb object at 0x748eb3a1a6f0>>)[0m
[0.175s] [34mcolcon.colcon_core.package_discovery[0m [1;30mLevel 1[0m discover_packages(colcon_meta) check parameters
[0.175s] [34mcolcon.colcon_core.package_discovery[0m [1;30mLevel 1[0m discover_packages(recursive) check parameters
[0.175s] [34mcolcon.colcon_core.package_discovery[0m [1;30mLevel 1[0m discover_packages(ignore) check parameters
[0.175s] [34mcolcon.colcon_core.package_discovery[0m [1;30mLevel 1[0m discover_packages(path) check parameters
[0.175s] [34mcolcon.colcon_core.package_discovery[0m [1;30mLevel 1[0m discover_packages(colcon_meta) discover
[0.176s] [34mcolcon.colcon_core.package_discovery[0m [1;30mLevel 1[0m discover_packages(recursive) discover
[0.176s] [34mcolcon.colcon_core.package_discovery[0m [1;30mINFO[0m Crawling recursively for packages in '/home/daisuke/unitree_ros_ws/src/point_lio_unilidar_ros2'
[0.176s] [34mcolcon.colcon_core.package_identification[0m [1;30mLevel 1[0m _identify(.) by extensions ['ignore', 'ignore_ament_install']
[0.176s] [34mcolcon.colcon_core.package_identification[0m [1;30mLevel 1[0m _identify(.) by extension 'ignore'
[0.176s] [34mcolcon.colcon_core.package_identification[0m [1;30mLevel 1[0m _identify(.) by extension 'ignore_ament_install'
[0.176s] [34mcolcon.colcon_core.package_identification[0m [1;30mLevel 1[0m _identify(.) by extensions ['colcon_pkg']
[0.176s] [34mcolcon.colcon_core.package_identification[0m [1;30mLevel 1[0m _identify(.) by extension 'colcon_pkg'
[0.176s] [34mcolcon.colcon_core.package_identification[0m [1;30mLevel 1[0m _identify(.) by extensions ['colcon_meta']
[0.176s] [34mcolcon.colcon_core.package_identification[0m [1;30mLevel 1[0m _identify(.) by extension 'colcon_meta'
[0.176s] [34mcolcon.colcon_core.package_identification[0m [1;30mLevel 1[0m _identify(.) by extensions ['ros']
[0.176s] [34mcolcon.colcon_core.package_identification[0m [1;30mLevel 1[0m _identify(.) by extension 'ros'
[0.196s] [34mcolcon.colcon_core.package_identification[0m [1;30mDEBUG[0m [32mPackage '.' with type 'ros.ament_cmake' and name 'point_lio_unilidar'[0m
[0.196s] [34mcolcon.colcon_core.package_discovery[0m [1;30mLevel 1[0m discover_packages(recursive) using defaults
[0.196s] [34mcolcon.colcon_core.package_discovery[0m [1;30mLevel 1[0m discover_packages(ignore) discover
[0.196s] [34mcolcon.colcon_core.package_discovery[0m [1;30mLevel 1[0m discover_packages(ignore) using defaults
[0.196s] [34mcolcon.colcon_core.package_discovery[0m [1;30mLevel 1[0m discover_packages(path) discover
[0.196s] [34mcolcon.colcon_core.package_discovery[0m [1;30mLevel 1[0m discover_packages(path) using defaults
[0.209s] [34mcolcon.colcon_core.verb[0m [1;30mLevel 5[0m set package 'point_lio_unilidar' build argument 'cmake_args' from command line to 'None'
[0.209s] [34mcolcon.colcon_core.verb[0m [1;30mLevel 5[0m set package 'point_lio_unilidar' build argument 'cmake_target' from command line to 'None'
[0.209s] [34mcolcon.colcon_core.verb[0m [1;30mLevel 5[0m set package 'point_lio_unilidar' build argument 'cmake_target_skip_unavailable' from command line to 'False'
[0.209s] [34mcolcon.colcon_core.verb[0m [1;30mLevel 5[0m set package 'point_lio_unilidar' build argument 'cmake_clean_cache' from command line to 'False'
[0.209s] [34mcolcon.colcon_core.verb[0m [1;30mLevel 5[0m set package 'point_lio_unilidar' build argument 'cmake_clean_first' from command line to 'False'
[0.209s] [34mcolcon.colcon_core.verb[0m [1;30mLevel 5[0m set package 'point_lio_unilidar' build argument 'cmake_force_configure' from command line to 'False'
[0.209s] [34mcolcon.colcon_core.verb[0m [1;30mLevel 5[0m set package 'point_lio_unilidar' build argument 'ament_cmake_args' from command line to 'None'
[0.209s] [34mcolcon.colcon_core.verb[0m [1;30mLevel 5[0m set package 'point_lio_unilidar' build argument 'catkin_cmake_args' from command line to 'None'
[0.209s] [34mcolcon.colcon_core.verb[0m [1;30mLevel 5[0m set package 'point_lio_unilidar' build argument 'catkin_skip_building_tests' from command line to 'False'
[0.209s] [34mcolcon.colcon_core.verb[0m [1;30mDEBUG[0m [32mBuilding package 'point_lio_unilidar' with the following arguments: {'ament_cmake_args': None, 'build_base': '/home/daisuke/unitree_ros_ws/src/point_lio_unilidar_ros2/build/point_lio_unilidar', 'catkin_cmake_args': None, 'catkin_skip_building_tests': False, 'cmake_args': None, 'cmake_clean_cache': False, 'cmake_clean_first': False, 'cmake_force_configure': False, 'cmake_target': None, 'cmake_target_skip_unavailable': False, 'install_base': '/home/daisuke/unitree_ros_ws/src/point_lio_unilidar_ros2/install/point_lio_unilidar', 'merge_install': False, 'path': '/home/daisuke/unitree_ros_ws/src/point_lio_unilidar_ros2', 'symlink_install': False, 'test_result_base': None}[0m
[0.209s] [34mcolcon.colcon_core.executor[0m [1;30mINFO[0m Executing jobs using 'parallel' executor
[0.210s] [34mcolcon.colcon_parallel_executor.executor.parallel[0m [1;30mDEBUG[0m [32mrun_until_complete[0m
[0.210s] [34mcolcon.colcon_ros.task.ament_cmake.build[0m [1;30mINFO[0m Building ROS package in '/home/daisuke/unitree_ros_ws/src/point_lio_unilidar_ros2' with build type 'ament_cmake'
[0.210s] [34mcolcon.colcon_cmake.task.cmake.build[0m [1;30mINFO[0m Building CMake package in '/home/daisuke/unitree_ros_ws/src/point_lio_unilidar_ros2'
[0.213s] [34mcolcon.colcon_core.plugin_system[0m [1;30mINFO[0m Skipping extension 'colcon_core.shell.bat': Not used on non-Windows systems
[0.213s] [34mcolcon.colcon_core.shell[0m [1;30mDEBUG[0m [32mSkip shell extension 'dsv' for command environment[0m
[0.239s] [34mcolcon.colcon_core.event_handler.log_command[0m [1;30mDEBUG[0m [32mInvoking command in '/home/daisuke/unitree_ros_ws/src/point_lio_unilidar_ros2/build/point_lio_unilidar': CMAKE_PREFIX_PATH=/home/daisuke/ros2_ws/install/zed_ros2:/home/daisuke/ros2_ws/install/zed_robot_integration:/home/daisuke/ros2_ws/install/zed_ipc:/home/daisuke/ros2_ws/install/zed_multi_camera:/home/daisuke/ros2_ws/install/zed_display_rviz2:/home/daisuke/ros2_ws/install/zed_depth_to_laserscan:/home/daisuke/ros2_ws/install/zed_wrapper:/home/daisuke/ros2_ws/install/zed_tutorial_video:/home/daisuke/ros2_ws/install/zed_tutorial_pos_tracking:/home/daisuke/ros2_ws/install/zed_tutorial_depth:/home/daisuke/ros2_ws/install/zed_topic_benchmark_interfaces:/home/daisuke/ros2_ws/install/zed_rgb_convert:/home/daisuke/ros2_ws/install/zed_aruco_localization:/home/daisuke/ros2_ws/install/zed_components:/home/daisuke/ros2_ws/install/rviz_plugin_zed_od:/home/daisuke/ros2_ws/install/kobuki_ros:/home/daisuke/ros2_ws/install/kobuki_safety_controller:/home/daisuke/ros2_ws/install/kobuki_random_walker:/home/daisuke/ros2_ws/install/kobuki_node:/home/daisuke/ros2_ws/install/kobuki_keyop:/home/daisuke/ros2_ws/install/kobuki_bumper2pc:/home/daisuke/ros2_ws/install/kobuki_auto_docking:/home/daisuke/ros2_ws/install/kobuki_ros_interfaces:/home/daisuke/ros2_ws/install/kobuki_description:/home/daisuke/ros2_ws/install/kobuki_core:/opt/ros/jazzy:/home/daisuke/ros2_ws/install/ekf:/home/daisuke/ros2_ws/install/ecl_core:/home/daisuke/ros2_ws/install/ecl_core_apps:/home/daisuke/ros2_ws/install/ecl_streams:/home/daisuke/ros2_ws/install/ecl_sigslots:/home/daisuke/ros2_ws/install/ecl_ipc:/home/daisuke/ros2_ws/install/ecl_devices:/home/daisuke/ros2_ws/install/ecl_threads:/home/daisuke/ros2_ws/install/ecl_mobile_robot:/home/daisuke/ros2_ws/install/ecl_manipulators:/home/daisuke/ros2_ws/install/ecl_geometry:/home/daisuke/ros2_ws/install/ecl_containers:/home/daisuke/ros2_ws/install/ecl_utilities:/home/daisuke/ros2_ws/install/ecl_statistics:/home/daisuke/ros2_ws/install/ecl_linear_algebra:/home/daisuke/ros2_ws/install/ecl_math:/home/daisuke/ros2_ws/install/ecl_formatters:/home/daisuke/ros2_ws/install/ecl_converters:/home/daisuke/ros2_ws/install/ecl_concepts:/home/daisuke/ros2_ws/install/ecl_type_traits:/home/daisuke/ros2_ws/install/ecl_time:/home/daisuke/ros2_ws/install/ecl_lite:/home/daisuke/ros2_ws/install/ecl_time_lite:/home/daisuke/ros2_ws/install/ecl_sigslots_lite:/home/daisuke/ros2_ws/install/ecl_mpl:/home/daisuke/ros2_ws/install/ecl_io:/home/daisuke/ros2_ws/install/ecl_filesystem:/home/daisuke/ros2_ws/install/ecl_exceptions:/home/daisuke/ros2_ws/install/ecl_errors:/home/daisuke/ros2_ws/install/ecl_eigen:/home/daisuke/ros2_ws/install/ecl_converters_lite:/home/daisuke/ros2_ws/install/ecl_console:/home/daisuke/ros2_ws/install/ecl_config:/home/daisuke/ros2_ws/install/ecl_command_line:/home/daisuke/ros2_ws/install/cmd_vel_mux:/opt/ros/jazzy/opt/gz_math_vendor:/opt/ros/jazzy/opt/gz_utils_vendor:/opt/ros/jazzy/opt/gz_cmake_vendor DEBUGINFOD_URLS=https://debuginfod.ubuntu.com /usr/bin/cmake --build /home/daisuke/unitree_ros_ws/src/point_lio_unilidar_ros2/build/point_lio_unilidar -- -j16 -l16[0m
