[0.009s] Invoking command in '/home/daisuke/unitree_ros_ws/src/point_lio_unilidar_ros2/build/point_lio_unilidar_ros2': CMAKE_PREFIX_PATH=/home/daisuke/ros2_ws/install/zed_ros2:/home/daisuke/ros2_ws/install/zed_robot_integration:/home/daisuke/ros2_ws/install/zed_ipc:/home/daisuke/ros2_ws/install/zed_multi_camera:/home/daisuke/ros2_ws/install/zed_display_rviz2:/home/daisuke/ros2_ws/install/zed_depth_to_laserscan:/home/daisuke/ros2_ws/install/zed_wrapper:/home/daisuke/ros2_ws/install/zed_tutorial_video:/home/daisuke/ros2_ws/install/zed_tutorial_pos_tracking:/home/daisuke/ros2_ws/install/zed_tutorial_depth:/home/daisuke/ros2_ws/install/zed_topic_benchmark_interfaces:/home/daisuke/ros2_ws/install/zed_rgb_convert:/home/daisuke/ros2_ws/install/zed_aruco_localization:/home/daisuke/ros2_ws/install/zed_components:/home/daisuke/ros2_ws/install/rviz_plugin_zed_od:/home/daisuke/ros2_ws/install/kobuki_ros:/home/daisuke/ros2_ws/install/kobuki_safety_controller:/home/daisuke/ros2_ws/install/kobuki_random_walker:/home/daisuke/ros2_ws/install/kobuki_node:/home/daisuke/ros2_ws/install/kobuki_keyop:/home/daisuke/ros2_ws/install/kobuki_bumper2pc:/home/daisuke/ros2_ws/install/kobuki_auto_docking:/home/daisuke/ros2_ws/install/kobuki_ros_interfaces:/home/daisuke/ros2_ws/install/kobuki_description:/home/daisuke/ros2_ws/install/kobuki_core:/opt/ros/jazzy:/home/daisuke/ros2_ws/install/ekf:/home/daisuke/ros2_ws/install/ecl_core:/home/daisuke/ros2_ws/install/ecl_core_apps:/home/daisuke/ros2_ws/install/ecl_streams:/home/daisuke/ros2_ws/install/ecl_sigslots:/home/daisuke/ros2_ws/install/ecl_ipc:/home/daisuke/ros2_ws/install/ecl_devices:/home/daisuke/ros2_ws/install/ecl_threads:/home/daisuke/ros2_ws/install/ecl_mobile_robot:/home/daisuke/ros2_ws/install/ecl_manipulators:/home/daisuke/ros2_ws/install/ecl_geometry:/home/daisuke/ros2_ws/install/ecl_containers:/home/daisuke/ros2_ws/install/ecl_utilities:/home/daisuke/ros2_ws/install/ecl_statistics:/home/daisuke/ros2_ws/install/ecl_linear_algebra:/home/daisuke/ros2_ws/install/ecl_math:/home/daisuke/ros2_ws/install/ecl_formatters:/home/daisuke/ros2_ws/install/ecl_converters:/home/daisuke/ros2_ws/install/ecl_concepts:/home/daisuke/ros2_ws/install/ecl_type_traits:/home/daisuke/ros2_ws/install/ecl_time:/home/daisuke/ros2_ws/install/ecl_lite:/home/daisuke/ros2_ws/install/ecl_time_lite:/home/daisuke/ros2_ws/install/ecl_sigslots_lite:/home/daisuke/ros2_ws/install/ecl_mpl:/home/daisuke/ros2_ws/install/ecl_io:/home/daisuke/ros2_ws/install/ecl_filesystem:/home/daisuke/ros2_ws/install/ecl_exceptions:/home/daisuke/ros2_ws/install/ecl_errors:/home/daisuke/ros2_ws/install/ecl_eigen:/home/daisuke/ros2_ws/install/ecl_converters_lite:/home/daisuke/ros2_ws/install/ecl_console:/home/daisuke/ros2_ws/install/ecl_config:/home/daisuke/ros2_ws/install/ecl_command_line:/home/daisuke/ros2_ws/install/cmd_vel_mux:/opt/ros/jazzy/opt/gz_math_vendor:/opt/ros/jazzy/opt/gz_utils_vendor:/opt/ros/jazzy/opt/gz_cmake_vendor DEBUGINFOD_URLS=https://debuginfod.ubuntu.com /usr/bin/cmake /home/daisuke/unitree_ros_ws/src/point_lio_unilidar_ros2 -DCMAKE_INSTALL_PREFIX=/home/daisuke/unitree_ros_ws/src/point_lio_unilidar_ros2/install/point_lio_unilidar_ros2
[0.021s] [0mCurrent CPU architecture: x86_64[0m
[0.024s] [0mProcessor number: 16[0m
[0.024s] -- Found ament_cmake: 2.5.4 (/opt/ros/jazzy/share/ament_cmake/cmake)
[0.157s] -- Found rclcpp: 28.1.13 (/opt/ros/jazzy/share/rclcpp/cmake)
[0.173s] -- Found rosidl_generator_c: 4.6.6 (/opt/ros/jazzy/share/rosidl_generator_c/cmake)
[0.178s] -- Found rosidl_generator_cpp: 4.6.6 (/opt/ros/jazzy/share/rosidl_generator_cpp/cmake)
[0.186s] -- Using all available rosidl_typesupport_c: rosidl_typesupport_fastrtps_c;rosidl_typesupport_introspection_c
[0.195s] -- Using all available rosidl_typesupport_cpp: rosidl_typesupport_fastrtps_cpp;rosidl_typesupport_introspection_cpp
[0.232s] -- Found rmw_implementation_cmake: 7.3.2 (/opt/ros/jazzy/share/rmw_implementation_cmake/cmake)
[0.234s] -- Found rmw_fastrtps_cpp: 8.4.3 (/opt/ros/jazzy/share/rmw_fastrtps_cpp/cmake)
[0.280s] -- Using RMW implementation 'rmw_fastrtps_cpp' as default
[0.320s] -- Found sensor_msgs: 5.3.6 (/opt/ros/jazzy/share/sensor_msgs/cmake)
[0.352s] -- Found nav_msgs: 5.3.6 (/opt/ros/jazzy/share/nav_msgs/cmake)
[0.368s] -- Found tf2: 0.36.16 (/opt/ros/jazzy/share/tf2/cmake)
[0.370s] -- Found tf2_ros: 0.36.16 (/opt/ros/jazzy/share/tf2_ros/cmake)
[0.434s] -- Found pcl_conversions: 2.6.2 (/opt/ros/jazzy/share/pcl_conversions/cmake)
[0.462s] [33mCMake Warning (dev) at /usr/lib/x86_64-linux-gnu/cmake/pcl/Modules/FindFLANN.cmake:45 (find_package):
[0.462s]   Policy CMP0144 is not set: find_package uses upper-case <PACKAGENAME>_ROOT
[0.462s]   variables.  Run "cmake --help-policy CMP0144" for policy details.  Use the
[0.462s]   cmake_policy command to set the policy and suppress this warning.
[0.462s] 
[0.462s]   CMake variable FLANN_ROOT is set to:
[0.462s] 
[0.462s]     /usr
[0.462s] 
[0.462s]   For compatibility, find_package is ignoring the variable, but code in a
[0.462s]   .cmake module might still use it.
[0.462s] Call Stack (most recent call first):
[0.462s]   /usr/lib/x86_64-linux-gnu/cmake/pcl/PCLConfig.cmake:261 (find_package)
[0.462s]   /usr/lib/x86_64-linux-gnu/cmake/pcl/PCLConfig.cmake:306 (find_flann)
[0.462s]   /usr/lib/x86_64-linux-gnu/cmake/pcl/PCLConfig.cmake:570 (find_external_library)
[0.462s]   /opt/ros/jazzy/share/pcl_conversions/cmake/ament_cmake_export_dependencies-extras.cmake:21 (find_package)
[0.462s]   /opt/ros/jazzy/share/pcl_conversions/cmake/pcl_conversionsConfig.cmake:41 (include)
[0.462s]   CMakeLists.txt:36 (find_package)
[0.462s] This warning is for project developers.  Use -Wno-dev to suppress it.
[0.462s] [0m
[0.462s] -- Found flann version 1.9.2
[0.775s] -- OpenNI found (version: 1.5.4.0, include: /usr/include/ni, lib: /usr/lib/libOpenNI.so;libusb::libusb)
[0.781s] -- OpenNI2 found (version: 2.2.0.33, include: /usr/include/openni2, lib: /usr/lib/x86_64-linux-gnu/libOpenNI2.so;libusb::libusb)
[0.785s] -- Could NOT find Pcap (missing: PCAP_LIBRARIES PCAP_INCLUDE_DIRS) 
[1.108s] -- OpenNI found (version: 1.5.4.0, include: /usr/include/ni, lib: /usr/lib/libOpenNI.so;libusb::libusb)
[1.113s] -- OpenNI2 found (version: 2.2.0.33, include: /usr/include/openni2, lib: /usr/lib/x86_64-linux-gnu/libOpenNI2.so;libusb::libusb)
[1.405s] -- Found Qhull version 8.0.2
[1.717s] -- OpenNI found (version: 1.5.4.0, include: /usr/include/ni, lib: /usr/lib/libOpenNI.so;libusb::libusb)
[2.023s] [33mCMake Warning (dev) at CMakeLists.txt:37 (find_package):
[2.023s]   Policy CMP0074 is not set: find_package uses <PackageName>_ROOT variables.
[2.023s]   Run "cmake --help-policy CMP0074" for policy details.  Use the cmake_policy
[2.023s]   command to set the policy and suppress this warning.
[2.023s] 
[2.023s]   CMake variable PCL_ROOT is set to:
[2.023s] 
[2.023s]     /usr
[2.023s] 
[2.023s]   For compatibility, CMake is ignoring the variable.
[2.023s] This warning is for project developers.  Use -Wno-dev to suppress it.
[2.024s] [0m
[2.030s] -- Found visualization_msgs: 5.3.6 (/opt/ros/jazzy/share/visualization_msgs/cmake)
[2.138s] -- Configuring done (2.1s)
[2.168s] -- Generating done (0.0s)
[2.171s] -- Build files have been written to: /home/daisuke/unitree_ros_ws/src/point_lio_unilidar_ros2/build/point_lio_unilidar_ros2
[2.183s] Invoked command in '/home/daisuke/unitree_ros_ws/src/point_lio_unilidar_ros2/build/point_lio_unilidar_ros2' returned '0': CMAKE_PREFIX_PATH=/home/daisuke/ros2_ws/install/zed_ros2:/home/daisuke/ros2_ws/install/zed_robot_integration:/home/daisuke/ros2_ws/install/zed_ipc:/home/daisuke/ros2_ws/install/zed_multi_camera:/home/daisuke/ros2_ws/install/zed_display_rviz2:/home/daisuke/ros2_ws/install/zed_depth_to_laserscan:/home/daisuke/ros2_ws/install/zed_wrapper:/home/daisuke/ros2_ws/install/zed_tutorial_video:/home/daisuke/ros2_ws/install/zed_tutorial_pos_tracking:/home/daisuke/ros2_ws/install/zed_tutorial_depth:/home/daisuke/ros2_ws/install/zed_topic_benchmark_interfaces:/home/daisuke/ros2_ws/install/zed_rgb_convert:/home/daisuke/ros2_ws/install/zed_aruco_localization:/home/daisuke/ros2_ws/install/zed_components:/home/daisuke/ros2_ws/install/rviz_plugin_zed_od:/home/daisuke/ros2_ws/install/kobuki_ros:/home/daisuke/ros2_ws/install/kobuki_safety_controller:/home/daisuke/ros2_ws/install/kobuki_random_walker:/home/daisuke/ros2_ws/install/kobuki_node:/home/daisuke/ros2_ws/install/kobuki_keyop:/home/daisuke/ros2_ws/install/kobuki_bumper2pc:/home/daisuke/ros2_ws/install/kobuki_auto_docking:/home/daisuke/ros2_ws/install/kobuki_ros_interfaces:/home/daisuke/ros2_ws/install/kobuki_description:/home/daisuke/ros2_ws/install/kobuki_core:/opt/ros/jazzy:/home/daisuke/ros2_ws/install/ekf:/home/daisuke/ros2_ws/install/ecl_core:/home/daisuke/ros2_ws/install/ecl_core_apps:/home/daisuke/ros2_ws/install/ecl_streams:/home/daisuke/ros2_ws/install/ecl_sigslots:/home/daisuke/ros2_ws/install/ecl_ipc:/home/daisuke/ros2_ws/install/ecl_devices:/home/daisuke/ros2_ws/install/ecl_threads:/home/daisuke/ros2_ws/install/ecl_mobile_robot:/home/daisuke/ros2_ws/install/ecl_manipulators:/home/daisuke/ros2_ws/install/ecl_geometry:/home/daisuke/ros2_ws/install/ecl_containers:/home/daisuke/ros2_ws/install/ecl_utilities:/home/daisuke/ros2_ws/install/ecl_statistics:/home/daisuke/ros2_ws/install/ecl_linear_algebra:/home/daisuke/ros2_ws/install/ecl_math:/home/daisuke/ros2_ws/install/ecl_formatters:/home/daisuke/ros2_ws/install/ecl_converters:/home/daisuke/ros2_ws/install/ecl_concepts:/home/daisuke/ros2_ws/install/ecl_type_traits:/home/daisuke/ros2_ws/install/ecl_time:/home/daisuke/ros2_ws/install/ecl_lite:/home/daisuke/ros2_ws/install/ecl_time_lite:/home/daisuke/ros2_ws/install/ecl_sigslots_lite:/home/daisuke/ros2_ws/install/ecl_mpl:/home/daisuke/ros2_ws/install/ecl_io:/home/daisuke/ros2_ws/install/ecl_filesystem:/home/daisuke/ros2_ws/install/ecl_exceptions:/home/daisuke/ros2_ws/install/ecl_errors:/home/daisuke/ros2_ws/install/ecl_eigen:/home/daisuke/ros2_ws/install/ecl_converters_lite:/home/daisuke/ros2_ws/install/ecl_console:/home/daisuke/ros2_ws/install/ecl_config:/home/daisuke/ros2_ws/install/ecl_command_line:/home/daisuke/ros2_ws/install/cmd_vel_mux:/opt/ros/jazzy/opt/gz_math_vendor:/opt/ros/jazzy/opt/gz_utils_vendor:/opt/ros/jazzy/opt/gz_cmake_vendor DEBUGINFOD_URLS=https://debuginfod.ubuntu.com /usr/bin/cmake /home/daisuke/unitree_ros_ws/src/point_lio_unilidar_ros2 -DCMAKE_INSTALL_PREFIX=/home/daisuke/unitree_ros_ws/src/point_lio_unilidar_ros2/install/point_lio_unilidar_ros2
[2.184s] Invoking command in '/home/daisuke/unitree_ros_ws/src/point_lio_unilidar_ros2/build/point_lio_unilidar_ros2': CMAKE_PREFIX_PATH=/home/daisuke/ros2_ws/install/zed_ros2:/home/daisuke/ros2_ws/install/zed_robot_integration:/home/daisuke/ros2_ws/install/zed_ipc:/home/daisuke/ros2_ws/install/zed_multi_camera:/home/daisuke/ros2_ws/install/zed_display_rviz2:/home/daisuke/ros2_ws/install/zed_depth_to_laserscan:/home/daisuke/ros2_ws/install/zed_wrapper:/home/daisuke/ros2_ws/install/zed_tutorial_video:/home/daisuke/ros2_ws/install/zed_tutorial_pos_tracking:/home/daisuke/ros2_ws/install/zed_tutorial_depth:/home/daisuke/ros2_ws/install/zed_topic_benchmark_interfaces:/home/daisuke/ros2_ws/install/zed_rgb_convert:/home/daisuke/ros2_ws/install/zed_aruco_localization:/home/daisuke/ros2_ws/install/zed_components:/home/daisuke/ros2_ws/install/rviz_plugin_zed_od:/home/daisuke/ros2_ws/install/kobuki_ros:/home/daisuke/ros2_ws/install/kobuki_safety_controller:/home/daisuke/ros2_ws/install/kobuki_random_walker:/home/daisuke/ros2_ws/install/kobuki_node:/home/daisuke/ros2_ws/install/kobuki_keyop:/home/daisuke/ros2_ws/install/kobuki_bumper2pc:/home/daisuke/ros2_ws/install/kobuki_auto_docking:/home/daisuke/ros2_ws/install/kobuki_ros_interfaces:/home/daisuke/ros2_ws/install/kobuki_description:/home/daisuke/ros2_ws/install/kobuki_core:/opt/ros/jazzy:/home/daisuke/ros2_ws/install/ekf:/home/daisuke/ros2_ws/install/ecl_core:/home/daisuke/ros2_ws/install/ecl_core_apps:/home/daisuke/ros2_ws/install/ecl_streams:/home/daisuke/ros2_ws/install/ecl_sigslots:/home/daisuke/ros2_ws/install/ecl_ipc:/home/daisuke/ros2_ws/install/ecl_devices:/home/daisuke/ros2_ws/install/ecl_threads:/home/daisuke/ros2_ws/install/ecl_mobile_robot:/home/daisuke/ros2_ws/install/ecl_manipulators:/home/daisuke/ros2_ws/install/ecl_geometry:/home/daisuke/ros2_ws/install/ecl_containers:/home/daisuke/ros2_ws/install/ecl_utilities:/home/daisuke/ros2_ws/install/ecl_statistics:/home/daisuke/ros2_ws/install/ecl_linear_algebra:/home/daisuke/ros2_ws/install/ecl_math:/home/daisuke/ros2_ws/install/ecl_formatters:/home/daisuke/ros2_ws/install/ecl_converters:/home/daisuke/ros2_ws/install/ecl_concepts:/home/daisuke/ros2_ws/install/ecl_type_traits:/home/daisuke/ros2_ws/install/ecl_time:/home/daisuke/ros2_ws/install/ecl_lite:/home/daisuke/ros2_ws/install/ecl_time_lite:/home/daisuke/ros2_ws/install/ecl_sigslots_lite:/home/daisuke/ros2_ws/install/ecl_mpl:/home/daisuke/ros2_ws/install/ecl_io:/home/daisuke/ros2_ws/install/ecl_filesystem:/home/daisuke/ros2_ws/install/ecl_exceptions:/home/daisuke/ros2_ws/install/ecl_errors:/home/daisuke/ros2_ws/install/ecl_eigen:/home/daisuke/ros2_ws/install/ecl_converters_lite:/home/daisuke/ros2_ws/install/ecl_console:/home/daisuke/ros2_ws/install/ecl_config:/home/daisuke/ros2_ws/install/ecl_command_line:/home/daisuke/ros2_ws/install/cmd_vel_mux:/opt/ros/jazzy/opt/gz_math_vendor:/opt/ros/jazzy/opt/gz_utils_vendor:/opt/ros/jazzy/opt/gz_cmake_vendor DEBUGINFOD_URLS=https://debuginfod.ubuntu.com /usr/bin/cmake --build /home/daisuke/unitree_ros_ws/src/point_lio_unilidar_ros2/build/point_lio_unilidar_ros2 -- -j16 -l16
[2.225s] [ 33%] [32mBuilding CXX object CMakeFiles/pointlio_mapping.dir/src/Estimator.cpp.o[0m
[2.225s] [ 33%] [32mBuilding CXX object CMakeFiles/pointlio_mapping.dir/src/parameters.cpp.o[0m
[2.226s] [ 50%] [32mBuilding CXX object CMakeFiles/pointlio_mapping.dir/include/ikd-Tree/ikd_Tree.cpp.o[0m
[2.227s] [ 66%] [32mBuilding CXX object CMakeFiles/pointlio_mapping.dir/src/laserMapping.cpp.o[0m
[2.228s] [ 83%] [32mBuilding CXX object CMakeFiles/pointlio_mapping.dir/src/preprocess.cpp.o[0m
[30.735s] [100%] [32m[1mLinking CXX executable pointlio_mapping[0m
[31.557s] [100%] Built target pointlio_mapping
[31.569s] Invoked command in '/home/daisuke/unitree_ros_ws/src/point_lio_unilidar_ros2/build/point_lio_unilidar_ros2' returned '0': CMAKE_PREFIX_PATH=/home/daisuke/ros2_ws/install/zed_ros2:/home/daisuke/ros2_ws/install/zed_robot_integration:/home/daisuke/ros2_ws/install/zed_ipc:/home/daisuke/ros2_ws/install/zed_multi_camera:/home/daisuke/ros2_ws/install/zed_display_rviz2:/home/daisuke/ros2_ws/install/zed_depth_to_laserscan:/home/daisuke/ros2_ws/install/zed_wrapper:/home/daisuke/ros2_ws/install/zed_tutorial_video:/home/daisuke/ros2_ws/install/zed_tutorial_pos_tracking:/home/daisuke/ros2_ws/install/zed_tutorial_depth:/home/daisuke/ros2_ws/install/zed_topic_benchmark_interfaces:/home/daisuke/ros2_ws/install/zed_rgb_convert:/home/daisuke/ros2_ws/install/zed_aruco_localization:/home/daisuke/ros2_ws/install/zed_components:/home/daisuke/ros2_ws/install/rviz_plugin_zed_od:/home/daisuke/ros2_ws/install/kobuki_ros:/home/daisuke/ros2_ws/install/kobuki_safety_controller:/home/daisuke/ros2_ws/install/kobuki_random_walker:/home/daisuke/ros2_ws/install/kobuki_node:/home/daisuke/ros2_ws/install/kobuki_keyop:/home/daisuke/ros2_ws/install/kobuki_bumper2pc:/home/daisuke/ros2_ws/install/kobuki_auto_docking:/home/daisuke/ros2_ws/install/kobuki_ros_interfaces:/home/daisuke/ros2_ws/install/kobuki_description:/home/daisuke/ros2_ws/install/kobuki_core:/opt/ros/jazzy:/home/daisuke/ros2_ws/install/ekf:/home/daisuke/ros2_ws/install/ecl_core:/home/daisuke/ros2_ws/install/ecl_core_apps:/home/daisuke/ros2_ws/install/ecl_streams:/home/daisuke/ros2_ws/install/ecl_sigslots:/home/daisuke/ros2_ws/install/ecl_ipc:/home/daisuke/ros2_ws/install/ecl_devices:/home/daisuke/ros2_ws/install/ecl_threads:/home/daisuke/ros2_ws/install/ecl_mobile_robot:/home/daisuke/ros2_ws/install/ecl_manipulators:/home/daisuke/ros2_ws/install/ecl_geometry:/home/daisuke/ros2_ws/install/ecl_containers:/home/daisuke/ros2_ws/install/ecl_utilities:/home/daisuke/ros2_ws/install/ecl_statistics:/home/daisuke/ros2_ws/install/ecl_linear_algebra:/home/daisuke/ros2_ws/install/ecl_math:/home/daisuke/ros2_ws/install/ecl_formatters:/home/daisuke/ros2_ws/install/ecl_converters:/home/daisuke/ros2_ws/install/ecl_concepts:/home/daisuke/ros2_ws/install/ecl_type_traits:/home/daisuke/ros2_ws/install/ecl_time:/home/daisuke/ros2_ws/install/ecl_lite:/home/daisuke/ros2_ws/install/ecl_time_lite:/home/daisuke/ros2_ws/install/ecl_sigslots_lite:/home/daisuke/ros2_ws/install/ecl_mpl:/home/daisuke/ros2_ws/install/ecl_io:/home/daisuke/ros2_ws/install/ecl_filesystem:/home/daisuke/ros2_ws/install/ecl_exceptions:/home/daisuke/ros2_ws/install/ecl_errors:/home/daisuke/ros2_ws/install/ecl_eigen:/home/daisuke/ros2_ws/install/ecl_converters_lite:/home/daisuke/ros2_ws/install/ecl_console:/home/daisuke/ros2_ws/install/ecl_config:/home/daisuke/ros2_ws/install/ecl_command_line:/home/daisuke/ros2_ws/install/cmd_vel_mux:/opt/ros/jazzy/opt/gz_math_vendor:/opt/ros/jazzy/opt/gz_utils_vendor:/opt/ros/jazzy/opt/gz_cmake_vendor DEBUGINFOD_URLS=https://debuginfod.ubuntu.com /usr/bin/cmake --build /home/daisuke/unitree_ros_ws/src/point_lio_unilidar_ros2/build/point_lio_unilidar_ros2 -- -j16 -l16
[31.578s] Invoking command in '/home/daisuke/unitree_ros_ws/src/point_lio_unilidar_ros2/build/point_lio_unilidar_ros2': CMAKE_PREFIX_PATH=/home/daisuke/ros2_ws/install/zed_ros2:/home/daisuke/ros2_ws/install/zed_robot_integration:/home/daisuke/ros2_ws/install/zed_ipc:/home/daisuke/ros2_ws/install/zed_multi_camera:/home/daisuke/ros2_ws/install/zed_display_rviz2:/home/daisuke/ros2_ws/install/zed_depth_to_laserscan:/home/daisuke/ros2_ws/install/zed_wrapper:/home/daisuke/ros2_ws/install/zed_tutorial_video:/home/daisuke/ros2_ws/install/zed_tutorial_pos_tracking:/home/daisuke/ros2_ws/install/zed_tutorial_depth:/home/daisuke/ros2_ws/install/zed_topic_benchmark_interfaces:/home/daisuke/ros2_ws/install/zed_rgb_convert:/home/daisuke/ros2_ws/install/zed_aruco_localization:/home/daisuke/ros2_ws/install/zed_components:/home/daisuke/ros2_ws/install/rviz_plugin_zed_od:/home/daisuke/ros2_ws/install/kobuki_ros:/home/daisuke/ros2_ws/install/kobuki_safety_controller:/home/daisuke/ros2_ws/install/kobuki_random_walker:/home/daisuke/ros2_ws/install/kobuki_node:/home/daisuke/ros2_ws/install/kobuki_keyop:/home/daisuke/ros2_ws/install/kobuki_bumper2pc:/home/daisuke/ros2_ws/install/kobuki_auto_docking:/home/daisuke/ros2_ws/install/kobuki_ros_interfaces:/home/daisuke/ros2_ws/install/kobuki_description:/home/daisuke/ros2_ws/install/kobuki_core:/opt/ros/jazzy:/home/daisuke/ros2_ws/install/ekf:/home/daisuke/ros2_ws/install/ecl_core:/home/daisuke/ros2_ws/install/ecl_core_apps:/home/daisuke/ros2_ws/install/ecl_streams:/home/daisuke/ros2_ws/install/ecl_sigslots:/home/daisuke/ros2_ws/install/ecl_ipc:/home/daisuke/ros2_ws/install/ecl_devices:/home/daisuke/ros2_ws/install/ecl_threads:/home/daisuke/ros2_ws/install/ecl_mobile_robot:/home/daisuke/ros2_ws/install/ecl_manipulators:/home/daisuke/ros2_ws/install/ecl_geometry:/home/daisuke/ros2_ws/install/ecl_containers:/home/daisuke/ros2_ws/install/ecl_utilities:/home/daisuke/ros2_ws/install/ecl_statistics:/home/daisuke/ros2_ws/install/ecl_linear_algebra:/home/daisuke/ros2_ws/install/ecl_math:/home/daisuke/ros2_ws/install/ecl_formatters:/home/daisuke/ros2_ws/install/ecl_converters:/home/daisuke/ros2_ws/install/ecl_concepts:/home/daisuke/ros2_ws/install/ecl_type_traits:/home/daisuke/ros2_ws/install/ecl_time:/home/daisuke/ros2_ws/install/ecl_lite:/home/daisuke/ros2_ws/install/ecl_time_lite:/home/daisuke/ros2_ws/install/ecl_sigslots_lite:/home/daisuke/ros2_ws/install/ecl_mpl:/home/daisuke/ros2_ws/install/ecl_io:/home/daisuke/ros2_ws/install/ecl_filesystem:/home/daisuke/ros2_ws/install/ecl_exceptions:/home/daisuke/ros2_ws/install/ecl_errors:/home/daisuke/ros2_ws/install/ecl_eigen:/home/daisuke/ros2_ws/install/ecl_converters_lite:/home/daisuke/ros2_ws/install/ecl_console:/home/daisuke/ros2_ws/install/ecl_config:/home/daisuke/ros2_ws/install/ecl_command_line:/home/daisuke/ros2_ws/install/cmd_vel_mux:/opt/ros/jazzy/opt/gz_math_vendor:/opt/ros/jazzy/opt/gz_utils_vendor:/opt/ros/jazzy/opt/gz_cmake_vendor DEBUGINFOD_URLS=https://debuginfod.ubuntu.com /usr/bin/cmake --install /home/daisuke/unitree_ros_ws/src/point_lio_unilidar_ros2/build/point_lio_unilidar_ros2
[31.584s] -- Install configuration: "Release"
[31.585s] -- Installing: /home/daisuke/unitree_ros_ws/src/point_lio_unilidar_ros2/install/point_lio_unilidar_ros2/lib/point_lio_unilidar_ros2/pointlio_mapping
[31.587s] -- Set non-toolchain portion of runtime path of "/home/daisuke/unitree_ros_ws/src/point_lio_unilidar_ros2/install/point_lio_unilidar_ros2/lib/point_lio_unilidar_ros2/pointlio_mapping" to ""
[31.587s] -- Installing: /home/daisuke/unitree_ros_ws/src/point_lio_unilidar_ros2/install/point_lio_unilidar_ros2/share/point_lio_unilidar_ros2/launch
[31.587s] -- Installing: /home/daisuke/unitree_ros_ws/src/point_lio_unilidar_ros2/install/point_lio_unilidar_ros2/share/point_lio_unilidar_ros2/launch/mapping_avia.launch
[31.587s] -- Installing: /home/daisuke/unitree_ros_ws/src/point_lio_unilidar_ros2/install/point_lio_unilidar_ros2/share/point_lio_unilidar_ros2/launch/mapping_unilidar_l2.launch
[31.587s] -- Installing: /home/daisuke/unitree_ros_ws/src/point_lio_unilidar_ros2/install/point_lio_unilidar_ros2/share/point_lio_unilidar_ros2/launch/mapping_ouster64.launch
[31.587s] -- Installing: /home/daisuke/unitree_ros_ws/src/point_lio_unilidar_ros2/install/point_lio_unilidar_ros2/share/point_lio_unilidar_ros2/launch/mapping_velody16.launch
[31.587s] -- Installing: /home/daisuke/unitree_ros_ws/src/point_lio_unilidar_ros2/install/point_lio_unilidar_ros2/share/point_lio_unilidar_ros2/launch/mapping_unilidar_l1.launch.py
[31.588s] -- Installing: /home/daisuke/unitree_ros_ws/src/point_lio_unilidar_ros2/install/point_lio_unilidar_ros2/share/point_lio_unilidar_ros2/launch/mapping_unilidar_l1.launch
[31.588s] -- Installing: /home/daisuke/unitree_ros_ws/src/point_lio_unilidar_ros2/install/point_lio_unilidar_ros2/share/point_lio_unilidar_ros2/launch/gdb_debug_example.launch
[31.588s] -- Installing: /home/daisuke/unitree_ros_ws/src/point_lio_unilidar_ros2/install/point_lio_unilidar_ros2/share/point_lio_unilidar_ros2/launch/mapping_horizon.launch
[31.588s] -- Installing: /home/daisuke/unitree_ros_ws/src/point_lio_unilidar_ros2/install/point_lio_unilidar_ros2/share/point_lio_unilidar_ros2/config
[31.588s] -- Installing: /home/daisuke/unitree_ros_ws/src/point_lio_unilidar_ros2/install/point_lio_unilidar_ros2/share/point_lio_unilidar_ros2/config/unilidar_l2.yaml
[31.588s] -- Installing: /home/daisuke/unitree_ros_ws/src/point_lio_unilidar_ros2/install/point_lio_unilidar_ros2/share/point_lio_unilidar_ros2/config/horizon.yaml
[31.588s] -- Installing: /home/daisuke/unitree_ros_ws/src/point_lio_unilidar_ros2/install/point_lio_unilidar_ros2/share/point_lio_unilidar_ros2/config/ouster64.yaml
[31.588s] -- Installing: /home/daisuke/unitree_ros_ws/src/point_lio_unilidar_ros2/install/point_lio_unilidar_ros2/share/point_lio_unilidar_ros2/config/avia.yaml
[31.588s] -- Installing: /home/daisuke/unitree_ros_ws/src/point_lio_unilidar_ros2/install/point_lio_unilidar_ros2/share/point_lio_unilidar_ros2/config/velody16.yaml
[31.588s] -- Installing: /home/daisuke/unitree_ros_ws/src/point_lio_unilidar_ros2/install/point_lio_unilidar_ros2/share/point_lio_unilidar_ros2/config/unilidar_l1.yaml
[31.588s] -- Installing: /home/daisuke/unitree_ros_ws/src/point_lio_unilidar_ros2/install/point_lio_unilidar_ros2/share/point_lio_unilidar_ros2/rviz_cfg
[31.589s] -- Installing: /home/daisuke/unitree_ros_ws/src/point_lio_unilidar_ros2/install/point_lio_unilidar_ros2/share/point_lio_unilidar_ros2/rviz_cfg/loam_unilidar_display.rviz
[31.589s] -- Installing: /home/daisuke/unitree_ros_ws/src/point_lio_unilidar_ros2/install/point_lio_unilidar_ros2/share/point_lio_unilidar_ros2/rviz_cfg/loam_unilidar_default.rviz
[31.589s] -- Installing: /home/daisuke/unitree_ros_ws/src/point_lio_unilidar_ros2/install/point_lio_unilidar_ros2/share/point_lio_unilidar_ros2/rviz_cfg/.gitignore
[31.589s] -- Installing: /home/daisuke/unitree_ros_ws/src/point_lio_unilidar_ros2/install/point_lio_unilidar_ros2/share/point_lio_unilidar_ros2/rviz_cfg/loam_livox.rviz
[31.590s] -- Installing: /home/daisuke/unitree_ros_ws/src/point_lio_unilidar_ros2/install/point_lio_unilidar_ros2/share/ament_index/resource_index/package_run_dependencies/point_lio_unilidar_ros2
[31.590s] -- Installing: /home/daisuke/unitree_ros_ws/src/point_lio_unilidar_ros2/install/point_lio_unilidar_ros2/share/ament_index/resource_index/parent_prefix_path/point_lio_unilidar_ros2
[31.591s] -- Installing: /home/daisuke/unitree_ros_ws/src/point_lio_unilidar_ros2/install/point_lio_unilidar_ros2/share/point_lio_unilidar_ros2/environment/ament_prefix_path.sh
[31.591s] -- Installing: /home/daisuke/unitree_ros_ws/src/point_lio_unilidar_ros2/install/point_lio_unilidar_ros2/share/point_lio_unilidar_ros2/environment/ament_prefix_path.dsv
[31.591s] -- Installing: /home/daisuke/unitree_ros_ws/src/point_lio_unilidar_ros2/install/point_lio_unilidar_ros2/share/point_lio_unilidar_ros2/environment/path.sh
[31.591s] -- Installing: /home/daisuke/unitree_ros_ws/src/point_lio_unilidar_ros2/install/point_lio_unilidar_ros2/share/point_lio_unilidar_ros2/environment/path.dsv
[31.592s] -- Installing: /home/daisuke/unitree_ros_ws/src/point_lio_unilidar_ros2/install/point_lio_unilidar_ros2/share/point_lio_unilidar_ros2/local_setup.bash
[31.592s] -- Installing: /home/daisuke/unitree_ros_ws/src/point_lio_unilidar_ros2/install/point_lio_unilidar_ros2/share/point_lio_unilidar_ros2/local_setup.sh
[31.592s] -- Installing: /home/daisuke/unitree_ros_ws/src/point_lio_unilidar_ros2/install/point_lio_unilidar_ros2/share/point_lio_unilidar_ros2/local_setup.zsh
[31.592s] -- Installing: /home/daisuke/unitree_ros_ws/src/point_lio_unilidar_ros2/install/point_lio_unilidar_ros2/share/point_lio_unilidar_ros2/local_setup.dsv
[31.592s] -- Installing: /home/daisuke/unitree_ros_ws/src/point_lio_unilidar_ros2/install/point_lio_unilidar_ros2/share/point_lio_unilidar_ros2/package.dsv
[31.592s] -- Installing: /home/daisuke/unitree_ros_ws/src/point_lio_unilidar_ros2/install/point_lio_unilidar_ros2/share/ament_index/resource_index/packages/point_lio_unilidar_ros2
[31.592s] -- Installing: /home/daisuke/unitree_ros_ws/src/point_lio_unilidar_ros2/install/point_lio_unilidar_ros2/share/point_lio_unilidar_ros2/cmake/point_lio_unilidar_ros2Config.cmake
[31.592s] -- Installing: /home/daisuke/unitree_ros_ws/src/point_lio_unilidar_ros2/install/point_lio_unilidar_ros2/share/point_lio_unilidar_ros2/cmake/point_lio_unilidar_ros2Config-version.cmake
[31.593s] -- Installing: /home/daisuke/unitree_ros_ws/src/point_lio_unilidar_ros2/install/point_lio_unilidar_ros2/share/point_lio_unilidar_ros2/package.xml
[31.595s] Invoked command in '/home/daisuke/unitree_ros_ws/src/point_lio_unilidar_ros2/build/point_lio_unilidar_ros2' returned '0': CMAKE_PREFIX_PATH=/home/daisuke/ros2_ws/install/zed_ros2:/home/daisuke/ros2_ws/install/zed_robot_integration:/home/daisuke/ros2_ws/install/zed_ipc:/home/daisuke/ros2_ws/install/zed_multi_camera:/home/daisuke/ros2_ws/install/zed_display_rviz2:/home/daisuke/ros2_ws/install/zed_depth_to_laserscan:/home/daisuke/ros2_ws/install/zed_wrapper:/home/daisuke/ros2_ws/install/zed_tutorial_video:/home/daisuke/ros2_ws/install/zed_tutorial_pos_tracking:/home/daisuke/ros2_ws/install/zed_tutorial_depth:/home/daisuke/ros2_ws/install/zed_topic_benchmark_interfaces:/home/daisuke/ros2_ws/install/zed_rgb_convert:/home/daisuke/ros2_ws/install/zed_aruco_localization:/home/daisuke/ros2_ws/install/zed_components:/home/daisuke/ros2_ws/install/rviz_plugin_zed_od:/home/daisuke/ros2_ws/install/kobuki_ros:/home/daisuke/ros2_ws/install/kobuki_safety_controller:/home/daisuke/ros2_ws/install/kobuki_random_walker:/home/daisuke/ros2_ws/install/kobuki_node:/home/daisuke/ros2_ws/install/kobuki_keyop:/home/daisuke/ros2_ws/install/kobuki_bumper2pc:/home/daisuke/ros2_ws/install/kobuki_auto_docking:/home/daisuke/ros2_ws/install/kobuki_ros_interfaces:/home/daisuke/ros2_ws/install/kobuki_description:/home/daisuke/ros2_ws/install/kobuki_core:/opt/ros/jazzy:/home/daisuke/ros2_ws/install/ekf:/home/daisuke/ros2_ws/install/ecl_core:/home/daisuke/ros2_ws/install/ecl_core_apps:/home/daisuke/ros2_ws/install/ecl_streams:/home/daisuke/ros2_ws/install/ecl_sigslots:/home/daisuke/ros2_ws/install/ecl_ipc:/home/daisuke/ros2_ws/install/ecl_devices:/home/daisuke/ros2_ws/install/ecl_threads:/home/daisuke/ros2_ws/install/ecl_mobile_robot:/home/daisuke/ros2_ws/install/ecl_manipulators:/home/daisuke/ros2_ws/install/ecl_geometry:/home/daisuke/ros2_ws/install/ecl_containers:/home/daisuke/ros2_ws/install/ecl_utilities:/home/daisuke/ros2_ws/install/ecl_statistics:/home/daisuke/ros2_ws/install/ecl_linear_algebra:/home/daisuke/ros2_ws/install/ecl_math:/home/daisuke/ros2_ws/install/ecl_formatters:/home/daisuke/ros2_ws/install/ecl_converters:/home/daisuke/ros2_ws/install/ecl_concepts:/home/daisuke/ros2_ws/install/ecl_type_traits:/home/daisuke/ros2_ws/install/ecl_time:/home/daisuke/ros2_ws/install/ecl_lite:/home/daisuke/ros2_ws/install/ecl_time_lite:/home/daisuke/ros2_ws/install/ecl_sigslots_lite:/home/daisuke/ros2_ws/install/ecl_mpl:/home/daisuke/ros2_ws/install/ecl_io:/home/daisuke/ros2_ws/install/ecl_filesystem:/home/daisuke/ros2_ws/install/ecl_exceptions:/home/daisuke/ros2_ws/install/ecl_errors:/home/daisuke/ros2_ws/install/ecl_eigen:/home/daisuke/ros2_ws/install/ecl_converters_lite:/home/daisuke/ros2_ws/install/ecl_console:/home/daisuke/ros2_ws/install/ecl_config:/home/daisuke/ros2_ws/install/ecl_command_line:/home/daisuke/ros2_ws/install/cmd_vel_mux:/opt/ros/jazzy/opt/gz_math_vendor:/opt/ros/jazzy/opt/gz_utils_vendor:/opt/ros/jazzy/opt/gz_cmake_vendor DEBUGINFOD_URLS=https://debuginfod.ubuntu.com /usr/bin/cmake --install /home/daisuke/unitree_ros_ws/src/point_lio_unilidar_ros2/build/point_lio_unilidar_ros2
